[15.05.2020 15:43:11] Notiek servera veidošana...
[15.05.2020 15:43:11] Serveris izveidots. Startējam serveri uz porta 20782!
[15.05.2020 15:43:11] Serveris tika veiksmīgi startēts uz porta 20782!
[15.05.2020 15:43:11] Sākam klausīšanos!
[15.05.2020 15:43:20] Jauns savienojums pieņemts [127.0.0.1:63298]
[15.05.2020 15:43:20] Spēlētājs Intars tikko reģistrējās
[15.05.2020 15:43:20] Sūtam Intars viņa statistiku
[15.05.2020 15:43:22] Saņēmām spēles datus no Intars: 0 punkti, 1,21 sekundes
[15.05.2020 15:43:24] Sūtam Intars viņa statistiku
[15.05.2020 15:43:29] Saņēmām spēles datus no Intars: 1 punkti, 3,12 sekundes
[15.05.2020 15:43:29] Spēlētājam Intars jauns augstākais punktu skaits vienā spēlē
[15.05.2020 15:43:38] Saņēmām spēles datus no Intars: 3 punkti, 5,78 sekundes
[15.05.2020 15:43:38] Spēlētājam Intars jauns augstākais punktu skaits vienā spēlē
[15.05.2020 15:43:39] Sūtam Intars viņa statistiku
[15.05.2020 15:43:47] Intars tikko atvienojās no servera, saglabājam viņa spēles datus.
[15.05.2020 15:43:54] Jauns savienojums pieņemts [127.0.0.1:60216]
[15.05.2020 15:43:54] Spēlētājs Lol tikko reģistrējās
[15.05.2020 15:43:54] Sūtam Lol viņa statistiku
[15.05.2020 15:44:05] Saņēmām spēles datus no Lol: 1 punkti, 3,24 sekundes
[15.05.2020 15:44:05] Spēlētājam Lol jauns augstākais punktu skaits vienā spēlē
[15.05.2020 15:44:08] Sūtam Lol viņa statistiku
