[15.05.2020 16:57:03] Notiek servera veidošana...
[15.05.2020 16:57:03] Serveris izveidots. Startējam serveri uz porta 20782!
[15.05.2020 16:57:03] Serveris tika veiksmīgi startēts uz porta 20782!
[15.05.2020 16:57:03] Sākam klausīšanos!
[15.05.2020 17:21:32] Jauns savienojums pieņemts [127.0.0.1:52018]
[15.05.2020 17:21:32] Spēlētājs Intars tikko iegāja savā profilā
[15.05.2020 17:21:33] Sūtam Intars viņa statistiku
[15.05.2020 17:21:35] Sūtam Intars informāciju par top spēlētājiem
[15.05.2020 17:21:35]  Intars 36 Lol 0
[15.05.2020 17:21:35]  Intars 30,06 Lol 0
[15.05.2020 17:21:35]  Intars 28 Lol 0
[15.05.2020 17:23:02] Intars tikko atvienojās no servera, saglabājam viņa spēles datus.
[15.05.2020 17:23:24] Jauns savienojums pieņemts [127.0.0.1:52033]
[15.05.2020 17:23:24] Spēlētājs Intars tikko iegāja savā profilā
[15.05.2020 17:23:24] Sūtam Intars viņa statistiku
[15.05.2020 17:23:26] Sūtam Intars informāciju par top spēlētājiem
[15.05.2020 17:23:26]  Intars 36 Lol 0
[15.05.2020 17:23:26]  Intars 30,06 Lol 0
[15.05.2020 17:23:26]  Intars 28 Lol 0
[15.05.2020 17:24:35] Intars tikko atvienojās no servera, saglabājam viņa spēles datus.
[15.05.2020 17:24:43] Jauns savienojums pieņemts [127.0.0.1:52041]
[15.05.2020 17:24:43] Spēlētājs Intars tikko iegāja savā profilā
[15.05.2020 17:24:43] Sūtam Intars viņa statistiku
[15.05.2020 17:24:44] Sūtam Intars informāciju par top spēlētājiem
[15.05.2020 17:24:44]  Intars 36 Lol 0
[15.05.2020 17:24:44]  Intars 30,06 Lol 0
[15.05.2020 17:24:44]  Intars 28 Lol 0
[15.05.2020 17:25:54] Sūtam Intars informāciju par top spēlētājiem
[15.05.2020 17:25:54]  Intars 36 Lol 0
[15.05.2020 17:25:54]  Intars 30,06 Lol 0
[15.05.2020 17:25:54]  Intars 28 Lol 0
[15.05.2020 17:26:04] Sūtam Intars informāciju par top spēlētājiem
[15.05.2020 17:26:04]  Intars 36 Lol 0
[15.05.2020 17:26:04]  Intars 30,06 Lol 0
[15.05.2020 17:26:04]  Intars 28 Lol 0
[15.05.2020 17:26:06] Sūtam Intars informāciju par top spēlētājiem
[15.05.2020 17:26:06]  Intars 36 Lol 0
[15.05.2020 17:26:06]  Intars 30,06 Lol 0
[15.05.2020 17:26:06]  Intars 28 Lol 0
[15.05.2020 17:26:08] Sūtam Intars informāciju par top spēlētājiem
[15.05.2020 17:26:08]  Intars 36 Lol 0
[15.05.2020 17:26:08]  Intars 30,06 Lol 0
[15.05.2020 17:26:08]  Intars 28 Lol 0
[15.05.2020 17:26:10] Sūtam Intars informāciju par top spēlētājiem
[15.05.2020 17:26:10]  Intars 36 Lol 0
[15.05.2020 17:26:10]  Intars 30,06 Lol 0
[15.05.2020 17:26:10]  Intars 28 Lol 0
[15.05.2020 17:28:42] Intars tikko atvienojās no servera, saglabājam viņa spēles datus.
[15.05.2020 17:31:12] Jauns savienojums pieņemts [127.0.0.1:52415]
[15.05.2020 17:31:12] Spēlētājs Intars tikko iegāja savā profilā
[15.05.2020 17:31:12] Sūtam Intars viņa statistiku
[15.05.2020 17:31:13] Sūtam Intars informāciju par top spēlētājiem
[15.05.2020 17:31:13]  Intars 36 Lol 0
[15.05.2020 17:31:13]  Intars 30,06 Lol 0
[15.05.2020 17:31:13]  Intars 28 Lol 0
[15.05.2020 17:32:31] Intars tikko atvienojās no servera, saglabājam viņa spēles datus.
[15.05.2020 17:32:53] Jauns savienojums pieņemts [127.0.0.1:52533]
[15.05.2020 17:32:53] Spēlētājs Intars tikko iegāja savā profilā
[15.05.2020 17:32:53] Sūtam Intars viņa statistiku
[15.05.2020 17:32:54] Sūtam Intars informāciju par top spēlētājiem
[15.05.2020 17:32:54]  Intars 36 Lol 0
[15.05.2020 17:32:54]  Intars 30,06 Lol 0
[15.05.2020 17:32:54]  Intars 28 Lol 0
[15.05.2020 17:34:59] Intars tikko atvienojās no servera, saglabājam viņa spēles datus.
[15.05.2020 17:39:49] Jauns savienojums pieņemts [127.0.0.1:52896]
[15.05.2020 17:39:49] Spēlētājs Intars tikko iegāja savā profilā
[15.05.2020 17:39:50] Sūtam Intars viņa statistiku
[15.05.2020 17:39:51] Sūtam Intars informāciju par top spēlētājiem
[15.05.2020 17:39:51]  Intars 36 Lol 0
[15.05.2020 17:39:51]  Intars 30,06 Lol 0
[15.05.2020 17:39:51]  Intars 28 Lol 0
[15.05.2020 17:40:07] Sūtam Intars informāciju par top spēlētājiem
[15.05.2020 17:40:07]  Intars 36 Lol 0
[15.05.2020 17:40:07]  Intars 30,06 Lol 0
[15.05.2020 17:40:07]  Intars 28 Lol 0
[15.05.2020 17:40:44] Intars tikko atvienojās no servera, saglabājam viņa spēles datus.
[15.05.2020 17:40:58] Jauns savienojums pieņemts [127.0.0.1:53032]
[15.05.2020 17:40:58] Spēlētājs Intars tikko iegāja savā profilā
[15.05.2020 17:40:58] Sūtam Intars viņa statistiku
[15.05.2020 17:40:59] Sūtam Intars informāciju par top spēlētājiem
[15.05.2020 17:40:59]  Intars 36 Lol 0
[15.05.2020 17:40:59]  Intars 30,06 Lol 0
[15.05.2020 17:40:59]  Intars 28 Lol 0
[15.05.2020 17:41:03] Sūtam Intars informāciju par top spēlētājiem
[15.05.2020 17:41:03]  Intars 36 Lol 0
[15.05.2020 17:41:03]  Intars 30,06 Lol 0
[15.05.2020 17:41:03]  Intars 28 Lol 0
[15.05.2020 17:41:05] Sūtam Intars informāciju par top spēlētājiem
[15.05.2020 17:41:05]  Intars 36 Lol 0
[15.05.2020 17:41:05]  Intars 30,06 Lol 0
[15.05.2020 17:41:05]  Intars 28 Lol 0
[15.05.2020 17:41:10] Intars tikko atvienojās no servera, saglabājam viņa spēles datus.
[15.05.2020 17:41:14] Jauns savienojums pieņemts [127.0.0.1:53037]
[15.05.2020 17:41:14] Kāds centās pierakstīties, bet viņam bija nepareizs nikneims vai parole.
[15.05.2020 17:41:20] Spēlētājs Lol tikko iegāja savā profilā
[15.05.2020 17:41:20] Sūtam Lol viņa statistiku
[15.05.2020 17:41:23] Sūtam Lol informāciju par top spēlētājiem
[15.05.2020 17:41:23]  Intars 36 Lol 0
[15.05.2020 17:41:23]  Intars 30,06 Lol 0
[15.05.2020 17:41:23]  Intars 28 Lol 0
[15.05.2020 17:43:33] Lol tikko atvienojās no servera, saglabājam viņa spēles datus.
[15.05.2020 17:43:41] Jauns savienojums pieņemts [127.0.0.1:53062]
[15.05.2020 17:43:41] Spēlētājs Lol tikko iegāja savā profilā
[15.05.2020 17:43:41] Sūtam Lol viņa statistiku
[15.05.2020 17:43:42] Sūtam Lol informāciju par top spēlētājiem
[15.05.2020 17:43:42]  Intars 36 Lol 0
[15.05.2020 17:43:42]  Intars 30,06 Lol 0
[15.05.2020 17:43:42]  Intars 28 Lol 0
[15.05.2020 17:43:57] Lol tikko atvienojās no servera, saglabājam viņa spēles datus.
[15.05.2020 17:44:04] Jauns savienojums pieņemts [127.0.0.1:53066]
[15.05.2020 17:44:04] Spēlētājs Meh tikko reģistrējās
[15.05.2020 17:44:04] Sūtam Meh viņa statistiku
[15.05.2020 17:44:05] Sūtam Meh informāciju par top spēlētājiem
[15.05.2020 17:44:05]  Intars 36 Lol 0 Meh 0
[15.05.2020 17:44:05]  Intars 30,06 Lol 0 Meh 0
[15.05.2020 17:44:05]  Intars 28 Lol 0 Meh 0
[15.05.2020 17:44:25] Sūtam Meh informāciju par top spēlētājiem
[15.05.2020 17:44:25]  Intars 36 Lol 0 Meh 0
[15.05.2020 17:44:25]  Intars 30,06 Lol 0 Meh 0
[15.05.2020 17:44:25]  Intars 28 Lol 0 Meh 0
[15.05.2020 17:44:29] Meh tikko atvienojās no servera, saglabājam viņa spēles datus.
[15.05.2020 17:44:33] Jauns savienojums pieņemts [127.0.0.1:53069]
[15.05.2020 17:44:33] Spēlētājs fdsf tikko reģistrējās
[15.05.2020 17:44:34] Sūtam fdsf viņa statistiku
[15.05.2020 17:44:34] Sūtam fdsf informāciju par top spēlētājiem
[15.05.2020 17:44:34]  Intars 36 Lol 0 Meh 0 fdsf 0
[15.05.2020 17:44:34]  Intars 30,06 Lol 0 Meh 0 fdsf 0
[15.05.2020 17:44:34]  Intars 28 Lol 0 Meh 0 fdsf 0
[15.05.2020 17:46:11] fdsf tikko atvienojās no servera, saglabājam viņa spēles datus.
[15.05.2020 17:46:19] Jauns savienojums pieņemts [127.0.0.1:53200]
[15.05.2020 17:46:19] Spēlētājs Meh tikko iegāja savā profilā
[15.05.2020 17:46:20] Sūtam Meh viņa statistiku
[15.05.2020 17:46:20] Sūtam Meh informāciju par top spēlētājiem
[15.05.2020 17:46:20]  Intars 36 Lol 0 Meh 0 fdsf 0
[15.05.2020 17:46:20]  Intars 30,06 Lol 0 Meh 0 fdsf 0
[15.05.2020 17:46:20]  Intars 28 Lol 0 Meh 0 fdsf 0
[15.05.2020 17:46:54] Saņēmām spēles datus no Meh: 8 punkti, 14,62 sekundes
[15.05.2020 17:46:54] Spēlētājam Meh jauns augstākais punktu skaits vienā spēlē
[15.05.2020 17:46:54] Sūtam Meh viņa statistiku
[15.05.2020 17:46:56] Sūtam Meh informāciju par top spēlētājiem
[15.05.2020 17:46:56]  Intars 36 Meh 8 Lol 0 fdsf 0
[15.05.2020 17:46:56]  Intars 30,06 Meh 0 Lol 0 fdsf 0
[15.05.2020 17:46:56]  Intars 28 Meh 8 Lol 0 fdsf 0
[15.05.2020 17:48:04] Sūtam Meh informāciju par top spēlētājiem
[15.05.2020 17:48:04]  Intars 36 Meh 8 Lol 0 fdsf 0
[15.05.2020 17:48:04]  Intars 30,06 Meh 0 Lol 0 fdsf 0
[15.05.2020 17:48:04]  Intars 28 Meh 8 Lol 0 fdsf 0
[15.05.2020 17:48:09] Sūtam Meh informāciju par top spēlētājiem
[15.05.2020 17:48:09]  Intars 36 Meh 8 Lol 0 fdsf 0
[15.05.2020 17:48:09]  Intars 30,06 Meh 0 Lol 0 fdsf 0
[15.05.2020 17:48:09]  Intars 28 Meh 8 Lol 0 fdsf 0
[15.05.2020 17:48:13] Meh tikko atvienojās no servera, saglabājam viņa spēles datus.
[15.05.2020 17:48:20] Jauns savienojums pieņemts [127.0.0.1:53207]
[15.05.2020 17:48:20] Spēlētājs Lol tikko iegāja savā profilā
[15.05.2020 17:48:20] Sūtam Lol viņa statistiku
[15.05.2020 17:48:21] Sūtam Lol informāciju par top spēlētājiem
[15.05.2020 17:48:21]  Intars 36 Meh 8 Lol 0 fdsf 0
[15.05.2020 17:48:21]  Intars 30,06 Meh 0 Lol 0 fdsf 0
[15.05.2020 17:48:21]  Intars 28 Meh 8 Lol 0 fdsf 0
[15.05.2020 17:49:04] Saņēmām spēles datus no Lol: 15 punkti, 39,68 sekundes
[15.05.2020 17:49:04] Spēlētājam Lol jauns augstākais punktu skaits vienā spēlē
[15.05.2020 17:49:12] Saņēmām spēles datus no Lol: 6 punkti, 6,24 sekundes
[15.05.2020 17:49:14] Sūtam Lol viņa statistiku
[15.05.2020 17:49:15] Sūtam Lol informāciju par top spēlētājiem
[15.05.2020 17:49:15]  Intars 36 Lol 27 Meh 8 fdsf 0
[15.05.2020 17:49:15]  Intars 30,06 Lol 0 Meh 0 fdsf 0
[15.05.2020 17:49:15]  Intars 28 Lol 15 Meh 8 fdsf 0
[15.05.2020 17:49:22] Sūtam Lol informāciju par top spēlētājiem
[15.05.2020 17:49:22]  Intars 36 Lol 27 Meh 8 fdsf 0
[15.05.2020 17:49:22]  Intars 30,06 Lol 0 Meh 0 fdsf 0
[15.05.2020 17:49:22]  Intars 28 Lol 15 Meh 8 fdsf 0
[15.05.2020 17:49:38] Saņēmām spēles datus no Lol: 6 punkti, 14,4 sekundes
[15.05.2020 17:49:41] Sūtam Lol viņa statistiku
[15.05.2020 17:49:42] Sūtam Lol informāciju par top spēlētājiem
[15.05.2020 17:49:42]  Intars 36 Lol 33 Meh 8 fdsf 0
[15.05.2020 17:49:42]  Intars 30,06 Lol 0 Meh 0 fdsf 0
[15.05.2020 17:49:42]  Intars 28 Lol 15 Meh 8 fdsf 0
[15.05.2020 17:49:47] Sūtam Lol informāciju par top spēlētājiem
[15.05.2020 17:49:47]  Intars 36 Lol 33 Meh 8 fdsf 0
[15.05.2020 17:49:47]  Intars 30,06 Lol 0 Meh 0 fdsf 0
[15.05.2020 17:49:47]  Intars 28 Lol 15 Meh 8 fdsf 0
[15.05.2020 17:49:51] Saņēmām spēles datus no Lol: 1 punkti, 2,47 sekundes
[15.05.2020 17:49:52] Sūtam Lol viņa statistiku
[15.05.2020 17:49:53] Sūtam Lol informāciju par top spēlētājiem
[15.05.2020 17:49:53]  Intars 36 Lol 34 Meh 8 fdsf 0
[15.05.2020 17:49:53]  Intars 30,06 Lol 0 Meh 0 fdsf 0
[15.05.2020 17:49:53]  Intars 28 Lol 15 Meh 8 fdsf 0
[15.05.2020 17:50:08] Saņēmām spēles datus no Lol: 7 punkti, 12,43 sekundes
[15.05.2020 17:50:08] Sūtam Lol viņa statistiku
[15.05.2020 17:50:09] Sūtam Lol informāciju par top spēlētājiem
[15.05.2020 17:50:09]  Lol 41 Intars 36 Meh 8 fdsf 0
[15.05.2020 17:50:09]  Intars 30,06 Lol 0 Meh 0 fdsf 0
[15.05.2020 17:50:09]  Intars 28 Lol 15 Meh 8 fdsf 0
[15.05.2020 17:50:45] Sūtam Lol informāciju par top spēlētājiem
[15.05.2020 17:50:45]  Lol 41 Intars 36 Meh 8 fdsf 0
[15.05.2020 17:50:45]  Intars 30,06 Lol 0 Meh 0 fdsf 0
[15.05.2020 17:50:45]  Intars 28 Lol 15 Meh 8 fdsf 0
[15.05.2020 17:50:48] Saņēmām spēles datus no Lol: 0 punkti, 1,26 sekundes
[15.05.2020 17:51:30] Saņēmām spēles datus no Lol: 17 punkti, 40,61 sekundes
[15.05.2020 17:51:30] Spēlētājam Lol jauns augstākais punktu skaits vienā spēlē
[15.05.2020 17:51:32] Sūtam Lol viņa statistiku
[15.05.2020 17:51:33] Sūtam Lol informāciju par top spēlētājiem
[15.05.2020 17:51:33]  Lol 58 Intars 36 Meh 8 fdsf 0
[15.05.2020 17:51:33]  Intars 30,06 Lol 0 Meh 0 fdsf 0
[15.05.2020 17:51:33]  Intars 28 Lol 17 Meh 8 fdsf 0
[15.05.2020 17:52:34] Sūtam Lol informāciju par top spēlētājiem
[15.05.2020 17:52:34]  Lol 58 Intars 36 Meh 8 fdsf 0
[15.05.2020 17:52:34]  Intars 30,06 Lol 0 Meh 0 fdsf 0
[15.05.2020 17:52:34]  Intars 28 Lol 17 Meh 8 fdsf 0
[15.05.2020 17:56:30] Lol tikko atvienojās no servera, saglabājam viņa spēles datus.
[15.05.2020 18:50:58] Jauns savienojums pieņemts [127.0.0.1:52168]
[15.05.2020 18:50:59] Spēlētājs Intars tikko iegāja savā profilā
[15.05.2020 18:50:59] Sūtam Intars viņa statistiku
[15.05.2020 18:51:05] Sūtam Intars informāciju par top spēlētājiem
[15.05.2020 18:51:05]  Lol 58 Intars 36 Meh 8 fdsf 0
[15.05.2020 18:51:05]  Intars 30,06 Lol 0 Meh 0 fdsf 0
[15.05.2020 18:51:05]  Intars 28 Lol 17 Meh 8 fdsf 0
[15.05.2020 18:51:24] Intars tikko atvienojās no servera, saglabājam viņa spēles datus.
[15.05.2020 18:51:33] Jauns savienojums pieņemts [127.0.0.1:52174]
[15.05.2020 18:51:33] Spēlētājs A tikko reģistrējās
[15.05.2020 18:51:33] Sūtam A viņa statistiku
[15.05.2020 18:51:34] A tikko atvienojās no servera, saglabājam viņa spēles datus.
[15.05.2020 18:51:36] Jauns savienojums pieņemts [127.0.0.1:52180]
[15.05.2020 18:51:36] Spēlētājs fdaf tikko reģistrējās
[15.05.2020 18:51:37] Sūtam fdaf viņa statistiku
[15.05.2020 18:51:37] fdaf tikko atvienojās no servera, saglabājam viņa spēles datus.
[15.05.2020 18:51:40] Jauns savienojums pieņemts [127.0.0.1:52181]
[15.05.2020 18:51:40] Spēlētājs fdafdfsdfs tikko reģistrējās
[15.05.2020 18:51:40] Sūtam fdafdfsdfs viņa statistiku
[15.05.2020 18:51:41] fdafdfsdfs tikko atvienojās no servera, saglabājam viņa spēles datus.
[15.05.2020 18:51:44] Jauns savienojums pieņemts [127.0.0.1:52182]
[15.05.2020 18:51:44] Spēlētājs ehtthrth tikko reģistrējās
[15.05.2020 18:51:44] Sūtam ehtthrth viņa statistiku
[15.05.2020 18:51:45] ehtthrth tikko atvienojās no servera, saglabājam viņa spēles datus.
[15.05.2020 18:51:48] Jauns savienojums pieņemts [127.0.0.1:52185]
[15.05.2020 18:51:48] Spēlētājs aafda tikko reģistrējās
[15.05.2020 18:51:48] Sūtam aafda viņa statistiku
[15.05.2020 18:51:49] aafda tikko atvienojās no servera, saglabājam viņa spēles datus.
[15.05.2020 18:51:52] Jauns savienojums pieņemts [127.0.0.1:52188]
[15.05.2020 18:51:52] Spēlētājs fsdfdsfs tikko reģistrējās
[15.05.2020 18:51:52] Sūtam fsdfdsfs viņa statistiku
[15.05.2020 18:51:53] Sūtam fsdfdsfs informāciju par top spēlētājiem
[15.05.2020 18:51:53]  Lol 58 Intars 36 Meh 8 fdsf 0 A 0 fdaf 0 fdafdfsdfs 0 ehtthrth 0 aafda 0 fsdfdsfs 0
[15.05.2020 18:51:53]  Intars 30,06 Lol 0 Meh 0 fdsf 0 A 0 fdaf 0 fdafdfsdfs 0 ehtthrth 0 aafda 0 fsdfdsfs 0
[15.05.2020 18:51:53]  Intars 28 Lol 17 Meh 8 fdsf 0 A 0 fdaf 0 fdafdfsdfs 0 ehtthrth 0 aafda 0 fsdfdsfs 0
[15.05.2020 18:52:02] fsdfdsfs tikko atvienojās no servera, saglabājam viņa spēles datus.
[15.05.2020 18:52:04] Jauns savienojums pieņemts [127.0.0.1:52196]
[15.05.2020 18:52:04] Spēlētājs dssfsdfsd tikko reģistrējās
[15.05.2020 18:52:04] Sūtam dssfsdfsd viņa statistiku
[15.05.2020 18:52:05] dssfsdfsd tikko atvienojās no servera, saglabājam viņa spēles datus.
[15.05.2020 18:52:07] Jauns savienojums pieņemts [127.0.0.1:52199]
[15.05.2020 18:52:07] Spēlētājs sfdsfs tikko reģistrējās
[15.05.2020 18:52:08] Sūtam sfdsfs viņa statistiku
[15.05.2020 18:52:08] sfdsfs tikko atvienojās no servera, saglabājam viņa spēles datus.
[15.05.2020 18:52:11] Jauns savienojums pieņemts [127.0.0.1:52201]
[15.05.2020 18:52:11] Spēlētājs sdfsfsd tikko reģistrējās
[15.05.2020 18:52:11] Sūtam sdfsfsd viņa statistiku
[15.05.2020 18:52:11] sdfsfsd tikko atvienojās no servera, saglabājam viņa spēles datus.
[15.05.2020 18:52:13] Jauns savienojums pieņemts [127.0.0.1:52202]
[15.05.2020 18:52:13] Spēlētājs fdsfdsf tikko reģistrējās
[15.05.2020 18:52:13] Sūtam fdsfdsf viņa statistiku
[15.05.2020 18:52:14] fdsfdsf tikko atvienojās no servera, saglabājam viņa spēles datus.
[15.05.2020 18:52:16] Jauns savienojums pieņemts [127.0.0.1:52203]
[15.05.2020 18:52:16] Spēlētājs dsfdsfs tikko reģistrējās
[15.05.2020 18:52:16] Sūtam dsfdsfs viņa statistiku
[15.05.2020 18:52:17] dsfdsfs tikko atvienojās no servera, saglabājam viņa spēles datus.
[15.05.2020 18:52:19] Jauns savienojums pieņemts [127.0.0.1:52204]
[15.05.2020 18:52:19] Spēlētājs sdfdsfds tikko reģistrējās
[15.05.2020 18:52:19] Sūtam sdfdsfds viņa statistiku
[15.05.2020 18:52:20] sdfdsfds tikko atvienojās no servera, saglabājam viņa spēles datus.
[15.05.2020 18:52:22] Jauns savienojums pieņemts [127.0.0.1:52205]
[15.05.2020 18:52:22] Spēlētājs fdsfsfs tikko reģistrējās
[15.05.2020 18:52:22] Sūtam fdsfsfs viņa statistiku
[15.05.2020 18:52:22] fdsfsfs tikko atvienojās no servera, saglabājam viņa spēles datus.
[15.05.2020 18:52:25] Jauns savienojums pieņemts [127.0.0.1:52206]
[15.05.2020 18:52:25] Spēlētājs sdfdsfdsf tikko reģistrējās
[15.05.2020 18:52:25] Sūtam sdfdsfdsf viņa statistiku
[15.05.2020 18:52:25] sdfdsfdsf tikko atvienojās no servera, saglabājam viņa spēles datus.
[15.05.2020 18:52:27] Jauns savienojums pieņemts [127.0.0.1:52207]
[15.05.2020 18:52:27] Spēlētājs fdsfdsfs tikko reģistrējās
[15.05.2020 18:52:27] Sūtam fdsfdsfs viņa statistiku
[15.05.2020 18:52:28] fdsfdsfs tikko atvienojās no servera, saglabājam viņa spēles datus.
[15.05.2020 18:52:30] Jauns savienojums pieņemts [127.0.0.1:52221]
[15.05.2020 18:52:30] Kāds centās reģistrēties ar nikneimu fdsfdsfs, bet tāds jau eksistēja
[15.05.2020 18:52:32] Spēlētājs adfsfds tikko reģistrējās
[15.05.2020 18:52:32] Sūtam adfsfds viņa statistiku
[15.05.2020 18:52:33] Sūtam adfsfds informāciju par top spēlētājiem
[15.05.2020 18:52:33]  Lol 58 Intars 36 Meh 8 fdsf 0 A 0 fdaf 0 fdafdfsdfs 0 ehtthrth 0 aafda 0 fsdfdsfs 0 dssfsdfsd 0 sfdsfs 0 sdfsfsd 0 fdsfdsf 0 dsfdsfs 0 sdfdsfds 0 fdsfsfs 0 sdfdsfdsf 0 fdsfdsfs 0 adfsfds 0
[15.05.2020 18:52:33]  Intars 30,06 Lol 0 Meh 0 fdsf 0 A 0 fdaf 0 fdafdfsdfs 0 ehtthrth 0 aafda 0 fsdfdsfs 0 dssfsdfsd 0 sfdsfs 0 sdfsfsd 0 fdsfdsf 0 dsfdsfs 0 sdfdsfds 0 fdsfsfs 0 sdfdsfdsf 0 fdsfdsfs 0 adfsfds 0
[15.05.2020 18:52:33]  Intars 28 Lol 17 Meh 8 fdsf 0 A 0 fdaf 0 fdafdfsdfs 0 ehtthrth 0 aafda 0 fsdfdsfs 0 dssfsdfsd 0 sfdsfs 0 sdfsfsd 0 fdsfdsf 0 dsfdsfs 0 sdfdsfds 0 fdsfsfs 0 sdfdsfdsf 0 fdsfdsfs 0 adfsfds 0
[15.05.2020 18:54:02] adfsfds tikko atvienojās no servera, saglabājam viņa spēles datus.
[15.05.2020 18:54:16] Jauns savienojums pieņemts [127.0.0.1:52255]
[15.05.2020 18:54:17] Spēlētājs Intars tikko iegāja savā profilā
[15.05.2020 18:54:17] Sūtam Intars viņa statistiku
[15.05.2020 18:54:18] Sūtam Intars informāciju par top spēlētājiem
[15.05.2020 18:54:18]  Lol 58 Intars 36 Meh 8 fdsf 0 A 0 fdaf 0 fdafdfsdfs 0 ehtthrth 0 aafda 0 fsdfdsfs 0 dssfsdfsd 0 sfdsfs 0 sdfsfsd 0 fdsfdsf 0 dsfdsfs 0 sdfdsfds 0 fdsfsfs 0 sdfdsfdsf 0 fdsfdsfs 0 adfsfds 0
[15.05.2020 18:54:18]  Intars 30,06 Lol 0 Meh 0 fdsf 0 A 0 fdaf 0 fdafdfsdfs 0 ehtthrth 0 aafda 0 fsdfdsfs 0 dssfsdfsd 0 sfdsfs 0 sdfsfsd 0 fdsfdsf 0 dsfdsfs 0 sdfdsfds 0 fdsfsfs 0 sdfdsfdsf 0 fdsfdsfs 0 adfsfds 0
[15.05.2020 18:54:18]  Intars 28 Lol 17 Meh 8 fdsf 0 A 0 fdaf 0 fdafdfsdfs 0 ehtthrth 0 aafda 0 fsdfdsfs 0 dssfsdfsd 0 sfdsfs 0 sdfsfsd 0 fdsfdsf 0 dsfdsfs 0 sdfdsfds 0 fdsfsfs 0 sdfdsfdsf 0 fdsfdsfs 0 adfsfds 0
[15.05.2020 18:55:15] Intars tikko atvienojās no servera, saglabājam viņa spēles datus.
[15.05.2020 18:55:33] Jauns savienojums pieņemts [127.0.0.1:52294]
[15.05.2020 18:55:34] Spēlētājs Intars tikko iegāja savā profilā
[15.05.2020 18:55:34] Sūtam Intars viņa statistiku
[15.05.2020 18:55:35] Sūtam Intars informāciju par top spēlētājiem
[15.05.2020 18:55:35]  Lol 58 Intars 36 Meh 8 fdsf 0 A 0 fdaf 0 fdafdfsdfs 0 ehtthrth 0 aafda 0 fsdfdsfs 0 dssfsdfsd 0 sfdsfs 0 sdfsfsd 0 fdsfdsf 0 dsfdsfs 0 sdfdsfds 0 fdsfsfs 0 sdfdsfdsf 0 fdsfdsfs 0 adfsfds 0
[15.05.2020 18:55:35]  Intars 30,06 Lol 0 Meh 0 fdsf 0 A 0 fdaf 0 fdafdfsdfs 0 ehtthrth 0 aafda 0 fsdfdsfs 0 dssfsdfsd 0 sfdsfs 0 sdfsfsd 0 fdsfdsf 0 dsfdsfs 0 sdfdsfds 0 fdsfsfs 0 sdfdsfdsf 0 fdsfdsfs 0 adfsfds 0
[15.05.2020 18:55:35]  Intars 28 Lol 17 Meh 8 fdsf 0 A 0 fdaf 0 fdafdfsdfs 0 ehtthrth 0 aafda 0 fsdfdsfs 0 dssfsdfsd 0 sfdsfs 0 sdfsfsd 0 fdsfdsf 0 dsfdsfs 0 sdfdsfds 0 fdsfsfs 0 sdfdsfdsf 0 fdsfdsfs 0 adfsfds 0
[15.05.2020 18:58:31] Intars tikko atvienojās no servera, saglabājam viņa spēles datus.
[15.05.2020 18:59:01] Jauns savienojums pieņemts [127.0.0.1:52633]
[15.05.2020 18:59:01] Spēlētājs Intars tikko iegāja savā profilā
[15.05.2020 18:59:01] Sūtam Intars viņa statistiku
[15.05.2020 18:59:02] Sūtam Intars informāciju par top spēlētājiem
[15.05.2020 18:59:02]  Lol 58 Intars 36 Meh 8 fdsf 0 A 0 fdaf 0 fdafdfsdfs 0 ehtthrth 0 aafda 0 fsdfdsfs 0 dssfsdfsd 0 sfdsfs 0 sdfsfsd 0 fdsfdsf 0 dsfdsfs 0 sdfdsfds 0 fdsfsfs 0 sdfdsfdsf 0 fdsfdsfs 0 adfsfds 0
[15.05.2020 18:59:02]  Intars 30,06 Lol 0 Meh 0 fdsf 0 A 0 fdaf 0 fdafdfsdfs 0 ehtthrth 0 aafda 0 fsdfdsfs 0 dssfsdfsd 0 sfdsfs 0 sdfsfsd 0 fdsfdsf 0 dsfdsfs 0 sdfdsfds 0 fdsfsfs 0 sdfdsfdsf 0 fdsfdsfs 0 adfsfds 0
[15.05.2020 18:59:02]  Intars 28 Lol 17 Meh 8 fdsf 0 A 0 fdaf 0 fdafdfsdfs 0 ehtthrth 0 aafda 0 fsdfdsfs 0 dssfsdfsd 0 sfdsfs 0 sdfsfsd 0 fdsfdsf 0 dsfdsfs 0 sdfdsfds 0 fdsfsfs 0 sdfdsfdsf 0 fdsfdsfs 0 adfsfds 0
[15.05.2020 19:00:09] Intars tikko atvienojās no servera, saglabājam viņa spēles datus.
[15.05.2020 19:00:10] Jauns savienojums pieņemts [127.0.0.1:52675]
[15.05.2020 19:00:10] Spēlētājs Intars tikko iegāja savā profilā
[15.05.2020 19:00:10] Sūtam Intars viņa statistiku
[15.05.2020 19:00:13] Sūtam Intars informāciju par top spēlētājiem
[15.05.2020 19:00:13]  Lol 58 Intars 36 Meh 8 fdsf 0 A 0 fdaf 0 fdafdfsdfs 0 ehtthrth 0 aafda 0 fsdfdsfs 0 dssfsdfsd 0 sfdsfs 0 sdfsfsd 0 fdsfdsf 0 dsfdsfs 0 sdfdsfds 0 fdsfsfs 0 sdfdsfdsf 0 fdsfdsfs 0 adfsfds 0
[15.05.2020 19:00:13]  Intars 30,06 Lol 0 Meh 0 fdsf 0 A 0 fdaf 0 fdafdfsdfs 0 ehtthrth 0 aafda 0 fsdfdsfs 0 dssfsdfsd 0 sfdsfs 0 sdfsfsd 0 fdsfdsf 0 dsfdsfs 0 sdfdsfds 0 fdsfsfs 0 sdfdsfdsf 0 fdsfdsfs 0 adfsfds 0
[15.05.2020 19:00:13]  Intars 28 Lol 17 Meh 8 fdsf 0 A 0 fdaf 0 fdafdfsdfs 0 ehtthrth 0 aafda 0 fsdfdsfs 0 dssfsdfsd 0 sfdsfs 0 sdfsfsd 0 fdsfdsf 0 dsfdsfs 0 sdfdsfds 0 fdsfsfs 0 sdfdsfdsf 0 fdsfdsfs 0 adfsfds 0
[15.05.2020 19:00:18] Sūtam Intars informāciju par top spēlētājiem
[15.05.2020 19:00:18]  Lol 58 Intars 36 Meh 8 fdsf 0 A 0 fdaf 0 fdafdfsdfs 0 ehtthrth 0 aafda 0 fsdfdsfs 0 dssfsdfsd 0 sfdsfs 0 sdfsfsd 0 fdsfdsf 0 dsfdsfs 0 sdfdsfds 0 fdsfsfs 0 sdfdsfdsf 0 fdsfdsfs 0 adfsfds 0
[15.05.2020 19:00:18]  Intars 30,06 Lol 0 Meh 0 fdsf 0 A 0 fdaf 0 fdafdfsdfs 0 ehtthrth 0 aafda 0 fsdfdsfs 0 dssfsdfsd 0 sfdsfs 0 sdfsfsd 0 fdsfdsf 0 dsfdsfs 0 sdfdsfds 0 fdsfsfs 0 sdfdsfdsf 0 fdsfdsfs 0 adfsfds 0
[15.05.2020 19:00:18]  Intars 28 Lol 17 Meh 8 fdsf 0 A 0 fdaf 0 fdafdfsdfs 0 ehtthrth 0 aafda 0 fsdfdsfs 0 dssfsdfsd 0 sfdsfs 0 sdfsfsd 0 fdsfdsf 0 dsfdsfs 0 sdfdsfds 0 fdsfsfs 0 sdfdsfdsf 0 fdsfdsfs 0 adfsfds 0
[15.05.2020 19:01:18] Sūtam Intars informāciju par top spēlētājiem
[15.05.2020 19:01:18]  Lol 58 Intars 36 Meh 8 fdsf 0 A 0 fdaf 0 fdafdfsdfs 0 ehtthrth 0 aafda 0 fsdfdsfs 0 dssfsdfsd 0 sfdsfs 0 sdfsfsd 0 fdsfdsf 0 dsfdsfs 0 sdfdsfds 0 fdsfsfs 0 sdfdsfdsf 0 fdsfdsfs 0 adfsfds 0
[15.05.2020 19:01:18]  Intars 30,06 Lol 0 Meh 0 fdsf 0 A 0 fdaf 0 fdafdfsdfs 0 ehtthrth 0 aafda 0 fsdfdsfs 0 dssfsdfsd 0 sfdsfs 0 sdfsfsd 0 fdsfdsf 0 dsfdsfs 0 sdfdsfds 0 fdsfsfs 0 sdfdsfdsf 0 fdsfdsfs 0 adfsfds 0
[15.05.2020 19:01:18]  Intars 28 Lol 17 Meh 8 fdsf 0 A 0 fdaf 0 fdafdfsdfs 0 ehtthrth 0 aafda 0 fsdfdsfs 0 dssfsdfsd 0 sfdsfs 0 sdfsfsd 0 fdsfdsf 0 dsfdsfs 0 sdfdsfds 0 fdsfsfs 0 sdfdsfdsf 0 fdsfdsfs 0 adfsfds 0
[15.05.2020 19:01:20] Sūtam Intars informāciju par top spēlētājiem
[15.05.2020 19:01:20]  Lol 58 Intars 36 Meh 8 fdsf 0 A 0 fdaf 0 fdafdfsdfs 0 ehtthrth 0 aafda 0 fsdfdsfs 0 dssfsdfsd 0 sfdsfs 0 sdfsfsd 0 fdsfdsf 0 dsfdsfs 0 sdfdsfds 0 fdsfsfs 0 sdfdsfdsf 0 fdsfdsfs 0 adfsfds 0
[15.05.2020 19:01:20]  Intars 30,06 Lol 0 Meh 0 fdsf 0 A 0 fdaf 0 fdafdfsdfs 0 ehtthrth 0 aafda 0 fsdfdsfs 0 dssfsdfsd 0 sfdsfs 0 sdfsfsd 0 fdsfdsf 0 dsfdsfs 0 sdfdsfds 0 fdsfsfs 0 sdfdsfdsf 0 fdsfdsfs 0 adfsfds 0
[15.05.2020 19:01:20]  Intars 28 Lol 17 Meh 8 fdsf 0 A 0 fdaf 0 fdafdfsdfs 0 ehtthrth 0 aafda 0 fsdfdsfs 0 dssfsdfsd 0 sfdsfs 0 sdfsfsd 0 fdsfdsf 0 dsfdsfs 0 sdfdsfds 0 fdsfsfs 0 sdfdsfdsf 0 fdsfdsfs 0 adfsfds 0
[15.05.2020 19:01:36] Saņēmām spēles datus no Intars: 7 punkti, 13,59 sekundes
[15.05.2020 19:01:56] Saņēmām spēles datus no Intars: 10 punkti, 18,14 sekundes
[15.05.2020 19:02:00] Sūtam Intars viņa statistiku
[15.05.2020 19:02:02] Sūtam Intars informāciju par top spēlētājiem
[15.05.2020 19:02:02]  Lol 58 Intars 53 Meh 8 fdsf 0 A 0 fdaf 0 fdafdfsdfs 0 ehtthrth 0 aafda 0 fsdfdsfs 0 dssfsdfsd 0 sfdsfs 0 sdfsfsd 0 fdsfdsf 0 dsfdsfs 0 sdfdsfds 0 fdsfsfs 0 sdfdsfdsf 0 fdsfdsfs 0 adfsfds 0
[15.05.2020 19:02:02]  Intars 30,06 Lol 0 Meh 0 fdsf 0 A 0 fdaf 0 fdafdfsdfs 0 ehtthrth 0 aafda 0 fsdfdsfs 0 dssfsdfsd 0 sfdsfs 0 sdfsfsd 0 fdsfdsf 0 dsfdsfs 0 sdfdsfds 0 fdsfsfs 0 sdfdsfdsf 0 fdsfdsfs 0 adfsfds 0
[15.05.2020 19:02:02]  Intars 28 Lol 17 Meh 8 fdsf 0 A 0 fdaf 0 fdafdfsdfs 0 ehtthrth 0 aafda 0 fsdfdsfs 0 dssfsdfsd 0 sfdsfs 0 sdfsfsd 0 fdsfdsf 0 dsfdsfs 0 sdfdsfds 0 fdsfsfs 0 sdfdsfdsf 0 fdsfdsfs 0 adfsfds 0
[15.05.2020 19:03:03] Sūtam Intars informāciju par top spēlētājiem
[15.05.2020 19:03:03]  Lol 58 Intars 53 Meh 8 fdsf 0 A 0 fdaf 0 fdafdfsdfs 0 ehtthrth 0 aafda 0 fsdfdsfs 0 dssfsdfsd 0 sfdsfs 0 sdfsfsd 0 fdsfdsf 0 dsfdsfs 0 sdfdsfds 0 fdsfsfs 0 sdfdsfdsf 0 fdsfdsfs 0 adfsfds 0
[15.05.2020 19:03:03]  Intars 30,06 Lol 0 Meh 0 fdsf 0 A 0 fdaf 0 fdafdfsdfs 0 ehtthrth 0 aafda 0 fsdfdsfs 0 dssfsdfsd 0 sfdsfs 0 sdfsfsd 0 fdsfdsf 0 dsfdsfs 0 sdfdsfds 0 fdsfsfs 0 sdfdsfdsf 0 fdsfdsfs 0 adfsfds 0
[15.05.2020 19:03:03]  Intars 28 Lol 17 Meh 8 fdsf 0 A 0 fdaf 0 fdafdfsdfs 0 ehtthrth 0 aafda 0 fsdfdsfs 0 dssfsdfsd 0 sfdsfs 0 sdfsfsd 0 fdsfdsf 0 dsfdsfs 0 sdfdsfds 0 fdsfsfs 0 sdfdsfdsf 0 fdsfdsfs 0 adfsfds 0
[15.05.2020 19:03:05] Sūtam Intars informāciju par top spēlētājiem
[15.05.2020 19:03:05]  Lol 58 Intars 53 Meh 8 fdsf 0 A 0 fdaf 0 fdafdfsdfs 0 ehtthrth 0 aafda 0 fsdfdsfs 0 dssfsdfsd 0 sfdsfs 0 sdfsfsd 0 fdsfdsf 0 dsfdsfs 0 sdfdsfds 0 fdsfsfs 0 sdfdsfdsf 0 fdsfdsfs 0 adfsfds 0
[15.05.2020 19:03:05]  Intars 30,06 Lol 0 Meh 0 fdsf 0 A 0 fdaf 0 fdafdfsdfs 0 ehtthrth 0 aafda 0 fsdfdsfs 0 dssfsdfsd 0 sfdsfs 0 sdfsfsd 0 fdsfdsf 0 dsfdsfs 0 sdfdsfds 0 fdsfsfs 0 sdfdsfdsf 0 fdsfdsfs 0 adfsfds 0
[15.05.2020 19:03:05]  Intars 28 Lol 17 Meh 8 fdsf 0 A 0 fdaf 0 fdafdfsdfs 0 ehtthrth 0 aafda 0 fsdfdsfs 0 dssfsdfsd 0 sfdsfs 0 sdfsfsd 0 fdsfdsf 0 dsfdsfs 0 sdfdsfds 0 fdsfsfs 0 sdfdsfdsf 0 fdsfdsfs 0 adfsfds 0
[15.05.2020 19:03:11] Intars tikko atvienojās no servera, saglabājam viņa spēles datus.
[15.05.2020 19:03:21] Jauns savienojums pieņemts [127.0.0.1:52895]
[15.05.2020 19:03:21] Spēlētājs Intars tikko iegāja savā profilā
[15.05.2020 19:03:21] Sūtam Intars viņa statistiku
[15.05.2020 19:03:22] Sūtam Intars informāciju par top spēlētājiem
[15.05.2020 19:03:22]  Lol 58 Intars 53 Meh 8 fdsf 0 A 0 fdaf 0 fdafdfsdfs 0 ehtthrth 0 aafda 0 fsdfdsfs 0 dssfsdfsd 0 sfdsfs 0 sdfsfsd 0 fdsfdsf 0 dsfdsfs 0 sdfdsfds 0 fdsfsfs 0 sdfdsfdsf 0 fdsfdsfs 0 adfsfds 0
[15.05.2020 19:03:22]  Intars 30,06 Lol 0 Meh 0 fdsf 0 A 0 fdaf 0 fdafdfsdfs 0 ehtthrth 0 aafda 0 fsdfdsfs 0 dssfsdfsd 0 sfdsfs 0 sdfsfsd 0 fdsfdsf 0 dsfdsfs 0 sdfdsfds 0 fdsfsfs 0 sdfdsfdsf 0 fdsfdsfs 0 adfsfds 0
[15.05.2020 19:03:22]  Intars 28 Lol 17 Meh 8 fdsf 0 A 0 fdaf 0 fdafdfsdfs 0 ehtthrth 0 aafda 0 fsdfdsfs 0 dssfsdfsd 0 sfdsfs 0 sdfsfsd 0 fdsfdsf 0 dsfdsfs 0 sdfdsfds 0 fdsfsfs 0 sdfdsfdsf 0 fdsfdsfs 0 adfsfds 0
[15.05.2020 19:03:35] Intars tikko atvienojās no servera, saglabājam viņa spēles datus.
[15.05.2020 19:13:30] Jauns savienojums pieņemts [127.0.0.1:53345]
[15.05.2020 19:13:30] Spēlētājs Intars tikko iegāja savā profilā
[15.05.2020 19:13:30] Sūtam Intars viņa statistiku
[15.05.2020 19:13:31] Sūtam Intars informāciju par top spēlētājiem
[15.05.2020 19:13:31]  Lol 58 Intars 53 Meh 8 fdsf 0 A 0 fdaf 0 fdafdfsdfs 0 ehtthrth 0 aafda 0 fsdfdsfs 0 dssfsdfsd 0 sfdsfs 0 sdfsfsd 0 fdsfdsf 0 dsfdsfs 0 sdfdsfds 0 fdsfsfs 0 sdfdsfdsf 0 fdsfdsfs 0 adfsfds 0
[15.05.2020 19:13:31]  Intars 30,06 Lol 0 Meh 0 fdsf 0 A 0 fdaf 0 fdafdfsdfs 0 ehtthrth 0 aafda 0 fsdfdsfs 0 dssfsdfsd 0 sfdsfs 0 sdfsfsd 0 fdsfdsf 0 dsfdsfs 0 sdfdsfds 0 fdsfsfs 0 sdfdsfdsf 0 fdsfdsfs 0 adfsfds 0
[15.05.2020 19:13:31]  Intars 28 Lol 17 Meh 8 fdsf 0 A 0 fdaf 0 fdafdfsdfs 0 ehtthrth 0 aafda 0 fsdfdsfs 0 dssfsdfsd 0 sfdsfs 0 sdfsfsd 0 fdsfdsf 0 dsfdsfs 0 sdfdsfds 0 fdsfsfs 0 sdfdsfdsf 0 fdsfdsfs 0 adfsfds 0
[15.05.2020 19:13:50] Intars tikko atvienojās no servera, saglabājam viņa spēles datus.
[15.05.2020 19:13:55] Jauns savienojums pieņemts [127.0.0.1:53357]
[15.05.2020 19:13:56] Spēlētājs Intars tikko iegāja savā profilā
[15.05.2020 19:13:56] Sūtam Intars viņa statistiku
[15.05.2020 19:13:56] Sūtam Intars informāciju par top spēlētājiem
[15.05.2020 19:13:56]  Lol 58 Intars 53 Meh 8 fdsf 0 A 0 fdaf 0 fdafdfsdfs 0 ehtthrth 0 aafda 0 fsdfdsfs 0 dssfsdfsd 0 sfdsfs 0 sdfsfsd 0 fdsfdsf 0 dsfdsfs 0 sdfdsfds 0 fdsfsfs 0 sdfdsfdsf 0 fdsfdsfs 0 adfsfds 0
[15.05.2020 19:13:56]  Intars 30,06 Lol 0 Meh 0 fdsf 0 A 0 fdaf 0 fdafdfsdfs 0 ehtthrth 0 aafda 0 fsdfdsfs 0 dssfsdfsd 0 sfdsfs 0 sdfsfsd 0 fdsfdsf 0 dsfdsfs 0 sdfdsfds 0 fdsfsfs 0 sdfdsfdsf 0 fdsfdsfs 0 adfsfds 0
[15.05.2020 19:13:56]  Intars 28 Lol 17 Meh 8 fdsf 0 A 0 fdaf 0 fdafdfsdfs 0 ehtthrth 0 aafda 0 fsdfdsfs 0 dssfsdfsd 0 sfdsfs 0 sdfsfsd 0 fdsfdsf 0 dsfdsfs 0 sdfdsfds 0 fdsfsfs 0 sdfdsfdsf 0 fdsfdsfs 0 adfsfds 0
[15.05.2020 19:14:18] Sūtam Intars informāciju par top spēlētājiem
[15.05.2020 19:14:18]  Lol 58 Intars 53 Meh 8 fdsf 0 A 0 fdaf 0 fdafdfsdfs 0 ehtthrth 0 aafda 0 fsdfdsfs 0 dssfsdfsd 0 sfdsfs 0 sdfsfsd 0 fdsfdsf 0 dsfdsfs 0 sdfdsfds 0 fdsfsfs 0 sdfdsfdsf 0 fdsfdsfs 0 adfsfds 0
[15.05.2020 19:14:18]  Intars 30,06 Lol 0 Meh 0 fdsf 0 A 0 fdaf 0 fdafdfsdfs 0 ehtthrth 0 aafda 0 fsdfdsfs 0 dssfsdfsd 0 sfdsfs 0 sdfsfsd 0 fdsfdsf 0 dsfdsfs 0 sdfdsfds 0 fdsfsfs 0 sdfdsfdsf 0 fdsfdsfs 0 adfsfds 0
[15.05.2020 19:14:18]  Intars 28 Lol 17 Meh 8 fdsf 0 A 0 fdaf 0 fdafdfsdfs 0 ehtthrth 0 aafda 0 fsdfdsfs 0 dssfsdfsd 0 sfdsfs 0 sdfsfsd 0 fdsfdsf 0 dsfdsfs 0 sdfdsfds 0 fdsfsfs 0 sdfdsfdsf 0 fdsfdsfs 0 adfsfds 0
[15.05.2020 19:14:20] Sūtam Intars informāciju par top spēlētājiem
[15.05.2020 19:14:20]  Lol 58 Intars 53 Meh 8 fdsf 0 A 0 fdaf 0 fdafdfsdfs 0 ehtthrth 0 aafda 0 fsdfdsfs 0 dssfsdfsd 0 sfdsfs 0 sdfsfsd 0 fdsfdsf 0 dsfdsfs 0 sdfdsfds 0 fdsfsfs 0 sdfdsfdsf 0 fdsfdsfs 0 adfsfds 0
[15.05.2020 19:14:20]  Intars 30,06 Lol 0 Meh 0 fdsf 0 A 0 fdaf 0 fdafdfsdfs 0 ehtthrth 0 aafda 0 fsdfdsfs 0 dssfsdfsd 0 sfdsfs 0 sdfsfsd 0 fdsfdsf 0 dsfdsfs 0 sdfdsfds 0 fdsfsfs 0 sdfdsfdsf 0 fdsfdsfs 0 adfsfds 0
[15.05.2020 19:14:20]  Intars 28 Lol 17 Meh 8 fdsf 0 A 0 fdaf 0 fdafdfsdfs 0 ehtthrth 0 aafda 0 fsdfdsfs 0 dssfsdfsd 0 sfdsfs 0 sdfsfsd 0 fdsfdsf 0 dsfdsfs 0 sdfdsfds 0 fdsfsfs 0 sdfdsfdsf 0 fdsfdsfs 0 adfsfds 0
[15.05.2020 19:14:24] Sūtam Intars informāciju par top spēlētājiem
[15.05.2020 19:14:24]  Lol 58 Intars 53 Meh 8 fdsf 0 A 0 fdaf 0 fdafdfsdfs 0 ehtthrth 0 aafda 0 fsdfdsfs 0 dssfsdfsd 0 sfdsfs 0 sdfsfsd 0 fdsfdsf 0 dsfdsfs 0 sdfdsfds 0 fdsfsfs 0 sdfdsfdsf 0 fdsfdsfs 0 adfsfds 0
[15.05.2020 19:14:24]  Intars 30,06 Lol 0 Meh 0 fdsf 0 A 0 fdaf 0 fdafdfsdfs 0 ehtthrth 0 aafda 0 fsdfdsfs 0 dssfsdfsd 0 sfdsfs 0 sdfsfsd 0 fdsfdsf 0 dsfdsfs 0 sdfdsfds 0 fdsfsfs 0 sdfdsfdsf 0 fdsfdsfs 0 adfsfds 0
[15.05.2020 19:14:24]  Intars 28 Lol 17 Meh 8 fdsf 0 A 0 fdaf 0 fdafdfsdfs 0 ehtthrth 0 aafda 0 fsdfdsfs 0 dssfsdfsd 0 sfdsfs 0 sdfsfsd 0 fdsfdsf 0 dsfdsfs 0 sdfdsfds 0 fdsfsfs 0 sdfdsfdsf 0 fdsfdsfs 0 adfsfds 0
[15.05.2020 19:14:33] Saņēmām spēles datus no Intars: 5 punkti, 6,78 sekundes
[15.05.2020 19:14:48] Intars tikko atvienojās no servera, saglabājam viņa spēles datus.
[15.05.2020 19:15:06] Jauns savienojums pieņemts [127.0.0.1:53372]
[15.05.2020 19:15:07] Spēlētājs Intars tikko iegāja savā profilā
[15.05.2020 19:15:07] Sūtam Intars viņa statistiku
[15.05.2020 19:15:08] Sūtam Intars informāciju par top spēlētājiem
[15.05.2020 19:15:08]  Lol 58 Intars 58 Meh 8 fdsf 0 A 0 fdaf 0 fdafdfsdfs 0 ehtthrth 0 aafda 0 fsdfdsfs 0 dssfsdfsd 0 sfdsfs 0 sdfsfsd 0 fdsfdsf 0 dsfdsfs 0 sdfdsfds 0 fdsfsfs 0 sdfdsfdsf 0 fdsfdsfs 0 adfsfds 0
[15.05.2020 19:15:08]  Intars 30,06 Lol 0 Meh 0 fdsf 0 A 0 fdaf 0 fdafdfsdfs 0 ehtthrth 0 aafda 0 fsdfdsfs 0 dssfsdfsd 0 sfdsfs 0 sdfsfsd 0 fdsfdsf 0 dsfdsfs 0 sdfdsfds 0 fdsfsfs 0 sdfdsfdsf 0 fdsfdsfs 0 adfsfds 0
[15.05.2020 19:15:08]  Intars 28 Lol 17 Meh 8 fdsf 0 A 0 fdaf 0 fdafdfsdfs 0 ehtthrth 0 aafda 0 fsdfdsfs 0 dssfsdfsd 0 sfdsfs 0 sdfsfsd 0 fdsfdsf 0 dsfdsfs 0 sdfdsfds 0 fdsfsfs 0 sdfdsfdsf 0 fdsfdsfs 0 adfsfds 0
[15.05.2020 19:15:36] Intars tikko atvienojās no servera, saglabājam viņa spēles datus.
[15.05.2020 19:16:09] Jauns savienojums pieņemts [127.0.0.1:53505]
[15.05.2020 19:19:53] Kāds atvienojās no servera
[15.05.2020 19:20:32] Jauns savienojums pieņemts [127.0.0.1:53618]
[15.05.2020 19:21:25] Kāds atvienojās no servera
[15.05.2020 19:22:33] Jauns savienojums pieņemts [127.0.0.1:53874]
[15.05.2020 19:23:14] Kāds atvienojās no servera
[15.05.2020 19:24:01] Jauns savienojums pieņemts [127.0.0.1:53917]
[15.05.2020 19:24:08] Spēlētājs Intars tikko iegāja savā profilā
[15.05.2020 19:24:08] Sūtam Intars viņa statistiku
[15.05.2020 19:24:14] Sūtam Intars informāciju par top spēlētājiem
[15.05.2020 19:24:14]  Lol 58 Intars 58 Meh 8 fdsf 0 A 0 fdaf 0 fdafdfsdfs 0 ehtthrth 0 aafda 0 fsdfdsfs 0 dssfsdfsd 0 sfdsfs 0 sdfsfsd 0 fdsfdsf 0 dsfdsfs 0 sdfdsfds 0 fdsfsfs 0 sdfdsfdsf 0 fdsfdsfs 0 adfsfds 0
[15.05.2020 19:24:14]  Intars 30,06 Lol 0 Meh 0 fdsf 0 A 0 fdaf 0 fdafdfsdfs 0 ehtthrth 0 aafda 0 fsdfdsfs 0 dssfsdfsd 0 sfdsfs 0 sdfsfsd 0 fdsfdsf 0 dsfdsfs 0 sdfdsfds 0 fdsfsfs 0 sdfdsfdsf 0 fdsfdsfs 0 adfsfds 0
[15.05.2020 19:24:14]  Intars 28 Lol 17 Meh 8 fdsf 0 A 0 fdaf 0 fdafdfsdfs 0 ehtthrth 0 aafda 0 fsdfdsfs 0 dssfsdfsd 0 sfdsfs 0 sdfsfsd 0 fdsfdsf 0 dsfdsfs 0 sdfdsfds 0 fdsfsfs 0 sdfdsfdsf 0 fdsfdsfs 0 adfsfds 0
[15.05.2020 19:24:25] Intars tikko atvienojās no servera, saglabājam viņa spēles datus.
[15.05.2020 19:25:00] Jauns savienojums pieņemts [127.0.0.1:53932]
[15.05.2020 19:25:00] Spēlētājs Intars tikko iegāja savā profilā
[15.05.2020 19:25:00] Sūtam Intars viņa statistiku
[15.05.2020 19:25:04] Sūtam Intars informāciju par top spēlētājiem
[15.05.2020 19:25:04]  Lol 58 Intars 58 Meh 8 fdsf 0 A 0 fdaf 0 fdafdfsdfs 0 ehtthrth 0 aafda 0 fsdfdsfs 0 dssfsdfsd 0 sfdsfs 0 sdfsfsd 0 fdsfdsf 0 dsfdsfs 0 sdfdsfds 0 fdsfsfs 0 sdfdsfdsf 0 fdsfdsfs 0 adfsfds 0
[15.05.2020 19:25:04]  Intars 30,06 Lol 0 Meh 0 fdsf 0 A 0 fdaf 0 fdafdfsdfs 0 ehtthrth 0 aafda 0 fsdfdsfs 0 dssfsdfsd 0 sfdsfs 0 sdfsfsd 0 fdsfdsf 0 dsfdsfs 0 sdfdsfds 0 fdsfsfs 0 sdfdsfdsf 0 fdsfdsfs 0 adfsfds 0
[15.05.2020 19:25:04]  Intars 28 Lol 17 Meh 8 fdsf 0 A 0 fdaf 0 fdafdfsdfs 0 ehtthrth 0 aafda 0 fsdfdsfs 0 dssfsdfsd 0 sfdsfs 0 sdfsfsd 0 fdsfdsf 0 dsfdsfs 0 sdfdsfds 0 fdsfsfs 0 sdfdsfdsf 0 fdsfdsfs 0 adfsfds 0
[15.05.2020 19:25:15] Saņēmām spēles datus no Intars: 2 punkti, 3,8 sekundes
[15.05.2020 19:25:20] Sūtam Intars viņa statistiku
[15.05.2020 19:25:30] Sūtam Intars informāciju par top spēlētājiem
[15.05.2020 19:25:30]  Intars 60 Lol 58 Meh 8 fdsf 0 A 0 fdaf 0 fdafdfsdfs 0 ehtthrth 0 aafda 0 fsdfdsfs 0 dssfsdfsd 0 sfdsfs 0 sdfsfsd 0 fdsfdsf 0 dsfdsfs 0 sdfdsfds 0 fdsfsfs 0 sdfdsfdsf 0 fdsfdsfs 0 adfsfds 0
[15.05.2020 19:25:30]  Intars 30,06 Lol 0 Meh 0 fdsf 0 A 0 fdaf 0 fdafdfsdfs 0 ehtthrth 0 aafda 0 fsdfdsfs 0 dssfsdfsd 0 sfdsfs 0 sdfsfsd 0 fdsfdsf 0 dsfdsfs 0 sdfdsfds 0 fdsfsfs 0 sdfdsfdsf 0 fdsfdsfs 0 adfsfds 0
[15.05.2020 19:25:30]  Intars 28 Lol 17 Meh 8 fdsf 0 A 0 fdaf 0 fdafdfsdfs 0 ehtthrth 0 aafda 0 fsdfdsfs 0 dssfsdfsd 0 sfdsfs 0 sdfsfsd 0 fdsfdsf 0 dsfdsfs 0 sdfdsfds 0 fdsfsfs 0 sdfdsfdsf 0 fdsfdsfs 0 adfsfds 0
[15.05.2020 19:25:34] Intars tikko atvienojās no servera, saglabājam viņa spēles datus.
[15.05.2020 19:28:11] Jauns savienojums pieņemts [127.0.0.1:54177]
[15.05.2020 19:28:11] Spēlētājs Intars tikko iegāja savā profilā
[15.05.2020 19:28:11] Sūtam Intars viņa statistiku
[15.05.2020 19:28:14] Sūtam Intars informāciju par top spēlētājiem
[15.05.2020 19:28:14]  Intars 60 Lol 58 Meh 8 fdsf 0 A 0 fdaf 0 fdafdfsdfs 0 ehtthrth 0 aafda 0 fsdfdsfs 0 dssfsdfsd 0 sfdsfs 0 sdfsfsd 0 fdsfdsf 0 dsfdsfs 0 sdfdsfds 0 fdsfsfs 0 sdfdsfdsf 0 fdsfdsfs 0 adfsfds 0
[15.05.2020 19:28:14]  Intars 30,06 Lol 0 Meh 0 fdsf 0 A 0 fdaf 0 fdafdfsdfs 0 ehtthrth 0 aafda 0 fsdfdsfs 0 dssfsdfsd 0 sfdsfs 0 sdfsfsd 0 fdsfdsf 0 dsfdsfs 0 sdfdsfds 0 fdsfsfs 0 sdfdsfdsf 0 fdsfdsfs 0 adfsfds 0
[15.05.2020 19:28:14]  Intars 28 Lol 17 Meh 8 fdsf 0 A 0 fdaf 0 fdafdfsdfs 0 ehtthrth 0 aafda 0 fsdfdsfs 0 dssfsdfsd 0 sfdsfs 0 sdfsfsd 0 fdsfdsf 0 dsfdsfs 0 sdfdsfds 0 fdsfsfs 0 sdfdsfdsf 0 fdsfdsfs 0 adfsfds 0
[15.05.2020 19:28:35] Saņēmām spēles datus no Intars: 7 punkti, 15,43 sekundes
[15.05.2020 19:28:40] Saņēmām spēles datus no Intars: 0 punkti, 2,28 sekundes
[15.05.2020 19:28:48] Saņēmām spēles datus no Intars: 4 punkti, 7,79 sekundes
[15.05.2020 19:29:02] Saņēmām spēles datus no Intars: 7 punkti, 13,42 sekundes
[15.05.2020 19:29:09] Saņēmām spēles datus no Intars: 2 punkti, 5,47 sekundes
[15.05.2020 19:29:28] Saņēmām spēles datus no Intars: 4 punkti, 18,47 sekundes
[15.05.2020 19:30:13] Saņēmām spēles datus no Intars: 19 punkti, 42,75 sekundes
[15.05.2020 19:30:15] Sūtam Intars viņa statistiku
[15.05.2020 19:30:16] Sūtam Intars informāciju par top spēlētājiem
[15.05.2020 19:30:16]  Intars 103 Lol 58 Meh 8 fdsf 0 A 0 fdaf 0 fdafdfsdfs 0 ehtthrth 0 aafda 0 fsdfdsfs 0 dssfsdfsd 0 sfdsfs 0 sdfsfsd 0 fdsfdsf 0 dsfdsfs 0 sdfdsfds 0 fdsfsfs 0 sdfdsfdsf 0 fdsfdsfs 0 adfsfds 0
[15.05.2020 19:30:16]  Intars 30,06 Lol 0 Meh 0 fdsf 0 A 0 fdaf 0 fdafdfsdfs 0 ehtthrth 0 aafda 0 fsdfdsfs 0 dssfsdfsd 0 sfdsfs 0 sdfsfsd 0 fdsfdsf 0 dsfdsfs 0 sdfdsfds 0 fdsfsfs 0 sdfdsfdsf 0 fdsfdsfs 0 adfsfds 0
[15.05.2020 19:30:16]  Intars 28 Lol 17 Meh 8 fdsf 0 A 0 fdaf 0 fdafdfsdfs 0 ehtthrth 0 aafda 0 fsdfdsfs 0 dssfsdfsd 0 sfdsfs 0 sdfsfsd 0 fdsfdsf 0 dsfdsfs 0 sdfdsfds 0 fdsfsfs 0 sdfdsfdsf 0 fdsfdsfs 0 adfsfds 0
[15.05.2020 19:30:32] Saņēmām spēles datus no Intars: 2 punkti, 6,4 sekundes
[15.05.2020 19:31:13] Saņēmām spēles datus no Intars: 20 punkti, 40,59 sekundes
[15.05.2020 19:31:23] Sūtam Intars viņa statistiku
[15.05.2020 19:31:26] Saņēmām spēles datus no Intars: 0 punkti, 3,35 sekundes
[15.05.2020 19:31:28] Saņēmām spēles datus no Intars: 0 punkti, 1,47 sekundes
[15.05.2020 19:31:29] Sūtam Intars viņa statistiku
[15.05.2020 19:31:34] Sūtam Intars informāciju par top spēlētājiem
[15.05.2020 19:31:34]  Intars 125 Lol 58 Meh 8 fdsf 0 A 0 fdaf 0 fdafdfsdfs 0 ehtthrth 0 aafda 0 fsdfdsfs 0 dssfsdfsd 0 sfdsfs 0 sdfsfsd 0 fdsfdsf 0 dsfdsfs 0 sdfdsfds 0 fdsfsfs 0 sdfdsfdsf 0 fdsfdsfs 0 adfsfds 0
[15.05.2020 19:31:34]  Intars 30,06 Lol 0 Meh 0 fdsf 0 A 0 fdaf 0 fdafdfsdfs 0 ehtthrth 0 aafda 0 fsdfdsfs 0 dssfsdfsd 0 sfdsfs 0 sdfsfsd 0 fdsfdsf 0 dsfdsfs 0 sdfdsfds 0 fdsfsfs 0 sdfdsfdsf 0 fdsfdsfs 0 adfsfds 0
[15.05.2020 19:31:34]  Intars 28 Lol 17 Meh 8 fdsf 0 A 0 fdaf 0 fdafdfsdfs 0 ehtthrth 0 aafda 0 fsdfdsfs 0 dssfsdfsd 0 sfdsfs 0 sdfsfsd 0 fdsfdsf 0 dsfdsfs 0 sdfdsfds 0 fdsfsfs 0 sdfdsfdsf 0 fdsfdsfs 0 adfsfds 0
[15.05.2020 19:31:35] Sūtam Intars informāciju par top spēlētājiem
[15.05.2020 19:31:35]  Intars 125 Lol 58 Meh 8 fdsf 0 A 0 fdaf 0 fdafdfsdfs 0 ehtthrth 0 aafda 0 fsdfdsfs 0 dssfsdfsd 0 sfdsfs 0 sdfsfsd 0 fdsfdsf 0 dsfdsfs 0 sdfdsfds 0 fdsfsfs 0 sdfdsfdsf 0 fdsfdsfs 0 adfsfds 0
[15.05.2020 19:31:35]  Intars 30,06 Lol 0 Meh 0 fdsf 0 A 0 fdaf 0 fdafdfsdfs 0 ehtthrth 0 aafda 0 fsdfdsfs 0 dssfsdfsd 0 sfdsfs 0 sdfsfsd 0 fdsfdsf 0 dsfdsfs 0 sdfdsfds 0 fdsfsfs 0 sdfdsfdsf 0 fdsfdsfs 0 adfsfds 0
[15.05.2020 19:31:35]  Intars 28 Lol 17 Meh 8 fdsf 0 A 0 fdaf 0 fdafdfsdfs 0 ehtthrth 0 aafda 0 fsdfdsfs 0 dssfsdfsd 0 sfdsfs 0 sdfsfsd 0 fdsfdsf 0 dsfdsfs 0 sdfdsfds 0 fdsfsfs 0 sdfdsfdsf 0 fdsfdsfs 0 adfsfds 0
[15.05.2020 19:31:45] Intars tikko atvienojās no servera, saglabājam viņa spēles datus.
[15.05.2020 19:31:56] Jauns savienojums pieņemts [127.0.0.1:54345]
[15.05.2020 19:31:56] Spēlētājs Intars tikko iegāja savā profilā
[15.05.2020 19:31:56] Sūtam Intars viņa statistiku
[15.05.2020 19:31:57] Sūtam Intars informāciju par top spēlētājiem
[15.05.2020 19:31:57]  Intars 125 Lol 58 Meh 8 fdsf 0 A 0 fdaf 0 fdafdfsdfs 0 ehtthrth 0 aafda 0 fsdfdsfs 0 dssfsdfsd 0 sfdsfs 0 sdfsfsd 0 fdsfdsf 0 dsfdsfs 0 sdfdsfds 0 fdsfsfs 0 sdfdsfdsf 0 fdsfdsfs 0 adfsfds 0
[15.05.2020 19:31:57]  Intars 30,06 Lol 0 Meh 0 fdsf 0 A 0 fdaf 0 fdafdfsdfs 0 ehtthrth 0 aafda 0 fsdfdsfs 0 dssfsdfsd 0 sfdsfs 0 sdfsfsd 0 fdsfdsf 0 dsfdsfs 0 sdfdsfds 0 fdsfsfs 0 sdfdsfdsf 0 fdsfdsfs 0 adfsfds 0
[15.05.2020 19:31:57]  Intars 28 Lol 17 Meh 8 fdsf 0 A 0 fdaf 0 fdafdfsdfs 0 ehtthrth 0 aafda 0 fsdfdsfs 0 dssfsdfsd 0 sfdsfs 0 sdfsfsd 0 fdsfdsf 0 dsfdsfs 0 sdfdsfds 0 fdsfsfs 0 sdfdsfdsf 0 fdsfdsfs 0 adfsfds 0
[15.05.2020 19:32:03] Sūtam Intars informāciju par top spēlētājiem
[15.05.2020 19:32:03]  Intars 125 Lol 58 Meh 8 fdsf 0 A 0 fdaf 0 fdafdfsdfs 0 ehtthrth 0 aafda 0 fsdfdsfs 0 dssfsdfsd 0 sfdsfs 0 sdfsfsd 0 fdsfdsf 0 dsfdsfs 0 sdfdsfds 0 fdsfsfs 0 sdfdsfdsf 0 fdsfdsfs 0 adfsfds 0
[15.05.2020 19:32:03]  Intars 30,06 Lol 0 Meh 0 fdsf 0 A 0 fdaf 0 fdafdfsdfs 0 ehtthrth 0 aafda 0 fsdfdsfs 0 dssfsdfsd 0 sfdsfs 0 sdfsfsd 0 fdsfdsf 0 dsfdsfs 0 sdfdsfds 0 fdsfsfs 0 sdfdsfdsf 0 fdsfdsfs 0 adfsfds 0
[15.05.2020 19:32:03]  Intars 28 Lol 17 Meh 8 fdsf 0 A 0 fdaf 0 fdafdfsdfs 0 ehtthrth 0 aafda 0 fsdfdsfs 0 dssfsdfsd 0 sfdsfs 0 sdfsfsd 0 fdsfdsf 0 dsfdsfs 0 sdfdsfds 0 fdsfsfs 0 sdfdsfdsf 0 fdsfdsfs 0 adfsfds 0
[15.05.2020 19:32:11] Sūtam Intars informāciju par top spēlētājiem
[15.05.2020 19:32:11]  Intars 125 Lol 58 Meh 8 fdsf 0 A 0 fdaf 0 fdafdfsdfs 0 ehtthrth 0 aafda 0 fsdfdsfs 0 dssfsdfsd 0 sfdsfs 0 sdfsfsd 0 fdsfdsf 0 dsfdsfs 0 sdfdsfds 0 fdsfsfs 0 sdfdsfdsf 0 fdsfdsfs 0 adfsfds 0
[15.05.2020 19:32:11]  Intars 30,06 Lol 0 Meh 0 fdsf 0 A 0 fdaf 0 fdafdfsdfs 0 ehtthrth 0 aafda 0 fsdfdsfs 0 dssfsdfsd 0 sfdsfs 0 sdfsfsd 0 fdsfdsf 0 dsfdsfs 0 sdfdsfds 0 fdsfsfs 0 sdfdsfdsf 0 fdsfdsfs 0 adfsfds 0
[15.05.2020 19:32:11]  Intars 28 Lol 17 Meh 8 fdsf 0 A 0 fdaf 0 fdafdfsdfs 0 ehtthrth 0 aafda 0 fsdfdsfs 0 dssfsdfsd 0 sfdsfs 0 sdfsfsd 0 fdsfdsf 0 dsfdsfs 0 sdfdsfds 0 fdsfsfs 0 sdfdsfdsf 0 fdsfdsfs 0 adfsfds 0
[15.05.2020 19:32:38] Sūtam Intars informāciju par top spēlētājiem
[15.05.2020 19:32:38]  Intars 125 Lol 58 Meh 8 fdsf 0 A 0 fdaf 0 fdafdfsdfs 0 ehtthrth 0 aafda 0 fsdfdsfs 0 dssfsdfsd 0 sfdsfs 0 sdfsfsd 0 fdsfdsf 0 dsfdsfs 0 sdfdsfds 0 fdsfsfs 0 sdfdsfdsf 0 fdsfdsfs 0 adfsfds 0
[15.05.2020 19:32:38]  Intars 30,06 Lol 0 Meh 0 fdsf 0 A 0 fdaf 0 fdafdfsdfs 0 ehtthrth 0 aafda 0 fsdfdsfs 0 dssfsdfsd 0 sfdsfs 0 sdfsfsd 0 fdsfdsf 0 dsfdsfs 0 sdfdsfds 0 fdsfsfs 0 sdfdsfdsf 0 fdsfdsfs 0 adfsfds 0
[15.05.2020 19:32:38]  Intars 28 Lol 17 Meh 8 fdsf 0 A 0 fdaf 0 fdafdfsdfs 0 ehtthrth 0 aafda 0 fsdfdsfs 0 dssfsdfsd 0 sfdsfs 0 sdfsfsd 0 fdsfdsf 0 dsfdsfs 0 sdfdsfds 0 fdsfsfs 0 sdfdsfdsf 0 fdsfdsfs 0 adfsfds 0
[15.05.2020 19:32:47] Sūtam Intars informāciju par top spēlētājiem
[15.05.2020 19:32:47]  Intars 125 Lol 58 Meh 8 fdsf 0 A 0 fdaf 0 fdafdfsdfs 0 ehtthrth 0 aafda 0 fsdfdsfs 0 dssfsdfsd 0 sfdsfs 0 sdfsfsd 0 fdsfdsf 0 dsfdsfs 0 sdfdsfds 0 fdsfsfs 0 sdfdsfdsf 0 fdsfdsfs 0 adfsfds 0
[15.05.2020 19:32:47]  Intars 30,06 Lol 0 Meh 0 fdsf 0 A 0 fdaf 0 fdafdfsdfs 0 ehtthrth 0 aafda 0 fsdfdsfs 0 dssfsdfsd 0 sfdsfs 0 sdfsfsd 0 fdsfdsf 0 dsfdsfs 0 sdfdsfds 0 fdsfsfs 0 sdfdsfdsf 0 fdsfdsfs 0 adfsfds 0
[15.05.2020 19:32:47]  Intars 28 Lol 17 Meh 8 fdsf 0 A 0 fdaf 0 fdafdfsdfs 0 ehtthrth 0 aafda 0 fsdfdsfs 0 dssfsdfsd 0 sfdsfs 0 sdfsfsd 0 fdsfdsf 0 dsfdsfs 0 sdfdsfds 0 fdsfsfs 0 sdfdsfdsf 0 fdsfdsfs 0 adfsfds 0
[15.05.2020 19:32:57] Sūtam Intars informāciju par top spēlētājiem
[15.05.2020 19:32:57]  Intars 125 Lol 58 Meh 8 fdsf 0 A 0 fdaf 0 fdafdfsdfs 0 ehtthrth 0 aafda 0 fsdfdsfs 0 dssfsdfsd 0 sfdsfs 0 sdfsfsd 0 fdsfdsf 0 dsfdsfs 0 sdfdsfds 0 fdsfsfs 0 sdfdsfdsf 0 fdsfdsfs 0 adfsfds 0
[15.05.2020 19:32:57]  Intars 30,06 Lol 0 Meh 0 fdsf 0 A 0 fdaf 0 fdafdfsdfs 0 ehtthrth 0 aafda 0 fsdfdsfs 0 dssfsdfsd 0 sfdsfs 0 sdfsfsd 0 fdsfdsf 0 dsfdsfs 0 sdfdsfds 0 fdsfsfs 0 sdfdsfdsf 0 fdsfdsfs 0 adfsfds 0
[15.05.2020 19:32:57]  Intars 28 Lol 17 Meh 8 fdsf 0 A 0 fdaf 0 fdafdfsdfs 0 ehtthrth 0 aafda 0 fsdfdsfs 0 dssfsdfsd 0 sfdsfs 0 sdfsfsd 0 fdsfdsf 0 dsfdsfs 0 sdfdsfds 0 fdsfsfs 0 sdfdsfdsf 0 fdsfdsfs 0 adfsfds 0
[15.05.2020 19:32:59] Intars tikko atvienojās no servera, saglabājam viņa spēles datus.
[15.05.2020 19:33:13] Jauns savienojums pieņemts [127.0.0.1:54369]
[15.05.2020 19:33:13] Spēlētājs Intars tikko iegāja savā profilā
[15.05.2020 19:33:14] Sūtam Intars viņa statistiku
[15.05.2020 19:33:14] Intars tikko atvienojās no servera, saglabājam viņa spēles datus.
