[26.04.2020 18:42:35] Notiek servera veidošana...
[26.04.2020 18:42:35] Serveris izveidots. Startējam serveri uz porta 20782!
[26.04.2020 18:42:35] Serveris tika veiksmīgi startēts uz porta 20782!
[26.04.2020 18:42:35] Sākam klausīšanos!
[26.04.2020 18:42:45] Jauns savienojums pieņemts [127.0.0.1:52689]
[26.04.2020 18:42:45] 2 Intars 123
[26.04.2020 18:42:45] Spēlētājs Intars tikko iegāja savā profilā
[26.04.2020 18:42:51] 4
[26.04.2020 18:42:51] Sūtam Intars viņa statistiku
[26.04.2020 18:42:56] 
[26.04.2020 18:42:56] 
[26.04.2020 18:43:01] 
[26.04.2020 18:43:06] 
[26.04.2020 18:43:11] 
[26.04.2020 18:43:16] 
[26.04.2020 18:43:21] 
[26.04.2020 18:43:26] 
[26.04.2020 18:43:31] 
[26.04.2020 18:43:36] 
[26.04.2020 18:43:41] 
[26.04.2020 18:43:46] 
[26.04.2020 18:43:51] 
[26.04.2020 18:43:56] 
[26.04.2020 18:44:01] 
[26.04.2020 18:44:06] 
[26.04.2020 18:44:11] 
[26.04.2020 18:44:16] 
[26.04.2020 18:44:21] 
[26.04.2020 18:44:26] 
[26.04.2020 18:44:31] 
[26.04.2020 18:44:36] 
[26.04.2020 18:44:41] 
[26.04.2020 18:44:46] 
[26.04.2020 18:44:51] 
[26.04.2020 18:44:56] 
[26.04.2020 18:45:01] 
[26.04.2020 18:45:06] 
[26.04.2020 18:45:11] 
[26.04.2020 18:45:16] 
[26.04.2020 18:45:21] 
[26.04.2020 18:45:26] 
[26.04.2020 18:45:31] 
[26.04.2020 18:45:36] 
[26.04.2020 18:45:41] 
[26.04.2020 18:45:46] 
[26.04.2020 18:45:51] 
[26.04.2020 18:45:56] 
[26.04.2020 18:46:01] 
[26.04.2020 18:46:06] 
[26.04.2020 18:46:11] 
[26.04.2020 18:46:16] 
[26.04.2020 18:46:21] 
[26.04.2020 18:46:26] 
[26.04.2020 18:46:31] 
[26.04.2020 18:46:36] 
[26.04.2020 18:46:41] 
[26.04.2020 18:46:46] 
[26.04.2020 18:46:51] 
[26.04.2020 18:46:56] 
[26.04.2020 18:47:01] 
[26.04.2020 18:47:06] 
[26.04.2020 18:47:11] 
[26.04.2020 18:47:21] Intars tikko atvienojās no servera, saglabājam viņa spēles datus.
[26.04.2020 18:53:00] Jauns savienojums pieņemts [127.0.0.1:52751]
[26.04.2020 18:53:00] 2 Intars 123
[26.04.2020 18:53:00] Spēlētājs Intars tikko iegāja savā profilā
[26.04.2020 18:53:09] 4
[26.04.2020 18:53:09] Sūtam Intars viņa statistiku
[26.04.2020 18:53:14] 
[26.04.2020 18:53:14] 
[26.04.2020 18:53:24] Intars tikko atvienojās no servera, saglabājam viņa spēles datus.
[26.04.2020 18:53:26] Jauns savienojums pieņemts [127.0.0.1:52758]
[26.04.2020 18:53:26] 2 Intars 123
[26.04.2020 18:53:26] Spēlētājs Intars tikko iegāja savā profilā
[26.04.2020 18:53:34] 4
[26.04.2020 18:53:34] Sūtam Intars viņa statistiku
[26.04.2020 18:53:39] 
[26.04.2020 18:53:39] 
[26.04.2020 18:53:49] Intars tikko atvienojās no servera, saglabājam viņa spēles datus.
[26.04.2020 18:53:55] Jauns savienojums pieņemts [127.0.0.1:52761]
[26.04.2020 18:53:55] 2 Intars 123
[26.04.2020 18:53:55] Spēlētājs Intars tikko iegāja savā profilā
[26.04.2020 18:54:01] 4
[26.04.2020 18:54:01] Sūtam Intars viņa statistiku
[26.04.2020 18:54:06] 
[26.04.2020 18:54:06] 
[26.04.2020 18:54:11] 
[26.04.2020 18:54:16] 
[26.04.2020 18:54:26] Intars tikko atvienojās no servera, saglabājam viņa spēles datus.
[26.04.2020 18:57:20] Jauns savienojums pieņemts [127.0.0.1:52775]
[26.04.2020 18:57:20] 2 Intars 123
[26.04.2020 18:57:20] Spēlētājs Intars tikko iegāja savā profilā
[26.04.2020 18:57:25] 
[26.04.2020 18:57:30] 
[26.04.2020 18:57:35] 
[26.04.2020 18:57:40] 
[26.04.2020 18:57:45] 
[26.04.2020 18:57:50] 
[26.04.2020 18:57:55] 
[26.04.2020 18:58:00] 
[26.04.2020 18:58:05] 
[26.04.2020 18:58:10] 
[26.04.2020 18:58:20] Intars tikko atvienojās no servera, saglabājam viņa spēles datus.
[26.04.2020 18:58:25] Jauns savienojums pieņemts [127.0.0.1:52796]
[26.04.2020 18:58:26] 2 Intars 123
[26.04.2020 18:58:26] Spēlētājs Intars tikko iegāja savā profilā
[26.04.2020 18:58:26] 4
[26.04.2020 18:58:26] Sūtam Intars viņa statistiku
[26.04.2020 18:58:27] 
[26.04.2020 18:58:32] 
[26.04.2020 18:58:37] 
[26.04.2020 18:58:42] 
[26.04.2020 18:58:47] 
[26.04.2020 18:58:52] 
[26.04.2020 18:58:57] 
[26.04.2020 18:59:02] 
[26.04.2020 18:59:07] 
[26.04.2020 18:59:12] 
[26.04.2020 18:59:17] 
[26.04.2020 18:59:22] 
[26.04.2020 18:59:27] 
[26.04.2020 18:59:32] 
[26.04.2020 18:59:37] 
[26.04.2020 18:59:42] 
[26.04.2020 18:59:47] 
[26.04.2020 18:59:52] 
[26.04.2020 18:59:57] 
[26.04.2020 19:00:02] 
[26.04.2020 19:00:07] 
[26.04.2020 19:00:12] 
[26.04.2020 19:00:17] 
[26.04.2020 19:00:22] 
[26.04.2020 19:00:27] 
[26.04.2020 19:00:32] 
[26.04.2020 19:00:37] 
[26.04.2020 19:00:42] 
[26.04.2020 19:00:47] 
[26.04.2020 19:00:52] 
[26.04.2020 19:00:57] 
[26.04.2020 19:01:02] 
[26.04.2020 19:01:12] Intars tikko atvienojās no servera, saglabājam viņa spēles datus.
[26.04.2020 19:01:17] Jauns savienojums pieņemts [127.0.0.1:52814]
[26.04.2020 19:01:17] 2 Intars 123
[26.04.2020 19:01:17] Spēlētājs Intars tikko iegāja savā profilā
[26.04.2020 19:01:17] 4
[26.04.2020 19:01:17] Sūtam Intars viņa statistiku
[26.04.2020 19:01:21] 
[26.04.2020 19:01:26] 
[26.04.2020 19:01:31] 
[26.04.2020 19:01:36] 
[26.04.2020 19:01:41] 
[26.04.2020 19:01:46] 
[26.04.2020 19:01:51] 
[26.04.2020 19:01:56] 
[26.04.2020 19:02:01] 
[26.04.2020 19:02:06] 
[26.04.2020 19:02:11] 
[26.04.2020 19:02:16] 
[26.04.2020 19:02:21] 
[26.04.2020 19:02:26] 
[26.04.2020 19:02:31] 
[26.04.2020 19:02:36] 
[26.04.2020 19:02:41] 
[26.04.2020 19:02:46] 
[26.04.2020 19:02:51] 
[26.04.2020 19:02:56] 
[26.04.2020 19:03:01] 
[26.04.2020 19:03:06] 
[26.04.2020 19:03:11] 
[26.04.2020 19:03:16] 
[26.04.2020 19:03:26] Intars tikko atvienojās no servera, saglabājam viņa spēles datus.
[26.04.2020 19:04:07] Jauns savienojums pieņemts [127.0.0.1:52831]
[26.04.2020 19:04:07] 2 Intars 123
[26.04.2020 19:04:07] Spēlētājs Intars tikko iegāja savā profilā
[26.04.2020 19:04:07] 4
[26.04.2020 19:04:07] Sūtam Intars viņa statistiku
[26.04.2020 19:04:17] Intars tikko atvienojās no servera, saglabājam viņa spēles datus.
[26.04.2020 19:10:49] Jauns savienojums pieņemts [127.0.0.1:52851]
[26.04.2020 19:10:49] 2 Intars 123
[26.04.2020 19:10:49] Spēlētājs Intars tikko iegāja savā profilā
[26.04.2020 19:10:49] 4
[26.04.2020 19:10:49] Sūtam Intars viņa statistiku
[26.04.2020 19:10:53] 
[26.04.2020 19:11:03] Intars tikko atvienojās no servera, saglabājam viņa spēles datus.
[26.04.2020 19:11:43] Jauns savienojums pieņemts [127.0.0.1:52858]
[26.04.2020 19:11:43] 2 Intars 123
[26.04.2020 19:11:43] Spēlētājs Intars tikko iegāja savā profilā
[26.04.2020 19:11:44] 4
[26.04.2020 19:11:44] Sūtam Intars viņa statistiku
[26.04.2020 19:11:46] 
[26.04.2020 19:11:51] 
[26.04.2020 19:12:01] Intars tikko atvienojās no servera, saglabājam viņa spēles datus.
[26.04.2020 19:15:22] Jauns savienojums pieņemts [127.0.0.1:52876]
[26.04.2020 19:15:22] 2 Intars 123
[26.04.2020 19:15:22] Spēlētājs Intars tikko iegāja savā profilā
[26.04.2020 19:15:22] 4
[26.04.2020 19:15:22] Sūtam Intars viņa statistiku
[26.04.2020 19:15:29] 
[26.04.2020 19:15:34] 
[26.04.2020 19:15:36] 3 0 12,65
[26.04.2020 19:15:36] Saņēmām spēles datus no Intars
[26.04.2020 19:15:39] 
[26.04.2020 19:15:44] 
[26.04.2020 19:15:53] 
[26.04.2020 19:15:58] 
[26.04.2020 19:16:00] 3 7 11,48
[26.04.2020 19:16:00] Saņēmām spēles datus no Intars
[26.04.2020 19:16:00] Intars jauns augstākais punktu skaits vienā spēlē
[26.04.2020 19:16:00] Intars jauns augstākais punktu skaits vienā minūtē
[26.04.2020 19:16:03] 
[26.04.2020 19:16:08] 
[26.04.2020 19:16:13] 
[26.04.2020 19:16:18] 
[26.04.2020 19:16:23] 
[26.04.2020 19:16:28] 
[26.04.2020 19:16:38] Intars tikko atvienojās no servera, saglabājam viņa spēles datus.
[26.04.2020 19:17:03] Jauns savienojums pieņemts [127.0.0.1:52881]
[26.04.2020 19:17:03] 2 Intars 123
[26.04.2020 19:17:03] Spēlētājs Intars tikko iegāja savā profilā
