[15.05.2020 15:16:43] Notiek servera veidošana...
[15.05.2020 15:16:43] Serveris izveidots. Startējam serveri uz porta 20782!
[15.05.2020 15:16:43] Serveris tika veiksmīgi startēts uz porta 20782!
[15.05.2020 15:16:43] Sākam klausīšanos!
[15.05.2020 15:16:58] Jauns savienojums pieņemts [127.0.0.1:61962]
[15.05.2020 15:16:58] Spēlētājs Intars tikko iegāja savā profilā
[15.05.2020 15:16:58] Sūtam Intars viņa statistiku
[15.05.2020 15:17:15] Saņēmām spēles datus no Intars: 4 punkti, 13,55 sekundes
[15.05.2020 15:17:15] Spēlētājam Intars jauns augstākais punktu skaits vienā spēlē
[15.05.2020 15:17:16] Sūtam Intars viņa statistiku
[15.05.2020 15:17:50] Saņēmām spēles datus no Intars: 5 punkti, 25,94 sekundes
[15.05.2020 15:17:50] Spēlētājam Intars jauns augstākais punktu skaits vienā spēlē
[15.05.2020 15:17:52] Sūtam Intars viņa statistiku
[15.05.2020 15:18:19] Saņēmām spēles datus no Intars: 4 punkti, 12,95 sekundes
[15.05.2020 15:18:20] Sūtam Intars viņa statistiku
[15.05.2020 15:18:50] Saņēmām spēles datus no Intars: 19 punkti, 28,5 sekundes
[15.05.2020 15:18:50] Spēlētājam Intars jauns augstākais punktu skaits vienā spēlē
[15.05.2020 15:18:51] Sūtam Intars viņa statistiku
[15.05.2020 15:19:30] Intars tikko atvienojās no servera, saglabājam viņa spēles datus.
[15.05.2020 15:19:35] Jauns savienojums pieņemts [127.0.0.1:62045]
[15.05.2020 15:19:35] Spēlētājs Lol tikko reģistrējās
[15.05.2020 15:19:35] Sūtam Lol viņa statistiku
[15.05.2020 15:19:46] Saņēmām spēles datus no Lol: 6 punkti, 9,97 sekundes
[15.05.2020 15:19:46] Spēlētājam Lol jauns augstākais punktu skaits vienā spēlē
[15.05.2020 15:19:47] Sūtam Lol viņa statistiku
[15.05.2020 15:20:12] Saņēmām spēles datus no Lol: 7 punkti, 16,42 sekundes
[15.05.2020 15:20:12] Spēlētājam Lol jauns augstākais punktu skaits vienā spēlē
[15.05.2020 15:20:14] Sūtam Lol viņa statistiku
[15.05.2020 15:20:43] Saņēmām spēles datus no Lol: 10 punkti, 18,93 sekundes
[15.05.2020 15:20:43] Spēlētājam Lol jauns augstākais punktu skaits vienā spēlē
[15.05.2020 15:20:50] Sūtam Lol viņa statistiku
