[02.05.2020 11:17:09] Notiek servera veidošana...
[02.05.2020 11:17:09] Serveris izveidots. Startējam serveri uz porta 20782!
[02.05.2020 11:17:09] Serveris tika veiksmīgi startēts uz porta 20782!
[02.05.2020 11:17:09] Sākam klausīšanos!
[02.05.2020 11:17:11] Jauns savienojums pieņemts [127.0.0.1:52397]
[02.05.2020 11:17:11] Kāds centās pierakstīties, bet viņam bija nepareizs nikneims vai parole.
[02.05.2020 11:17:35] Spēlētājs Dfs tikko reģistrējās
[02.05.2020 11:17:35] Sūtam Dfs viņa statistiku
[02.05.2020 11:17:52] Sūtam Dfs viņa statistiku
[02.05.2020 11:18:12] Dfs tikko atvienojās no servera, saglabājam viņa spēles datus.
[02.05.2020 11:18:13] Jauns savienojums pieņemts [127.0.0.1:52405]
[02.05.2020 11:18:23] Kāds centās pierakstīties, bet viņam bija nepareizs nikneims vai parole.
[02.05.2020 11:18:33] Kāds centās pierakstīties, bet viņam bija nepareizs nikneims vai parole.
[02.05.2020 11:18:40] Kāds centās pierakstīties, bet viņam bija nepareizs nikneims vai parole.
[02.05.2020 11:18:46] Spēlētājs Intars tikko reģistrējās
[02.05.2020 11:18:47] Sūtam Intars viņa statistiku
[02.05.2020 11:18:59] Intars tikko atvienojās no servera, saglabājam viņa spēles datus.
[02.05.2020 11:19:00] Jauns savienojums pieņemts [127.0.0.1:52407]
[02.05.2020 11:19:00] Spēlētājs Intars tikko iegāja savā profilā
[02.05.2020 11:19:00] Sūtam Intars viņa statistiku
[02.05.2020 11:19:10] Intars tikko atvienojās no servera, saglabājam viņa spēles datus.
[02.05.2020 11:19:37] Jauns savienojums pieņemts [127.0.0.1:52413]
[02.05.2020 11:19:37] Spēlētājs Intars tikko iegāja savā profilā
[02.05.2020 11:19:37] Sūtam Intars viņa statistiku
[02.05.2020 11:21:16] Sūtam Intars viņa statistiku
[02.05.2020 11:23:30] Jauns savienojums pieņemts [127.0.0.1:52431]
[02.05.2020 11:23:31] Intars tikko atvienojās no servera, saglabājam viņa spēles datus.
[02.05.2020 11:23:39] Kāds centās reģistrēties ar nikneimu Intars, bet tāds jau eksistēja
[02.05.2020 11:23:44] Kāds centās reģistrēties ar nikneimu Intars, bet tāds jau eksistēja
[02.05.2020 11:23:45] Kāds centās reģistrēties ar nikneimu Intars, bet tāds jau eksistēja
[02.05.2020 11:23:46] Kāds centās reģistrēties ar nikneimu Intars, bet tāds jau eksistēja
[02.05.2020 11:23:47] Kāds centās reģistrēties ar nikneimu Intars, bet tāds jau eksistēja
[02.05.2020 11:23:48] Kāds centās reģistrēties ar nikneimu Intars, bet tāds jau eksistēja
[02.05.2020 11:24:00] Spēlētājs Intars tikko iegāja savā profilā
[02.05.2020 11:24:00] Sūtam Intars viņa statistiku
[02.05.2020 11:24:26] Intars tikko atvienojās no servera, saglabājam viņa spēles datus.
[02.05.2020 11:24:47] Jauns savienojums pieņemts [127.0.0.1:52437]
[02.05.2020 11:24:47] Spēlētājs Intars tikko iegāja savā profilā
[02.05.2020 11:24:47] Sūtam Intars viņa statistiku
[02.05.2020 11:25:06] Saņēmām spēles datus no Intars: 10 punkti, 17,82 sekundes
[02.05.2020 11:25:06] Spēlētājam Intars jauns augstākais punktu skaits vienā spēlē
[02.05.2020 11:25:21] Saņēmām spēles datus no Intars: 4 punkti, 7,41 sekundes
[02.05.2020 11:25:22] Sūtam Intars viņa statistiku
[02.05.2020 11:25:25] Saņēmām spēles datus no Intars: 0 punkti, 1,07 sekundes
[02.05.2020 11:27:15] Saņēmām spēles datus no Intars: 68 punkti, 109,06 sekundes
[02.05.2020 11:27:15] Spēlētājam Intars jauns augstākais punktu skaits vienā spēlē
[02.05.2020 11:27:15] Spēlētājam Intars jauns augstākais punktu skaits vienā minūtē
[02.05.2020 11:27:28] Saņēmām spēles datus no Intars: 1 punkti, 1,8 sekundes
[02.05.2020 11:27:50] Sūtam Intars viņa statistiku
[02.05.2020 11:31:15] Intars tikko atvienojās no servera, saglabājam viņa spēles datus.
[02.05.2020 11:33:04] Jauns savienojums pieņemts [127.0.0.1:52542]
[02.05.2020 11:33:10] Spēlētājs Intars tikko iegāja savā profilā
[02.05.2020 11:33:10] Sūtam Intars viņa statistiku
[02.05.2020 11:33:53] Intars tikko atvienojās no servera, saglabājam viņa spēles datus.
[02.05.2020 11:34:17] Jauns savienojums pieņemts [127.0.0.1:52551]
[02.05.2020 11:34:17] Spēlētājs Intars tikko iegāja savā profilā
[02.05.2020 11:34:17] Sūtam Intars viņa statistiku
[02.05.2020 11:34:30] Saņēmām spēles datus no Intars: 0 punkti, 1,55 sekundes
[02.05.2020 11:34:30] Sūtam Intars viņa statistiku
[02.05.2020 11:34:37] Saņēmām spēles datus no Intars: 3 punkti, 5,05 sekundes
[02.05.2020 11:34:38] Sūtam Intars viņa statistiku
[02.05.2020 11:36:31] Saņēmām spēles datus no Intars: 5 punkti, 9,19 sekundes
[02.05.2020 11:36:32] Sūtam Intars viņa statistiku
[02.05.2020 11:36:41] Saņēmām spēles datus no Intars: 0 punkti, 1,04 sekundes
[02.05.2020 11:36:42] Sūtam Intars viņa statistiku
[02.05.2020 11:37:02] Intars tikko atvienojās no servera, saglabājam viņa spēles datus.
