[15.05.2020 19:55:11] Notiek servera veidošana...
[15.05.2020 19:55:11] Serveris izveidots. Startējam serveri uz porta 20782!
[15.05.2020 19:55:11] Serveris tika veiksmīgi startēts uz porta 20782!
[15.05.2020 19:55:11] Sākam klausīšanos!
[15.05.2020 19:55:12] Jauns savienojums pieņemts [192.168.8.101:50866]
[15.05.2020 19:55:12] Spēlētājs Intars tikko iegāja savā profilā
[15.05.2020 19:55:13] Sūtam Intars viņa statistiku
[15.05.2020 19:55:13] Sūtam Intars informāciju par top spēlētājiem
[15.05.2020 19:55:13] Veiksmīgi aizsūtīts!
[15.05.2020 19:55:23] Intars tikko atvienojās no servera, saglabājam viņa spēles datus.
[15.05.2020 19:55:37] Jauns savienojums pieņemts [192.168.8.101:53119]
[15.05.2020 19:55:37] Spēlētājs Intars tikko iegāja savā profilā
[15.05.2020 19:55:37] Sūtam Intars viņa statistiku
[15.05.2020 19:55:38] Sūtam Intars informāciju par top spēlētājiem
[15.05.2020 19:55:38] Veiksmīgi aizsūtīts!
[15.05.2020 19:55:53] Sūtam Intars informāciju par top spēlētājiem
[15.05.2020 19:55:53] Veiksmīgi aizsūtīts!
[15.05.2020 19:56:08] Sūtam Intars informāciju par top spēlētājiem
[15.05.2020 19:56:08] Veiksmīgi aizsūtīts!
[15.05.2020 19:56:19] Sūtam Intars informāciju par top spēlētājiem
[15.05.2020 19:56:19] Veiksmīgi aizsūtīts!
[15.05.2020 19:56:23] Sūtam Intars informāciju par top spēlētājiem
[15.05.2020 19:56:23] Veiksmīgi aizsūtīts!
[15.05.2020 19:56:25] Sūtam Intars informāciju par top spēlētājiem
[15.05.2020 19:56:25] Veiksmīgi aizsūtīts!
[15.05.2020 19:56:26] Sūtam Intars informāciju par top spēlētājiem
[15.05.2020 19:56:26] Veiksmīgi aizsūtīts!
[15.05.2020 19:56:28] Sūtam Intars informāciju par top spēlētājiem
[15.05.2020 19:56:28] Veiksmīgi aizsūtīts!
[15.05.2020 19:56:31] Sūtam Intars informāciju par top spēlētājiem
[15.05.2020 19:56:31] Veiksmīgi aizsūtīts!
[15.05.2020 19:56:33] Sūtam Intars informāciju par top spēlētājiem
[15.05.2020 19:56:33] Veiksmīgi aizsūtīts!
[15.05.2020 19:57:00] Intars tikko atvienojās no servera, saglabājam viņa spēles datus.
[15.05.2020 19:57:54] Jauns savienojums pieņemts [192.168.8.101:53311]
[15.05.2020 19:57:54] Spēlētājs Intars tikko iegāja savā profilā
[15.05.2020 19:57:54] Sūtam Intars viņa statistiku
[15.05.2020 19:57:56] Sūtam Intars informāciju par top spēlētājiem
[15.05.2020 19:57:56] Veiksmīgi aizsūtīts!
[15.05.2020 19:58:46] Sūtam Intars informāciju par top spēlētājiem
[15.05.2020 19:58:46] Veiksmīgi aizsūtīts!
[15.05.2020 19:58:53] Sūtam Intars informāciju par top spēlētājiem
[15.05.2020 19:58:53] Veiksmīgi aizsūtīts!
[15.05.2020 20:01:03] Intars tikko atvienojās no servera, saglabājam viņa spēles datus.
