[15.05.2020 15:54:44] Notiek servera veidošana...
[15.05.2020 15:54:45] Serveris izveidots. Startējam serveri uz porta 20782!
[15.05.2020 15:54:45] Serveris tika veiksmīgi startēts uz porta 20782!
[15.05.2020 15:54:45] Sākam klausīšanos!
[15.05.2020 15:54:54] Jauns savienojums pieņemts [127.0.0.1:60904]
[15.05.2020 15:54:54] Spēlētājs Intars tikko reģistrējās
[15.05.2020 15:54:54] Sūtam Intars viņa statistiku
[15.05.2020 15:54:57] Saņēmām spēles datus no Intars: 0 punkti, 2,56 sekundes
[15.05.2020 15:54:59] Sūtam Intars viņa statistiku
[15.05.2020 15:55:01] Saņēmām spēles datus no Intars: 1 punkti, 1,75 sekundes
[15.05.2020 15:55:01] Spēlētājam Intars jauns augstākais punktu skaits vienā spēlē
[15.05.2020 15:55:03] Sūtam Intars viņa statistiku
[15.05.2020 15:55:14] Intars tikko atvienojās no servera, saglabājam viņa spēles datus.
[15.05.2020 15:55:23] Jauns savienojums pieņemts [127.0.0.1:60911]
[15.05.2020 15:55:23] Spēlētājs Intars tikko iegāja savā profilā
[15.05.2020 15:55:23] Sūtam Intars viņa statistiku
[15.05.2020 15:55:30] Saņēmām spēles datus no Intars: 4 punkti, 5,82 sekundes
[15.05.2020 15:55:30] Spēlētājam Intars jauns augstākais punktu skaits vienā spēlē
[15.05.2020 15:55:31] Sūtam Intars viņa statistiku
[15.05.2020 15:55:52] Intars tikko atvienojās no servera, saglabājam viņa spēles datus.
[15.05.2020 15:56:07] Jauns savienojums pieņemts [127.0.0.1:61032]
[15.05.2020 15:56:07] Spēlētājs Lol tikko reģistrējās
[15.05.2020 15:56:07] Sūtam Lol viņa statistiku
[15.05.2020 15:56:14] Saņēmām spēles datus no Lol: 1 punkti, 3,18 sekundes
[15.05.2020 15:56:14] Spēlētājam Lol jauns augstākais punktu skaits vienā spēlē
[15.05.2020 15:56:15] Sūtam Lol viņa statistiku
[15.05.2020 15:56:30] Saņēmām spēles datus no Lol: 4 punkti, 8,91 sekundes
[15.05.2020 15:56:30] Spēlētājam Lol jauns augstākais punktu skaits vienā spēlē
[15.05.2020 15:56:30] Sūtam Lol viņa statistiku
[15.05.2020 15:56:44] Saņēmām spēles datus no Lol: 1 punkti, 3,55 sekundes
[15.05.2020 15:56:45] Sūtam Lol viņa statistiku
[15.05.2020 15:57:55] Lol tikko atvienojās no servera, saglabājam viņa spēles datus.
