[25.04.2020 21:16:36] Notiek servera veidošana...
[25.04.2020 21:16:36] Serveris izveidots. Startējam serveri uz porta 20782!
[25.04.2020 21:16:36] Serveris tika veiksmīgi startēts uz porta 20782!
[25.04.2020 21:16:36] Sākam klausīšanos!
[25.04.2020 21:16:50] Jauns savienojums ar id 1 pieņemts [127.0.0.1:59352]
[25.04.2020 21:17:31] Jauns savienojums ar id 2 pieņemts [127.0.0.1:59362]
[25.04.2020 21:17:31] 2 Dfsdfsd sdfsdfs
[25.04.2020 21:17:31] Kāds centās pierakstīties, bet viņam bija nepareizs nikneims vai parole.
[25.04.2020 21:18:54] 2 Dfsdfsd sdfsdfs
[25.04.2020 21:18:54] Kāds centās pierakstīties, bet viņam bija nepareizs nikneims vai parole.
[25.04.2020 21:18:55] 2 Dfsdfsd sdfsdfs
[25.04.2020 21:18:55] Kāds centās pierakstīties, bet viņam bija nepareizs nikneims vai parole.
[25.04.2020 21:18:56] 2 Dfsdfsd sdfsdfs
[25.04.2020 21:18:56] Kāds centās pierakstīties, bet viņam bija nepareizs nikneims vai parole.
[25.04.2020 21:18:56] 2 Dfsdfsd sdfsdfs
[25.04.2020 21:18:56] Kāds centās pierakstīties, bet viņam bija nepareizs nikneims vai parole.
[25.04.2020 21:18:56] 2 Dfsdfsd sdfsdfs
[25.04.2020 21:18:56] Kāds centās pierakstīties, bet viņam bija nepareizs nikneims vai parole.
[25.04.2020 21:18:56] 2 Dfsdfsd sdfsdfs
[25.04.2020 21:18:56] Kāds centās pierakstīties, bet viņam bija nepareizs nikneims vai parole.
[25.04.2020 21:18:56] 2 Dfsdfsd sdfsdfs
[25.04.2020 21:18:56] Kāds centās pierakstīties, bet viņam bija nepareizs nikneims vai parole.
[25.04.2020 21:18:57] 2 Dfsdfsd sdfsdfs
[25.04.2020 21:18:57] Kāds centās pierakstīties, bet viņam bija nepareizs nikneims vai parole.
[25.04.2020 21:18:57] 2 Dfsdfsd sdfsdfs
[25.04.2020 21:18:57] Kāds centās pierakstīties, bet viņam bija nepareizs nikneims vai parole.
[25.04.2020 21:18:57] 2 Dfsdfsd sdfsdfs
[25.04.2020 21:18:57] Kāds centās pierakstīties, bet viņam bija nepareizs nikneims vai parole.
[25.04.2020 21:18:58] 2 Dfsdfsd sdfsdfs
[25.04.2020 21:18:58] Kāds centās pierakstīties, bet viņam bija nepareizs nikneims vai parole.
[25.04.2020 21:18:58] 2 Dfsdfsd sdfsdfs
[25.04.2020 21:18:58] Kāds centās pierakstīties, bet viņam bija nepareizs nikneims vai parole.
[25.04.2020 21:18:58] 2 Dfsdfsd sdfsdfs
[25.04.2020 21:18:58] Kāds centās pierakstīties, bet viņam bija nepareizs nikneims vai parole.
[25.04.2020 21:18:59] 2 Dfsdfsd sdfsdfs
[25.04.2020 21:18:59] Kāds centās pierakstīties, bet viņam bija nepareizs nikneims vai parole.
[25.04.2020 21:18:59] 2 Dfsdfsd sdfsdfs
[25.04.2020 21:18:59] Kāds centās pierakstīties, bet viņam bija nepareizs nikneims vai parole.
[25.04.2020 21:18:59] 2 Dfsdfsd sdfsdfs
[25.04.2020 21:18:59] Kāds centās pierakstīties, bet viņam bija nepareizs nikneims vai parole.
[25.04.2020 21:18:59] 2 Dfsdfsd sdfsdfs
[25.04.2020 21:18:59] Kāds centās pierakstīties, bet viņam bija nepareizs nikneims vai parole.
[25.04.2020 21:18:59] 2 Dfsdfsd sdfsdfs
[25.04.2020 21:18:59] Kāds centās pierakstīties, bet viņam bija nepareizs nikneims vai parole.
[25.04.2020 21:19:00] 2 Dfsdfsd sdfsdfs
[25.04.2020 21:19:00] Kāds centās pierakstīties, bet viņam bija nepareizs nikneims vai parole.
[25.04.2020 21:19:03] 2 Dfsdfsd sdfsdfs
[25.04.2020 21:19:03] Kāds centās pierakstīties, bet viņam bija nepareizs nikneims vai parole.
[25.04.2020 21:19:03] 2 Dfsdfsd sdfsdfs
[25.04.2020 21:19:03] Kāds centās pierakstīties, bet viņam bija nepareizs nikneims vai parole.
[25.04.2020 21:19:03] 2 Dfsdfsd sdfsdfs
[25.04.2020 21:19:03] Kāds centās pierakstīties, bet viņam bija nepareizs nikneims vai parole.
[25.04.2020 21:19:04] 2 Dfsdfsd sdfsdfs
[25.04.2020 21:19:04] Kāds centās pierakstīties, bet viņam bija nepareizs nikneims vai parole.
[25.04.2020 21:19:04] 2 Dfsdfsd sdfsdfs
[25.04.2020 21:19:04] Kāds centās pierakstīties, bet viņam bija nepareizs nikneims vai parole.
[25.04.2020 21:19:04] 2 Dfsdfsd sdfsdfs
[25.04.2020 21:19:04] Kāds centās pierakstīties, bet viņam bija nepareizs nikneims vai parole.
[25.04.2020 21:19:04] 2 Dfsdfsd sdfsdfs
[25.04.2020 21:19:04] Kāds centās pierakstīties, bet viņam bija nepareizs nikneims vai parole.
[25.04.2020 21:19:07] 2  
[25.04.2020 21:19:07] Kāds centās pierakstīties, bet viņam bija nepareizs nikneims vai parole.
[25.04.2020 21:19:07] 2  
[25.04.2020 21:19:08] Kāds centās pierakstīties, bet viņam bija nepareizs nikneims vai parole.
[25.04.2020 21:19:08] 2  
[25.04.2020 21:19:08] Kāds centās pierakstīties, bet viņam bija nepareizs nikneims vai parole.
[25.04.2020 21:19:08] 2  
[25.04.2020 21:19:08] Kāds centās pierakstīties, bet viņam bija nepareizs nikneims vai parole.
[25.04.2020 21:19:09] 2  
[25.04.2020 21:19:09] Kāds centās pierakstīties, bet viņam bija nepareizs nikneims vai parole.
[25.04.2020 21:19:09] 2  
[25.04.2020 21:19:09] Kāds centās pierakstīties, bet viņam bija nepareizs nikneims vai parole.
[25.04.2020 21:20:40] 2  
[25.04.2020 21:20:40] Kāds centās pierakstīties, bet viņam bija nepareizs nikneims vai parole.
[25.04.2020 21:20:40] 2  
[25.04.2020 21:20:40] Kāds centās pierakstīties, bet viņam bija nepareizs nikneims vai parole.
[25.04.2020 21:20:40] 2  
[25.04.2020 21:20:40] Kāds centās pierakstīties, bet viņam bija nepareizs nikneims vai parole.
[25.04.2020 21:20:40] 2  
[25.04.2020 21:20:40] Kāds centās pierakstīties, bet viņam bija nepareizs nikneims vai parole.
[25.04.2020 21:20:40] 2  
[25.04.2020 21:20:40] Kāds centās pierakstīties, bet viņam bija nepareizs nikneims vai parole.
