[15.05.2020 20:07:38] Notiek servera veidošana...
[15.05.2020 20:07:38] Serveris izveidots. Startējam serveri uz porta 20782!
[15.05.2020 20:07:38] Serveris tika veiksmīgi startēts uz porta 20782!
[15.05.2020 20:07:38] Sākam klausīšanos!
[15.05.2020 20:07:59] Jauns savienojums pieņemts [192.168.8.101:53863]
[15.05.2020 20:07:59] Spēlētājs Intars tikko iegāja savā profilā
[15.05.2020 20:07:59] Sūtam Intars viņa statistiku
[15.05.2020 20:08:10] Sūtam Intars informāciju par top spēlētājiem
[15.05.2020 20:08:10] Veiksmīgi aizsūtīts!
[15.05.2020 20:09:25] Intars tikko atvienojās no servera, saglabājam viņa spēles datus.
[15.05.2020 20:09:34] Jauns savienojums pieņemts [192.168.8.101:53897]
[15.05.2020 20:09:34] Spēlētājs Intars tikko iegāja savā profilā
[15.05.2020 20:09:34] Sūtam Intars viņa statistiku
[15.05.2020 20:09:35] Sūtam Intars informāciju par top spēlētājiem
[15.05.2020 20:09:35] Veiksmīgi aizsūtīts!
[15.05.2020 20:09:41] Sūtam Intars informāciju par top spēlētājiem
[15.05.2020 20:09:41] Veiksmīgi aizsūtīts!
[15.05.2020 20:09:43] Sūtam Intars informāciju par top spēlētājiem
[15.05.2020 20:09:43] Veiksmīgi aizsūtīts!
[15.05.2020 20:09:44] Sūtam Intars informāciju par top spēlētājiem
[15.05.2020 20:09:44] Veiksmīgi aizsūtīts!
[15.05.2020 20:09:47] Sūtam Intars informāciju par top spēlētājiem
[15.05.2020 20:09:47] Veiksmīgi aizsūtīts!
[15.05.2020 20:09:49] Sūtam Intars informāciju par top spēlētājiem
[15.05.2020 20:09:49] Veiksmīgi aizsūtīts!
[15.05.2020 20:10:02] Intars tikko atvienojās no servera, saglabājam viņa spēles datus.
[15.05.2020 20:10:21] Jauns savienojums pieņemts [192.168.8.101:53929]
[15.05.2020 20:10:21] Spēlētājs Intars tikko iegāja savā profilā
[15.05.2020 20:10:21] Sūtam Intars viņa statistiku
[15.05.2020 20:10:22] Sūtam Intars informāciju par top spēlētājiem
[15.05.2020 20:10:22] Veiksmīgi aizsūtīts!
[15.05.2020 20:10:24] Sūtam Intars informāciju par top spēlētājiem
[15.05.2020 20:10:24] Veiksmīgi aizsūtīts!
[15.05.2020 20:10:25] Sūtam Intars informāciju par top spēlētājiem
[15.05.2020 20:10:25] Veiksmīgi aizsūtīts!
[15.05.2020 20:10:27] Sūtam Intars informāciju par top spēlētājiem
[15.05.2020 20:10:27] Veiksmīgi aizsūtīts!
[15.05.2020 20:10:28] Intars tikko atvienojās no servera, saglabājam viņa spēles datus.
[15.05.2020 20:10:43] Jauns savienojums pieņemts [192.168.8.101:53941]
[15.05.2020 20:10:43] Spēlētājs Tests tikko reģistrējās
[15.05.2020 20:10:43] Sūtam Tests viņa statistiku
[15.05.2020 20:10:44] Sūtam Tests informāciju par top spēlētājiem
[15.05.2020 20:10:44] Veiksmīgi aizsūtīts!
[15.05.2020 20:10:52] Saņēmām spēles datus no Tests: 1 punkti, 5,11 sekundes
[15.05.2020 20:10:52] Spēlētājam Tests jauns augstākais punktu skaits vienā spēlē
[15.05.2020 20:10:54] Saņēmām spēles datus no Tests: 0 punkti, 1,4 sekundes
[15.05.2020 20:10:55] Sūtam Tests viņa statistiku
[15.05.2020 20:10:56] Sūtam Tests informāciju par top spēlētājiem
[15.05.2020 20:10:56] Veiksmīgi aizsūtīts!
[15.05.2020 20:11:01] Saņēmām spēles datus no Tests: 1 punkti, 2,64 sekundes
[15.05.2020 20:11:02] Sūtam Tests viņa statistiku
[15.05.2020 20:11:02] Sūtam Tests informāciju par top spēlētājiem
[15.05.2020 20:11:02] Veiksmīgi aizsūtīts!
[15.05.2020 20:12:44] Saņēmām spēles datus no Tests: 49 punkti, 99,3 sekundes
[15.05.2020 20:12:44] Spēlētājam Tests jauns augstākais punktu skaits vienā spēlē
[15.05.2020 20:12:44] Spēlētājam Tests jauns augstākais punktu skaits vienā minūtē
[15.05.2020 20:12:47] Sūtam Tests viņa statistiku
[15.05.2020 20:12:47] Sūtam Tests informāciju par top spēlētājiem
[15.05.2020 20:12:47] Veiksmīgi aizsūtīts!
[15.05.2020 20:12:57] Tests tikko atvienojās no servera, saglabājam viņa spēles datus.
[15.05.2020 20:15:33] Jauns savienojums pieņemts [192.168.8.101:54205]
[15.05.2020 20:15:33] Spēlētājs Intars tikko iegāja savā profilā
[15.05.2020 20:15:33] Sūtam Intars viņa statistiku
[15.05.2020 20:16:03] Saņēmām spēles datus no Intars: 16 punkti, 29 sekundes
[15.05.2020 20:16:03] Spēlētājam Intars jauns augstākais punktu skaits vienā spēlē
[15.05.2020 20:16:47] Saņēmām spēles datus no Intars: 22 punkti, 40,98 sekundes
[15.05.2020 20:16:47] Spēlētājam Intars jauns augstākais punktu skaits vienā spēlē
[15.05.2020 20:16:49] Sūtam Intars viņa statistiku
[15.05.2020 20:16:55] Sūtam Intars informāciju par top spēlētājiem
[15.05.2020 20:16:55] Veiksmīgi aizsūtīts!
[15.05.2020 20:17:08] Intars tikko atvienojās no servera, saglabājam viņa spēles datus.
[15.05.2020 20:25:53] Jauns savienojums pieņemts [192.168.8.123:60098]
[15.05.2020 20:26:05] Kāds centās pierakstīties, bet viņam bija nepareizs nikneims vai parole.
[15.05.2020 20:26:43] Spēlētājs Ju tikko reģistrējās
[15.05.2020 20:26:43] Sūtam Ju viņa statistiku
[15.05.2020 20:26:48] Sūtam Ju informāciju par top spēlētājiem
[15.05.2020 20:26:48] Veiksmīgi aizsūtīts!
[15.05.2020 20:27:10] Saņēmām spēles datus no Ju: 3 punkti, 16,12 sekundes
[15.05.2020 20:27:10] Spēlētājam Ju jauns augstākais punktu skaits vienā spēlē
[15.05.2020 20:27:15] Sūtam Ju viņa statistiku
[15.05.2020 20:27:17] Sūtam Ju informāciju par top spēlētājiem
[15.05.2020 20:27:17] Veiksmīgi aizsūtīts!
[15.05.2020 20:28:12] Ju tikko atvienojās no servera, saglabājam viņa spēles datus.
