[26.04.2020 19:18:39] Notiek servera veidošana...
[26.04.2020 19:18:39] Serveris izveidots. Startējam serveri uz porta 20782!
[26.04.2020 19:18:39] Serveris tika veiksmīgi startēts uz porta 20782!
[26.04.2020 19:18:39] Sākam klausīšanos!
[26.04.2020 19:18:48] Jauns savienojums pieņemts [127.0.0.1:52892]
[26.04.2020 19:18:48] 2 Intars 123
[26.04.2020 19:18:48] Spēlētājs Intars tikko iegāja savā profilā
[26.04.2020 19:18:49] 4
[26.04.2020 19:18:49] Sūtam Intars viņa statistiku
[26.04.2020 19:18:49] 
[26.04.2020 19:18:59] 
[26.04.2020 19:19:02] 3 4 8,14
[26.04.2020 19:19:02] Saņēmām spēles datus no Intars
[26.04.2020 19:19:02] Intars jauns augstākais punktu skaits vienā spēlē
[26.04.2020 19:19:02] Intars jauns augstākais punktu skaits vienā minūtē
[26.04.2020 19:19:04] 
[26.04.2020 19:19:10] 
[26.04.2020 19:19:15] 
[26.04.2020 19:19:20] 
[26.04.2020 19:19:25] 
[26.04.2020 19:19:30] 
[26.04.2020 19:19:35] 
[26.04.2020 19:19:35] 3 19 30,59
[26.04.2020 19:19:35] Saņēmām spēles datus no Intars
[26.04.2020 19:19:35] Intars jauns augstākais punktu skaits vienā spēlē
[26.04.2020 19:19:35] Intars jauns augstākais punktu skaits vienā minūtē
[26.04.2020 19:19:44] 
[26.04.2020 19:19:45] 3 4 6,25
[26.04.2020 19:19:45] Saņēmām spēles datus no Intars
[26.04.2020 19:19:45] Intars jauns augstākais punktu skaits vienā minūtē
[26.04.2020 19:19:49] 
[26.04.2020 19:19:55] 
[26.04.2020 19:20:00] 
[26.04.2020 19:20:05] 
[26.04.2020 19:20:10] 
[26.04.2020 19:20:15] 
[26.04.2020 19:20:20] 
[26.04.2020 19:20:25] 
[26.04.2020 19:20:30] 
[26.04.2020 19:20:35] 
[26.04.2020 19:20:37] 3 36 47,38
[26.04.2020 19:20:37] Saņēmām spēles datus no Intars
[26.04.2020 19:20:37] Intars jauns augstākais punktu skaits vienā spēlē
[26.04.2020 19:20:37] Intars jauns augstākais punktu skaits vienā minūtē
[26.04.2020 19:20:40] 
[26.04.2020 19:20:45] 
[26.04.2020 19:20:50] 
[26.04.2020 19:20:55] 
[26.04.2020 19:21:00] 
[26.04.2020 19:21:05] 
[26.04.2020 19:21:10] 
[26.04.2020 19:21:15] 
[26.04.2020 19:21:25] Intars tikko atvienojās no servera, saglabājam viņa spēles datus.
[26.04.2020 19:21:30] Jauns savienojums pieņemts [127.0.0.1:52924]
[26.04.2020 19:21:30] 2 Intars 123
[26.04.2020 19:21:30] Spēlētājs Intars tikko iegāja savā profilā
[26.04.2020 19:21:30] 4
[26.04.2020 19:21:30] Sūtam Intars viņa statistiku
[26.04.2020 19:21:31] 
[26.04.2020 19:21:36] 
[26.04.2020 19:21:41] 
[26.04.2020 19:21:46] 
[26.04.2020 19:21:51] 
[26.04.2020 19:21:56] 
[26.04.2020 19:22:01] 
[26.04.2020 19:22:06] 
[26.04.2020 19:22:11] 
[26.04.2020 19:22:16] 
[26.04.2020 19:22:21] 
[26.04.2020 19:22:26] 
[26.04.2020 19:22:31] 
[26.04.2020 19:22:36] 
[26.04.2020 19:22:41] 
[26.04.2020 19:22:46] 
[26.04.2020 19:22:51] 
[26.04.2020 19:22:58] 
[26.04.2020 19:23:03] 3 3 9,94
[26.04.2020 19:23:03] Saņēmām spēles datus no Intars
[26.04.2020 19:23:03] Intars jauns augstākais punktu skaits vienā spēlē
[26.04.2020 19:23:03] Intars jauns augstākais punktu skaits vienā minūtē
[26.04.2020 19:23:03] 
[26.04.2020 19:23:07] 3 0 1,77
[26.04.2020 19:23:07] Saņēmām spēles datus no Intars
[26.04.2020 19:23:13] 
[26.04.2020 19:23:15] 3 3 6,56
[26.04.2020 19:23:15] Saņēmām spēles datus no Intars
[26.04.2020 19:23:15] Intars jauns augstākais punktu skaits vienā minūtē
[26.04.2020 19:23:17] 3 0 1,29
[26.04.2020 19:23:17] Saņēmām spēles datus no Intars
[26.04.2020 19:23:24] 3 1 4,75
[26.04.2020 19:23:24] Saņēmām spēles datus no Intars
[26.04.2020 19:23:25] 
[26.04.2020 19:23:28] 3 1 1,87
[26.04.2020 19:23:28] Saņēmām spēles datus no Intars
[26.04.2020 19:23:28] Intars jauns augstākais punktu skaits vienā minūtē
[26.04.2020 19:23:31] 
[26.04.2020 19:23:36] 
[26.04.2020 19:23:41] 
[26.04.2020 19:23:46] 
[26.04.2020 19:23:51] 
[26.04.2020 19:23:56] 
[26.04.2020 19:24:06] Intars tikko atvienojās no servera, saglabājam viņa spēles datus.
[26.04.2020 19:25:15] Jauns savienojums pieņemts [127.0.0.1:52936]
[26.04.2020 19:25:15] 2 Intars 123
[26.04.2020 19:25:15] Kāds centās pierakstīties, bet viņam bija nepareizs nikneims vai parole.
[26.04.2020 19:25:17] 
[26.04.2020 19:25:22] 
[26.04.2020 19:25:24] 1 Intars 123
[26.04.2020 19:25:24] Spēlētājs Intars tikko reģistrējās
[26.04.2020 19:25:24] 4
[26.04.2020 19:25:24] Sūtam Intars viņa statistiku
[26.04.2020 19:25:31] 
[26.04.2020 19:25:33] 3 5 6,36
[26.04.2020 19:25:33] Saņēmām spēles datus no Intars
[26.04.2020 19:25:33] Intars jauns augstākais punktu skaits vienā spēlē
[26.04.2020 19:25:33] Intars jauns augstākais punktu skaits vienā minūtē
[26.04.2020 19:25:37] 3 2 2,52
[26.04.2020 19:25:37] Saņēmām spēles datus no Intars
[26.04.2020 19:25:37] Intars jauns augstākais punktu skaits vienā minūtē
[26.04.2020 19:25:40] 3 2 2,09
[26.04.2020 19:25:40] Saņēmām spēles datus no Intars
[26.04.2020 19:25:40] Intars jauns augstākais punktu skaits vienā minūtē
[26.04.2020 19:25:46] 
[26.04.2020 19:25:50] 3 6 8,66
[26.04.2020 19:25:50] Saņēmām spēles datus no Intars
[26.04.2020 19:25:50] Intars jauns augstākais punktu skaits vienā spēlē
[26.04.2020 19:25:56] 3 1 4,59
[26.04.2020 19:25:56] Saņēmām spēles datus no Intars
[26.04.2020 19:25:56] 
[26.04.2020 19:26:03] 
[26.04.2020 19:26:08] 
[26.04.2020 19:26:11] 3 11 12,89
[26.04.2020 19:26:11] Saņēmām spēles datus no Intars
[26.04.2020 19:26:11] Intars jauns augstākais punktu skaits vienā spēlē
[26.04.2020 19:26:13] 
[26.04.2020 19:26:19] 
[26.04.2020 19:26:24] 
[26.04.2020 19:26:29] 
[26.04.2020 19:26:31] 3 14 17,42
[26.04.2020 19:26:31] Saņēmām spēles datus no Intars
[26.04.2020 19:26:31] Intars jauns augstākais punktu skaits vienā spēlē
[26.04.2020 19:26:38] 
[26.04.2020 19:26:43] 
[26.04.2020 19:26:48] 
[26.04.2020 19:26:53] 
[26.04.2020 19:26:58] 
[26.04.2020 19:27:03] 
[26.04.2020 19:27:08] 
[26.04.2020 19:27:13] 
[26.04.2020 19:27:18] 3 29 44,58
[26.04.2020 19:27:18] Saņēmām spēles datus no Intars
[26.04.2020 19:27:18] Intars jauns augstākais punktu skaits vienā spēlē
[26.04.2020 19:27:18] 
[26.04.2020 19:27:26] 
[26.04.2020 19:27:31] 
[26.04.2020 19:27:41] Intars tikko atvienojās no servera, saglabājam viņa spēles datus.
[26.04.2020 19:27:44] Jauns savienojums pieņemts [127.0.0.1:52948]
[26.04.2020 19:27:44] 2 Intars 123
[26.04.2020 19:27:44] Spēlētājs Intars tikko iegāja savā profilā
