[15.05.2020 21:19:05] Notiek servera veidošana...
[15.05.2020 21:19:05] Serveris izveidots. Startējam serveri uz porta 20782!
[15.05.2020 21:19:05] Serveris tika veiksmīgi startēts uz porta 20782!
[15.05.2020 21:19:05] Sākam klausīšanos!
[15.05.2020 21:19:23] Jauns savienojums pieņemts [192.168.8.101:50599]
[15.05.2020 21:19:23] Spēlētājs Intars tikko iegāja savā profilā
[15.05.2020 21:19:24] Sūtam Intars viņa statistiku
[15.05.2020 21:19:26] Sūtam Intars informāciju par top spēlētājiem
[15.05.2020 21:19:26] Veiksmīgi aizsūtīts!
[15.05.2020 21:19:35] Saņēmām spēles datus no Intars: 5 punkti, 7,84 sekundes
[15.05.2020 21:19:37] Sūtam Intars viņa statistiku
[15.05.2020 21:19:38] Sūtam Intars informāciju par top spēlētājiem
[15.05.2020 21:19:38] Veiksmīgi aizsūtīts!
[15.05.2020 21:19:59] Saņēmām spēles datus no Intars: 5 punkti, 9,13 sekundes
[15.05.2020 21:20:32] Saņēmām spēles datus no Intars: 16 punkti, 30,68 sekundes
[15.05.2020 21:20:32] Spēlētājam Intars jauns augstākais punktu skaits vienā spēlē
[15.05.2020 21:20:33] Sūtam Intars viņa statistiku
[15.05.2020 21:20:34] Intars tikko atvienojās no servera, saglabājam viņa spēles datus.
[15.05.2020 21:20:38] Jauns savienojums pieņemts [192.168.8.101:50619]
[15.05.2020 21:20:38] Spēlētājs Intars tikko iegāja savā profilā
[15.05.2020 21:20:38] Sūtam Intars viņa statistiku
[15.05.2020 21:20:39] Sūtam Intars informāciju par top spēlētājiem
[15.05.2020 21:20:39] Veiksmīgi aizsūtīts!
[15.05.2020 21:22:26] Sūtam Intars informāciju par top spēlētājiem
[15.05.2020 21:22:26] Veiksmīgi aizsūtīts!
[15.05.2020 21:22:29] Intars tikko atvienojās no servera, saglabājam viņa spēles datus.
[15.05.2020 21:25:37] Jauns savienojums pieņemts [192.168.8.101:50823]
[15.05.2020 21:25:37] Spēlētājs Intars tikko iegāja savā profilā
[15.05.2020 21:25:37] Sūtam Intars viņa statistiku
[15.05.2020 21:25:40] Sūtam Intars informāciju par top spēlētājiem
[15.05.2020 21:25:40] Veiksmīgi aizsūtīts!
[15.05.2020 21:25:42] Intars tikko atvienojās no servera, saglabājam viņa spēles datus.
[15.05.2020 21:25:54] Jauns savienojums pieņemts [192.168.8.101:51167]
[15.05.2020 21:25:54] Spēlētājs Testsdivi tikko reģistrējās
[15.05.2020 21:25:54] Sūtam Testsdivi viņa statistiku
[15.05.2020 21:25:56] Sūtam Testsdivi informāciju par top spēlētājiem
[15.05.2020 21:25:56] Veiksmīgi aizsūtīts!
[15.05.2020 21:26:03] Saņēmām spēles datus no Testsdivi: 1 punkti, 2,83 sekundes
[15.05.2020 21:26:03] Spēlētājam Testsdivi jauns augstākais punktu skaits vienā spēlē
[15.05.2020 21:26:04] Sūtam Testsdivi viņa statistiku
[15.05.2020 21:26:05] Sūtam Testsdivi informāciju par top spēlētājiem
[15.05.2020 21:26:05] Veiksmīgi aizsūtīts!
[15.05.2020 21:26:08] Sūtam Testsdivi informāciju par top spēlētājiem
[15.05.2020 21:26:08] Veiksmīgi aizsūtīts!
[15.05.2020 21:26:12] Saņēmām spēles datus no Testsdivi: 1 punkti, 1,94 sekundes
[15.05.2020 21:27:01] Saņēmām spēles datus no Testsdivi: 24 punkti, 48,32 sekundes
[15.05.2020 21:27:01] Spēlētājam Testsdivi jauns augstākais punktu skaits vienā spēlē
[15.05.2020 21:27:30] Saņēmām spēles datus no Testsdivi: 12 punkti, 25,32 sekundes
[15.05.2020 21:27:37] Saņēmām spēles datus no Testsdivi: 3 punkti, 5,3 sekundes
[15.05.2020 21:28:33] Saņēmām spēles datus no Testsdivi: 22 punkti, 55,59 sekundes
[15.05.2020 21:28:39] Saņēmām spēles datus no Testsdivi: 2 punkti, 3,71 sekundes
[15.05.2020 21:28:45] Saņēmām spēles datus no Testsdivi: 2 punkti, 4,99 sekundes
[15.05.2020 21:29:16] Saņēmām spēles datus no Testsdivi: 19 punkti, 30,19 sekundes
[15.05.2020 21:29:40] Saņēmām spēles datus no Testsdivi: 10 punkti, 23,06 sekundes
[15.05.2020 21:29:51] Saņēmām spēles datus no Testsdivi: 5 punkti, 9,62 sekundes
[15.05.2020 21:29:57] Saņēmām spēles datus no Testsdivi: 2 punkti, 5,2 sekundes
[15.05.2020 21:30:14] Saņēmām spēles datus no Testsdivi: 8 punkti, 16,74 sekundes
[15.05.2020 21:30:54] Saņēmām spēles datus no Testsdivi: 17 punkti, 39,25 sekundes
[15.05.2020 21:31:09] Saņēmām spēles datus no Testsdivi: 6 punkti, 14,47 sekundes
[15.05.2020 21:31:28] Saņēmām spēles datus no Testsdivi: 5 punkti, 17,59 sekundes
[15.05.2020 21:31:46] Saņēmām spēles datus no Testsdivi: 8 punkti, 18,02 sekundes
[15.05.2020 21:33:01] Saņēmām spēles datus no Testsdivi: 38 punkti, 74,18 sekundes
[15.05.2020 21:33:01] Spēlētājam Testsdivi jauns augstākais punktu skaits vienā spēlē
[15.05.2020 21:33:01] Spēlētājam Testsdivi jauns augstākais punktu skaits vienā minūtē
[15.05.2020 21:33:03] Sūtam Testsdivi viņa statistiku
[15.05.2020 21:33:04] Sūtam Testsdivi informāciju par top spēlētājiem
[15.05.2020 21:33:04] Veiksmīgi aizsūtīts!
[15.05.2020 21:34:26] Sūtam Testsdivi informāciju par top spēlētājiem
[15.05.2020 21:34:26] Veiksmīgi aizsūtīts!
[15.05.2020 21:34:42] Saņēmām spēles datus no Testsdivi: 8 punkti, 14,25 sekundes
[15.05.2020 21:34:44] Sūtam Testsdivi viņa statistiku
[15.05.2020 21:35:33] Sūtam Testsdivi informāciju par top spēlētājiem
[15.05.2020 21:35:33] Veiksmīgi aizsūtīts!
[15.05.2020 21:35:44] Saņēmām spēles datus no Testsdivi: 4 punkti, 4,64 sekundes
[15.05.2020 21:35:46] Sūtam Testsdivi viņa statistiku
[15.05.2020 21:36:16] Testsdivi tikko atvienojās no servera, saglabājam viņa spēles datus.
[15.05.2020 21:36:17] Jauns savienojums pieņemts [192.168.8.101:51813]
[15.05.2020 21:36:17] Spēlētājs Intars tikko iegāja savā profilā
[15.05.2020 21:36:17] Sūtam Intars viņa statistiku
