[15.05.2020 21:44:06] Notiek servera veidošana...
[15.05.2020 21:44:07] Serveris izveidots. Startējam serveri uz porta 20782!
[15.05.2020 21:44:07] Serveris tika veiksmīgi startēts uz porta 20782!
[15.05.2020 21:44:07] Sākam klausīšanos!
[15.05.2020 21:44:10] Jauns savienojums pieņemts [192.168.8.101:52368]
[15.05.2020 21:44:10] Spēlētājs Intars tikko iegāja savā profilā
[15.05.2020 21:44:10] Sūtam Intars viņa statistiku
[15.05.2020 21:44:12] Sūtam Intars informāciju par top spēlētājiem
[15.05.2020 21:44:12] Veiksmīgi aizsūtīts!
[15.05.2020 21:45:05] Saņēmām spēles datus no Intars: 23 punkti, 51,18 sekundes
[15.05.2020 21:45:05] Spēlētājam Intars jauns augstākais punktu skaits vienā spēlē
[15.05.2020 21:47:40] Saņēmām spēles datus no Intars: 41 punkti, 154,35 sekundes
[15.05.2020 21:47:40] Spēlētājam Intars jauns augstākais punktu skaits vienā spēlē
[15.05.2020 21:47:40] Spēlētājam Intars jauns augstākais punktu skaits vienā minūtē
[15.05.2020 21:48:16] Saņēmām spēles datus no Intars: 19 punkti, 35,25 sekundes
[15.05.2020 21:48:38] Sūtam Intars viņa statistiku
[15.05.2020 21:48:39] Intars tikko atvienojās no servera, saglabājam viņa spēles datus.
[15.05.2020 21:51:30] Jauns savienojums pieņemts [192.168.8.101:54847]
[15.05.2020 21:51:30] Spēlētājs Intars tikko iegāja savā profilā
[15.05.2020 21:51:30] Sūtam Intars viņa statistiku
[15.05.2020 21:51:43] Sūtam Intars informāciju par top spēlētājiem
[15.05.2020 21:51:43] Veiksmīgi aizsūtīts!
[15.05.2020 21:52:35] Intars tikko atvienojās no servera, saglabājam viņa spēles datus.
[15.05.2020 22:12:09] Jauns savienojums pieņemts [192.168.8.101:57421]
[15.05.2020 22:12:19] Kāds atvienojās no servera
[15.05.2020 22:29:21] Jauns savienojums pieņemts [192.168.8.123:59158]
[15.05.2020 22:29:21] Spēlētājs Intars tikko iegāja savā profilā
[15.05.2020 22:29:22] Sūtam Intars viņa statistiku
[15.05.2020 22:29:23] Sūtam Intars informāciju par top spēlētājiem
[15.05.2020 22:29:23] Veiksmīgi aizsūtīts!
[15.05.2020 22:30:04] Intars tikko atvienojās no servera, saglabājam viņa spēles datus.
[15.05.2020 22:30:55] Jauns savienojums pieņemts [192.168.8.123:59487]
[15.05.2020 22:31:02] Kāds centās pierakstīties, bet viņam bija nepareizs nikneims vai parole.
[15.05.2020 22:31:05] Kāds centās pierakstīties, bet viņam bija nepareizs nikneims vai parole.
[15.05.2020 22:31:15] Kāds centās reģistrēties ar nikneimu Intars, bet tāds jau eksistēja
[15.05.2020 22:31:23] Spēlētājs test tikko reģistrējās
[15.05.2020 22:31:23] Sūtam test viņa statistiku
[15.05.2020 22:31:24] Sūtam test informāciju par top spēlētājiem
[15.05.2020 22:31:24] Veiksmīgi aizsūtīts!
[15.05.2020 22:31:42] Sūtam test informāciju par top spēlētājiem
[15.05.2020 22:31:42] Veiksmīgi aizsūtīts!
[15.05.2020 22:32:05] Saņēmām spēles datus no test: 12 punkti, 20,91 sekundes
[15.05.2020 22:32:05] Spēlētājam test jauns augstākais punktu skaits vienā spēlē
[15.05.2020 22:32:08] Saņēmām spēles datus no test: 0 punkti, 1,56 sekundes
[15.05.2020 22:32:10] Saņēmām spēles datus no test: 0 punkti, 1,52 sekundes
[15.05.2020 22:32:36] Saņēmām spēles datus no test: 7 punkti, 25,24 sekundes
[15.05.2020 22:32:39] Saņēmām spēles datus no test: 0 punkti, 2,16 sekundes
[15.05.2020 22:32:42] Saņēmām spēles datus no test: 0 punkti, 1,93 sekundes
[15.05.2020 22:32:44] Saņēmām spēles datus no test: 0 punkti, 1,43 sekundes
[15.05.2020 22:32:46] Saņēmām spēles datus no test: 0 punkti, 1,22 sekundes
[15.05.2020 22:32:51] Saņēmām spēles datus no test: 0 punkti, 4,88 sekundes
[15.05.2020 22:33:12] Saņēmām spēles datus no test: 0 punkti, 19,68 sekundes
[15.05.2020 22:34:48] Saņēmām spēles datus no test: 5 punkti, 93 sekundes
[15.05.2020 22:35:05] test tikko atvienojās no servera, saglabājam viņa spēles datus.
[15.05.2020 22:35:25] Jauns savienojums pieņemts [192.168.8.101:59797]
[15.05.2020 22:35:31] Spēlētājs Intars tikko iegāja savā profilā
[15.05.2020 22:35:31] Sūtam Intars viņa statistiku
[15.05.2020 22:35:33] Sūtam Intars informāciju par top spēlētājiem
[15.05.2020 22:35:33] Veiksmīgi aizsūtīts!
[15.05.2020 22:41:51] Sūtam Intars informāciju par top spēlētājiem
[15.05.2020 22:41:51] Veiksmīgi aizsūtīts!
[15.05.2020 22:41:57] Saņēmām spēles datus no Intars: 1 punkti, 1,88 sekundes
[15.05.2020 22:41:59] Saņēmām spēles datus no Intars: 0 punkti, 1,05 sekundes
[15.05.2020 22:42:26] Saņēmām spēles datus no Intars: 11 punkti, 25,42 sekundes
[15.05.2020 22:42:28] Saņēmām spēles datus no Intars: 0 punkti, 1,41 sekundes
[15.05.2020 22:42:35] Saņēmām spēles datus no Intars: 2 punkti, 6,42 sekundes
[15.05.2020 22:42:37] Sūtam Intars viņa statistiku
[15.05.2020 22:42:39] Intars tikko atvienojās no servera, saglabājam viņa spēles datus.
