[26.04.2020 19:31:29] Notiek servera veidošana...
[26.04.2020 19:31:29] Serveris izveidots. Startējam serveri uz porta 20782!
[26.04.2020 19:31:29] Serveris tika veiksmīgi startēts uz porta 20782!
[26.04.2020 19:31:29] Sākam klausīšanos!
[26.04.2020 19:32:02] Jauns savienojums pieņemts [127.0.0.1:52970]
[26.04.2020 19:32:02] Spēlētājs Intars tikko reģistrējās
[26.04.2020 19:32:02] Sūtam Intars viņa statistiku
[26.04.2020 19:32:53] Saņēmām spēles datus no Intars: 36 punkti, 43,01 sekundes
[26.04.2020 19:32:53] Spēlētājam Intars jauns augstākais punktu skaits vienā spēlē
[26.04.2020 19:32:53] Spēlētājam Intars jauns augstākais punktu skaits vienā minūtē
[26.04.2020 19:33:20] Saņēmām spēles datus no Intars: 0 punkti, 1,43 sekundes
[26.04.2020 19:33:42] Saņēmām spēles datus no Intars: 16 punkti, 18,09 sekundes
[26.04.2020 19:33:42] Spēlētājam Intars jauns augstākais punktu skaits vienā minūtē
[26.04.2020 19:34:05] Saņēmām spēles datus no Intars: 17 punkti, 19,4 sekundes
[26.04.2020 19:34:18] Saņēmām spēles datus no Intars: 11 punkti, 9,75 sekundes
[26.04.2020 19:34:18] Spēlētājam Intars jauns augstākais punktu skaits vienā minūtē
[26.04.2020 19:34:28] Intars tikko atvienojās no servera, saglabājam viņa spēles datus.
[26.04.2020 19:34:35] Jauns savienojums pieņemts [127.0.0.1:52982]
[26.04.2020 19:34:35] Spēlētājs Intars tikko iegāja savā profilā
[26.04.2020 19:34:35] Sūtam Intars viņa statistiku
[26.04.2020 19:36:28] Saņēmām spēles datus no Intars: 1 punkti, 3,14 sekundes
[26.04.2020 19:36:33] Saņēmām spēles datus no Intars: 1 punkti, 2,39 sekundes
[26.04.2020 19:36:39] Saņēmām spēles datus no Intars: 5 punkti, 5,21 sekundes
[26.04.2020 19:36:59] Saņēmām spēles datus no Intars: 17 punkti, 17,04 sekundes
[26.04.2020 19:37:52] Intars tikko atvienojās no servera, saglabājam viņa spēles datus.
[26.04.2020 19:37:58] Jauns savienojums pieņemts [127.0.0.1:52993]
[26.04.2020 19:37:58] Spēlētājs Intars tikko iegāja savā profilā
[26.04.2020 19:37:58] Sūtam Intars viņa statistiku
[26.04.2020 19:40:12] Saņēmām spēles datus no Intars: 14 punkti, 16,17 sekundes
[26.04.2020 19:40:24] Saņēmām spēles datus no Intars: 4 punkti, 7,06 sekundes
[26.04.2020 19:40:30] Saņēmām spēles datus no Intars: 5 punkti, 5,4 sekundes
[26.04.2020 19:40:38] Saņēmām spēles datus no Intars: 4 punkti, 5,19 sekundes
[26.04.2020 19:41:04] Saņēmām spēles datus no Intars: 10 punkti, 15,37 sekundes
[26.04.2020 19:41:09] Saņēmām spēles datus no Intars: 2 punkti, 3,34 sekundes
[26.04.2020 19:41:13] Saņēmām spēles datus no Intars: 0 punkti, 2,47 sekundes
[26.04.2020 19:41:21] Saņēmām spēles datus no Intars: 1 punkti, 2,2 sekundes
[26.04.2020 19:41:24] Saņēmām spēles datus no Intars: 0 punkti, 1,32 sekundes
[26.04.2020 19:41:26] Saņēmām spēles datus no Intars: 0 punkti, 1,87 sekundes
[26.04.2020 19:41:28] Saņēmām spēles datus no Intars: 0 punkti, 0,89 sekundes
[26.04.2020 19:41:30] Saņēmām spēles datus no Intars: 0 punkti, 0,74 sekundes
[26.04.2020 19:41:53] Saņēmām spēles datus no Intars: 9 punkti, 21,79 sekundes
[26.04.2020 19:42:05] Saņēmām spēles datus no Intars: 4 punkti, 5,49 sekundes
[26.04.2020 19:42:20] Saņēmām spēles datus no Intars: 9 punkti, 13,26 sekundes
[26.04.2020 19:42:24] Saņēmām spēles datus no Intars: 1 punkti, 2,66 sekundes
[26.04.2020 19:42:34] Intars tikko atvienojās no servera, saglabājam viņa spēles datus.
[26.04.2020 19:42:45] Jauns savienojums pieņemts [127.0.0.1:53010]
[26.04.2020 19:42:45] Kāds centās pierakstīties, bet viņam bija nepareizs nikneims vai parole.
[26.04.2020 19:42:56] Spēlētājs Intars tikko iegāja savā profilā
[26.04.2020 19:42:56] Sūtam Intars viņa statistiku
[26.04.2020 19:46:31] Intars tikko atvienojās no servera, saglabājam viņa spēles datus.
[26.04.2020 19:46:37] Jauns savienojums pieņemts [127.0.0.1:53026]
[26.04.2020 19:46:37] Spēlētājs Intars tikko iegāja savā profilā
[26.04.2020 19:46:38] Sūtam Intars viņa statistiku
[26.04.2020 19:51:04] Intars tikko atvienojās no servera, saglabājam viņa spēles datus.
[26.04.2020 19:55:28] Jauns savienojums pieņemts [127.0.0.1:53069]
[26.04.2020 19:55:28] Spēlētājs Intars tikko iegāja savā profilā
[26.04.2020 19:55:28] Sūtam Intars viņa statistiku
[26.04.2020 19:56:21] Saņēmām spēles datus no Intars: 6 punkti, 14,33 sekundes
[26.04.2020 19:56:22] Sūtam Intars viņa statistiku
[26.04.2020 19:57:42] Intars tikko atvienojās no servera, saglabājam viņa spēles datus.
[26.04.2020 19:58:18] Jauns savienojums pieņemts [127.0.0.1:53088]
[26.04.2020 19:58:18] Spēlētājs Intars tikko iegāja savā profilā
[26.04.2020 19:58:18] Sūtam Intars viņa statistiku
[26.04.2020 19:58:45] Saņēmām spēles datus no Intars: 3 punkti, 5,26 sekundes
[26.04.2020 19:58:47] Sūtam Intars viņa statistiku
[26.04.2020 19:58:51] Saņēmām spēles datus no Intars: 1 punkti, 2,25 sekundes
[26.04.2020 19:58:51] Sūtam Intars viņa statistiku
[26.04.2020 19:58:54] Saņēmām spēles datus no Intars: 0 punkti, 0,88 sekundes
[26.04.2020 19:58:55] Sūtam Intars viņa statistiku
[26.04.2020 19:59:30] Intars tikko atvienojās no servera, saglabājam viņa spēles datus.
[26.04.2020 19:59:41] Jauns savienojums pieņemts [127.0.0.1:53098]
[26.04.2020 19:59:41] Spēlētājs Intars tikko iegāja savā profilā
[26.04.2020 19:59:41] Sūtam Intars viņa statistiku
[26.04.2020 19:59:45] Saņēmām spēles datus no Intars: 0 punkti, 2,22 sekundes
[26.04.2020 19:59:48] Sūtam Intars viņa statistiku
[26.04.2020 20:00:04] Saņēmām spēles datus no Intars: 6 punkti, 8,4 sekundes
[26.04.2020 20:00:05] Sūtam Intars viņa statistiku
[26.04.2020 20:00:08] Saņēmām spēles datus no Intars: 0 punkti, 1,11 sekundes
[26.04.2020 20:00:09] Sūtam Intars viņa statistiku
[26.04.2020 20:00:52] Saņēmām spēles datus no Intars: 2 punkti, 2,7 sekundes
[26.04.2020 20:01:14] Saņēmām spēles datus no Intars: 8 punkti, 11 sekundes
[26.04.2020 20:01:15] Sūtam Intars viņa statistiku
[26.04.2020 20:02:45] Saņēmām spēles datus no Intars: 15 punkti, 25,66 sekundes
[26.04.2020 20:02:57] Saņēmām spēles datus no Intars: 5 punkti, 7,41 sekundes
[26.04.2020 20:03:08] Saņēmām spēles datus no Intars: 7 punkti, 10,1 sekundes
[26.04.2020 20:03:17] Saņēmām spēles datus no Intars: 0 punkti, 6,58 sekundes
[26.04.2020 20:03:25] Saņēmām spēles datus no Intars: 3 punkti, 4,99 sekundes
[26.04.2020 20:03:29] Sūtam Intars viņa statistiku
[26.04.2020 20:12:51] Saņēmām spēles datus no Intars: 4 punkti, 10,45 sekundes
[26.04.2020 20:14:00] Saņēmām spēles datus no Intars: 16 punkti, 29,19 sekundes
[26.04.2020 20:14:10] Saņēmām spēles datus no Intars: 9 punkti, 8,89 sekundes
[26.04.2020 20:14:49] Saņēmām spēles datus no Intars: 18 punkti, 36,2 sekundes
[26.04.2020 20:15:28] Saņēmām spēles datus no Intars: 25 punkti, 36,34 sekundes
[26.04.2020 20:15:30] Saņēmām spēles datus no Intars: 0 punkti, 1,51 sekundes
[26.04.2020 20:15:43] Saņēmām spēles datus no Intars: 1 punkti, 11,44 sekundes
[26.04.2020 20:15:44] Sūtam Intars viņa statistiku
[26.04.2020 20:16:56] Saņēmām spēles datus no Intars: 1 punkti, 1,61 sekundes
[26.04.2020 20:16:57] Sūtam Intars viņa statistiku
[26.04.2020 20:17:25] Saņēmām spēles datus no Intars: 14 punkti, 21,55 sekundes
[26.04.2020 20:17:29] Saņēmām spēles datus no Intars: 1 punkti, 3,79 sekundes
[26.04.2020 20:17:37] Saņēmām spēles datus no Intars: 4 punkti, 6,93 sekundes
[26.04.2020 20:17:48] Saņēmām spēles datus no Intars: 5 punkti, 9,35 sekundes
[26.04.2020 20:17:58] Saņēmām spēles datus no Intars: 3 punkti, 5,5 sekundes
[26.04.2020 20:18:11] Saņēmām spēles datus no Intars: 8 punkti, 11,21 sekundes
[26.04.2020 20:18:24] Saņēmām spēles datus no Intars: 6 punkti, 12,69 sekundes
[26.04.2020 20:18:26] Saņēmām spēles datus no Intars: 1 punkti, 1,29 sekundes
[26.04.2020 20:18:52] Saņēmām spēles datus no Intars: 18 punkti, 25,02 sekundes
[26.04.2020 20:19:04] Saņēmām spēles datus no Intars: 8 punkti, 11,1 sekundes
[26.04.2020 20:19:21] Saņēmām spēles datus no Intars: 14 punkti, 15,83 sekundes
[26.04.2020 20:19:29] Saņēmām spēles datus no Intars: 6 punkti, 7,36 sekundes
[26.04.2020 20:19:49] Saņēmām spēles datus no Intars: 19 punkti, 19,47 sekundes
[26.04.2020 20:20:21] Saņēmām spēles datus no Intars: 13 punkti, 31,54 sekundes
[26.04.2020 20:20:26] Saņēmām spēles datus no Intars: 3 punkti, 4,06 sekundes
[26.04.2020 20:20:47] Saņēmām spēles datus no Intars: 4 punkti, 19,71 sekundes
[26.04.2020 20:21:03] Saņēmām spēles datus no Intars: 8 punkti, 14,81 sekundes
[26.04.2020 20:21:06] Saņēmām spēles datus no Intars: 1 punkti, 1,61 sekundes
[26.04.2020 20:21:20] Saņēmām spēles datus no Intars: 5 punkti, 13,57 sekundes
[26.04.2020 20:21:52] Saņēmām spēles datus no Intars: 15 punkti, 30,82 sekundes
[26.04.2020 20:22:21] Saņēmām spēles datus no Intars: 20 punkti, 28,19 sekundes
[26.04.2020 20:22:41] Saņēmām spēles datus no Intars: 12 punkti, 19,17 sekundes
[26.04.2020 20:22:46] Saņēmām spēles datus no Intars: 1 punkti, 3,3 sekundes
[26.04.2020 20:22:48] Saņēmām spēles datus no Intars: 0 punkti, 1,26 sekundes
[26.04.2020 20:23:26] Saņēmām spēles datus no Intars: 8 punkti, 36,35 sekundes
[26.04.2020 20:23:28] Saņēmām spēles datus no Intars: 1 punkti, 2,06 sekundes
[26.04.2020 20:23:41] Saņēmām spēles datus no Intars: 7 punkti, 12,01 sekundes
[26.04.2020 20:23:45] Saņēmām spēles datus no Intars: 0 punkti, 2,21 sekundes
[26.04.2020 20:23:58] Saņēmām spēles datus no Intars: 11 punkti, 12,18 sekundes
[26.04.2020 20:24:02] Saņēmām spēles datus no Intars: 0 punkti, 2,13 sekundes
[26.04.2020 20:24:18] Saņēmām spēles datus no Intars: 11 punkti, 15,14 sekundes
[26.04.2020 20:25:02] Saņēmām spēles datus no Intars: 26 punkti, 42,41 sekundes
[26.04.2020 20:25:18] Saņēmām spēles datus no Intars: 4 punkti, 7,79 sekundes
[26.04.2020 20:25:21] Saņēmām spēles datus no Intars: 0 punkti, 1,75 sekundes
[26.04.2020 20:25:24] Saņēmām spēles datus no Intars: 0 punkti, 1,44 sekundes
[26.04.2020 20:25:27] Saņēmām spēles datus no Intars: 1 punkti, 2,21 sekundes
[26.04.2020 20:25:56] Saņēmām spēles datus no Intars: 15 punkti, 27,63 sekundes
[26.04.2020 20:26:14] Saņēmām spēles datus no Intars: 10 punkti, 16,63 sekundes
[26.04.2020 20:27:03] Saņēmām spēles datus no Intars: 11 punkti, 47,31 sekundes
[26.04.2020 20:27:07] Saņēmām spēles datus no Intars: 2 punkti, 2,96 sekundes
[26.04.2020 22:20:43] Saņēmām spēles datus no Intars: 1 punkti, 6792,84 sekundes
[26.04.2020 22:21:08] Sūtam Intars viņa statistiku
[26.04.2020 22:21:34] Saņēmām spēles datus no Intars: 0 punkti, 1,28 sekundes
[26.04.2020 22:21:57] Saņēmām spēles datus no Intars: 13 punkti, 22,21 sekundes
[26.04.2020 22:22:02] Sūtam Intars viņa statistiku
[26.04.2020 22:22:18] Intars tikko atvienojās no servera, saglabājam viņa spēles datus.
[26.04.2020 22:25:18] Jauns savienojums pieņemts [127.0.0.1:55295]
[26.04.2020 22:25:18] Spēlētājs Tests tikko reģistrējās
[26.04.2020 22:25:18] Sūtam Tests viņa statistiku
[26.04.2020 22:25:40] Saņēmām spēles datus no Tests: 11 punkti, 15,93 sekundes
[26.04.2020 22:25:40] Spēlētājam Tests jauns augstākais punktu skaits vienā spēlē
[26.04.2020 22:25:40] Spēlētājam Tests jauns augstākais punktu skaits vienā minūtē
[26.04.2020 22:25:42] Sūtam Tests viņa statistiku
[26.04.2020 22:26:08] Saņēmām spēles datus no Tests: 5 punkti, 14,51 sekundes
[26.04.2020 22:26:32] Saņēmām spēles datus no Tests: 12 punkti, 22,79 sekundes
[26.04.2020 22:26:32] Spēlētājam Tests jauns augstākais punktu skaits vienā spēlē
[26.04.2020 22:27:14] Saņēmām spēles datus no Tests: 26 punkti, 40,7 sekundes
[26.04.2020 22:27:14] Spēlētājam Tests jauns augstākais punktu skaits vienā spēlē
[26.04.2020 22:27:22] Saņēmām spēles datus no Tests: 3 punkti, 5,63 sekundes
[26.04.2020 22:27:33] Saņēmām spēles datus no Tests: 4 punkti, 10,48 sekundes
[26.04.2020 22:27:47] Saņēmām spēles datus no Tests: 11 punkti, 12,74 sekundes
[26.04.2020 22:27:47] Spēlētājam Tests jauns augstākais punktu skaits vienā minūtē
[26.04.2020 22:28:05] Saņēmām spēles datus no Tests: 10 punkti, 16,91 sekundes
[26.04.2020 22:28:45] Saņēmām spēles datus no Tests: 25 punkti, 38,19 sekundes
[26.04.2020 22:28:57] Saņēmām spēles datus no Tests: 8 punkti, 11,31 sekundes
[26.04.2020 22:29:23] Saņēmām spēles datus no Tests: 16 punkti, 25,5 sekundes
[26.04.2020 22:29:35] Saņēmām spēles datus no Tests: 6 punkti, 10,62 sekundes
[26.04.2020 22:29:52] Saņēmām spēles datus no Tests: 9 punkti, 16,08 sekundes
[26.04.2020 22:30:12] Saņēmām spēles datus no Tests: 12 punkti, 18,2 sekundes
[26.04.2020 22:30:33] Saņēmām spēles datus no Tests: 9 punkti, 20,65 sekundes
[26.04.2020 22:30:52] Saņēmām spēles datus no Tests: 8 punkti, 18,23 sekundes
[26.04.2020 22:30:57] Sūtam Tests viņa statistiku
[26.04.2020 22:31:55] Saņēmām spēles datus no Tests: 2 punkti, 3,42 sekundes
[26.04.2020 22:32:01] Saņēmām spēles datus no Tests: 0 punkti, 2,5 sekundes
[26.04.2020 22:32:20] Saņēmām spēles datus no Tests: 10 punkti, 17,3 sekundes
[26.04.2020 22:32:22] Saņēmām spēles datus no Tests: 1 punkti, 1,46 sekundes
[26.04.2020 22:32:45] Saņēmām spēles datus no Tests: 12 punkti, 22,15 sekundes
[26.04.2020 22:32:48] Saņēmām spēles datus no Tests: 0 punkti, 1,8 sekundes
[26.04.2020 22:33:17] Saņēmām spēles datus no Tests: 17 punkti, 28,53 sekundes
[26.04.2020 22:33:19] Sūtam Tests viņa statistiku
[26.04.2020 22:33:57] Saņēmām spēles datus no Tests: 17 punkti, 31,89 sekundes
[26.04.2020 22:34:23] Saņēmām spēles datus no Tests: 3 punkti, 24,74 sekundes
[26.04.2020 22:34:24] Sūtam Tests viņa statistiku
[26.04.2020 22:37:48] Saņēmām spēles datus no Tests: 45 punkti, 68,82 sekundes
[26.04.2020 22:37:48] Spēlētājam Tests jauns augstākais punktu skaits vienā spēlē
[26.04.2020 22:37:53] Sūtam Tests viņa statistiku
[26.04.2020 22:38:13] Saņēmām spēles datus no Tests: 8 punkti, 10,35 sekundes
[26.04.2020 22:38:48] Sūtam Tests viņa statistiku
[26.04.2020 22:38:58] Tests tikko atvienojās no servera, saglabājam viņa spēles datus.
[26.04.2020 22:42:20] Jauns savienojums pieņemts [127.0.0.1:55445]
[26.04.2020 22:42:20] Kāds centās pierakstīties, bet viņam bija nepareizs nikneims vai parole.
[26.04.2020 22:42:21] Kāds centās pierakstīties, bet viņam bija nepareizs nikneims vai parole.
[26.04.2020 22:42:21] Kāds centās pierakstīties, bet viņam bija nepareizs nikneims vai parole.
[26.04.2020 22:42:22] Kāds centās pierakstīties, bet viņam bija nepareizs nikneims vai parole.
[26.04.2020 22:42:22] Kāds centās pierakstīties, bet viņam bija nepareizs nikneims vai parole.
[26.04.2020 22:42:23] Kāds centās pierakstīties, bet viņam bija nepareizs nikneims vai parole.
[26.04.2020 22:42:23] Kāds centās pierakstīties, bet viņam bija nepareizs nikneims vai parole.
[26.04.2020 22:42:23] Kāds centās pierakstīties, bet viņam bija nepareizs nikneims vai parole.
[26.04.2020 22:42:24] Kāds centās pierakstīties, bet viņam bija nepareizs nikneims vai parole.
[26.04.2020 22:42:24] Kāds centās pierakstīties, bet viņam bija nepareizs nikneims vai parole.
[26.04.2020 22:42:24] Kāds centās pierakstīties, bet viņam bija nepareizs nikneims vai parole.
[26.04.2020 22:42:37] Kāds centās pierakstīties, bet viņam bija nepareizs nikneims vai parole.
[26.04.2020 22:42:38] Kāds centās pierakstīties, bet viņam bija nepareizs nikneims vai parole.
[26.04.2020 22:42:38] Kāds centās pierakstīties, bet viņam bija nepareizs nikneims vai parole.
[26.04.2020 22:42:39] Kāds centās pierakstīties, bet viņam bija nepareizs nikneims vai parole.
[26.04.2020 22:43:00] Kāds centās reģistrēties ar nikneimu Tests, bet tāds jau eksistēja
[26.04.2020 22:43:04] Kāds centās reģistrēties ar nikneimu Tests, bet tāds jau eksistēja
[26.04.2020 22:43:19] Spēlētājs Intars tikko iegāja savā profilā
[26.04.2020 22:43:19] Sūtam Intars viņa statistiku
[26.04.2020 22:44:05] Saņēmām spēles datus no Intars: 20 punkti, 29,76 sekundes
[26.04.2020 22:44:09] Sūtam Intars viņa statistiku
[26.04.2020 22:44:20] Saņēmām spēles datus no Intars: 3 punkti, 5,46 sekundes
[26.04.2020 22:44:21] Sūtam Intars viņa statistiku
[26.04.2020 22:45:25] Saņēmām spēles datus no Intars: 4 punkti, 11,56 sekundes
[26.04.2020 22:45:39] Saņēmām spēles datus no Intars: 9 punkti, 13,19 sekundes
[26.04.2020 22:46:20] Saņēmām spēles datus no Intars: 12 punkti, 40,18 sekundes
[26.04.2020 22:46:31] Saņēmām spēles datus no Intars: 2 punkti, 7,75 sekundes
[26.04.2020 22:46:34] Saņēmām spēles datus no Intars: 1 punkti, 2,01 sekundes
[26.04.2020 22:46:51] Saņēmām spēles datus no Intars: 11 punkti, 15,81 sekundes
[26.04.2020 22:46:53] Saņēmām spēles datus no Intars: 0 punkti, 1,28 sekundes
[26.04.2020 22:46:54] Sūtam Intars viņa statistiku
[26.04.2020 22:47:32] Saņēmām spēles datus no Intars: 24 punkti, 35,32 sekundes
[26.04.2020 22:47:34] Sūtam Intars viņa statistiku
[26.04.2020 22:47:56] Saņēmām spēles datus no Intars: 0 punkti, 2,97 sekundes
[26.04.2020 22:47:57] Sūtam Intars viņa statistiku
[26.04.2020 22:47:59] Saņēmām spēles datus no Intars: 0 punkti, 1,26 sekundes
[26.04.2020 22:48:03] Saņēmām spēles datus no Intars: 1 punkti, 1,52 sekundes
[26.04.2020 22:48:13] Saņēmām spēles datus no Intars: 6 punkti, 9,56 sekundes
[26.04.2020 22:48:27] Saņēmām spēles datus no Intars: 9 punkti, 13,53 sekundes
[26.04.2020 22:48:32] Saņēmām spēles datus no Intars: 0 punkti, 3,22 sekundes
[26.04.2020 22:48:36] Saņēmām spēles datus no Intars: 2 punkti, 3,72 sekundes
[26.04.2020 22:48:54] Saņēmām spēles datus no Intars: 12 punkti, 17,25 sekundes
[26.04.2020 22:49:02] Saņēmām spēles datus no Intars: 2 punkti, 6,8 sekundes
[26.04.2020 22:49:10] Saņēmām spēles datus no Intars: 4 punkti, 7,98 sekundes
[26.04.2020 22:49:27] Saņēmām spēles datus no Intars: 6 punkti, 10,02 sekundes
[26.04.2020 22:49:33] Saņēmām spēles datus no Intars: 7 punkti, 10,91 sekundes
[26.04.2020 22:49:36] Saņēmām spēles datus no Intars: 0 punkti, 2,16 sekundes
[26.04.2020 22:50:29] Saņēmām spēles datus no Intars: 28 punkti, 51,46 sekundes
[26.04.2020 22:50:33] Saņēmām spēles datus no Intars: 3 punkti, 3,58 sekundes
[26.04.2020 22:50:45] Saņēmām spēles datus no Intars: 9 punkti, 10,78 sekundes
[26.04.2020 22:51:04] Saņēmām spēles datus no Intars: 11 punkti, 19,13 sekundes
[26.04.2020 22:51:37] Saņēmām spēles datus no Intars: 20 punkti, 31,57 sekundes
[26.04.2020 22:51:47] Saņēmām spēles datus no Intars: 1 punkti, 5,03 sekundes
[26.04.2020 22:51:47] Saņēmām spēles datus no Intars: 2 punkti, 2,99 sekundes
[26.04.2020 22:51:51] Saņēmām spēles datus no Intars: 2 punkti, 3,39 sekundes
[26.04.2020 22:52:16] Saņēmām spēles datus no Intars: 16 punkti, 24,02 sekundes
[26.04.2020 22:52:22] Saņēmām spēles datus no Intars: 3 punkti, 4,63 sekundes
[26.04.2020 22:52:41] Saņēmām spēles datus no Intars: 6 punkti, 17,87 sekundes
[26.04.2020 22:52:43] Sūtam Intars viņa statistiku
[26.04.2020 22:53:40] Saņēmām spēles datus no Intars: 9 punkti, 20,52 sekundes
[26.04.2020 22:54:21] Saņēmām spēles datus no Intars: 14 punkti, 37,83 sekundes
[26.04.2020 22:55:00] Saņēmām spēles datus no Intars: 17 punkti, 38,32 sekundes
[26.04.2020 22:55:05] Saņēmām spēles datus no Intars: 1 punkti, 3,24 sekundes
[26.04.2020 22:55:06] Sūtam Intars viņa statistiku
[26.04.2020 22:55:36] Intars tikko atvienojās no servera, saglabājam viņa spēles datus.
