[26.04.2020 16:28:53] Notiek servera veidošana...
[26.04.2020 16:28:53] Serveris izveidots. Startējam serveri uz porta 20782!
[26.04.2020 16:28:53] Serveris tika veiksmīgi startēts uz porta 20782!
[26.04.2020 16:28:53] Sākam klausīšanos!
[26.04.2020 16:30:24] Jauns savienojums ar id 1 pieņemts [127.0.0.1:51726]
[26.04.2020 16:30:24] 1 Tests 123
[26.04.2020 16:30:24] Spēlētājs Tests tikko reģistrējās
[26.04.2020 16:30:29] 
[26.04.2020 16:30:34] 
[26.04.2020 16:30:39] 
[26.04.2020 16:30:44] 
[26.04.2020 16:30:49] 
[26.04.2020 16:30:54] 
[26.04.2020 16:30:59] 
[26.04.2020 16:31:04] 
[26.04.2020 16:31:09] 
[26.04.2020 16:31:14] 
[26.04.2020 16:31:19] 
[26.04.2020 16:31:24] 
[26.04.2020 16:31:29] 
[26.04.2020 16:31:34] 
[26.04.2020 16:31:39] 
[26.04.2020 16:31:44] 
[26.04.2020 16:31:49] 
[26.04.2020 16:31:54] 
[26.04.2020 16:31:59] 
[26.04.2020 16:32:04] 
[26.04.2020 16:32:09] 
[26.04.2020 16:32:14] 
[26.04.2020 16:32:19] 
[26.04.2020 16:32:24] 
[26.04.2020 16:32:29] 
[26.04.2020 16:32:34] 
[26.04.2020 16:32:39] 
[26.04.2020 16:32:44] 
[26.04.2020 16:32:49] 
[26.04.2020 16:32:54] 
[26.04.2020 16:32:59] 
[26.04.2020 16:33:04] 
[26.04.2020 16:33:09] 
[26.04.2020 16:33:14] 
[26.04.2020 16:33:19] 
[26.04.2020 16:33:24] 
[26.04.2020 16:33:29] 
