[15.05.2020 14:31:21] Notiek servera veidošana...
[15.05.2020 14:31:21] Serveris izveidots. Startējam serveri uz porta 20782!
[15.05.2020 14:31:21] Serveris tika veiksmīgi startēts uz porta 20782!
[15.05.2020 14:31:21] Sākam klausīšanos!
[15.05.2020 14:31:28] Jauns savienojums pieņemts [127.0.0.1:59857]
[15.05.2020 14:31:28] Spēlētājs Intars tikko iegāja savā profilā
[15.05.2020 14:31:28] Sūtam Intars viņa statistiku
[15.05.2020 14:31:28] 55 395 838,4802 68 39,41
[15.05.2020 14:31:43] Saņēmām spēles datus no Intars: 2 punkti, 7,81 sekundes
[15.05.2020 14:31:46] Sūtam Intars viņa statistiku
[15.05.2020 14:31:46] 56 397 846,2902 68 39,41
[15.05.2020 14:34:03] Intars tikko atvienojās no servera, saglabājam viņa spēles datus.
[15.05.2020 14:34:10] Jauns savienojums pieņemts [127.0.0.1:59881]
[15.05.2020 14:34:10] Spēlētājs Intars tikko iegāja savā profilā
[15.05.2020 14:34:10] Sūtam Intars viņa statistiku
[15.05.2020 14:34:10] 56 397 846,2902 68 39,41
[15.05.2020 14:34:25] Saņēmām spēles datus no Intars: 7 punkti, 12,8 sekundes
[15.05.2020 14:34:27] Sūtam Intars viņa statistiku
[15.05.2020 14:34:27] 57 404 859,0902 68 39,41
[15.05.2020 14:36:53] Intars tikko atvienojās no servera, saglabājam viņa spēles datus.
[15.05.2020 14:36:59] Jauns savienojums pieņemts [127.0.0.1:60019]
[15.05.2020 14:36:59] Spēlētājs Intars tikko iegāja savā profilā
[15.05.2020 14:36:59] Sūtam Intars viņa statistiku
[15.05.2020 14:36:59] 57 404 859,0902 68 39,41
[15.05.2020 14:37:19] Saņēmām spēles datus no Intars: 11 punkti, 18,22 sekundes
[15.05.2020 14:37:21] Sūtam Intars viņa statistiku
[15.05.2020 14:37:21] 58 415 877,3102 68 39,41
[15.05.2020 14:37:46] Intars tikko atvienojās no servera, saglabājam viņa spēles datus.
[15.05.2020 14:38:13] Jauns savienojums pieņemts [127.0.0.1:60025]
[15.05.2020 14:38:13] Spēlētājs Intars tikko iegāja savā profilā
[15.05.2020 14:38:13] Sūtam Intars viņa statistiku
[15.05.2020 14:38:13] 58 415 877,3102 68 39,41
[15.05.2020 14:38:20] Saņēmām spēles datus no Intars: 1 punkti, 2,32 sekundes
[15.05.2020 14:38:21] Sūtam Intars viņa statistiku
[15.05.2020 14:38:21] 59 416 879,6302 68 39,41
[15.05.2020 14:38:51] Intars tikko atvienojās no servera, saglabājam viņa spēles datus.
[15.05.2020 14:39:24] Jauns savienojums pieņemts [127.0.0.1:60043]
[15.05.2020 14:39:24] Spēlētājs Intars tikko iegāja savā profilā
[15.05.2020 14:39:24] Sūtam Intars viņa statistiku
[15.05.2020 14:39:24] 59 416 879,6302 68 39,41
[15.05.2020 14:39:28] Saņēmām spēles datus no Intars: 0 punkti, 1,63 sekundes
[15.05.2020 14:39:29] Sūtam Intars viņa statistiku
[15.05.2020 14:39:29] 60 416 881,2602 68 39,41
[15.05.2020 14:39:58] Intars tikko atvienojās no servera, saglabājam viņa spēles datus.
