[29.04.2020 17:04:52] Notiek servera veidošana...
[29.04.2020 17:04:52] Serveris izveidots. Startējam serveri uz porta 20782!
[29.04.2020 17:04:52] Serveris tika veiksmīgi startēts uz porta 20782!
[29.04.2020 17:04:52] Sākam klausīšanos!
[29.04.2020 17:04:55] Jauns savienojums pieņemts [127.0.0.1:55907]
[29.04.2020 17:05:08] Kāds centās pierakstīties, bet viņam bija nepareizs nikneims vai parole.
[29.04.2020 17:05:11] Spēlētājs Intars tikko iegāja savā profilā
[29.04.2020 17:05:11] Sūtam Intars viņa statistiku
[29.04.2020 17:05:22] Saņēmām spēles datus no Intars: 2 punkti, 2,66 sekundes
[29.04.2020 17:05:27] Sūtam Intars viņa statistiku
[29.04.2020 17:05:42] Saņēmām spēles datus no Intars: 5 punkti, 7,3 sekundes
[29.04.2020 17:06:16] Saņēmām spēles datus no Intars: 14 punkti, 27,43 sekundes
[29.04.2020 17:06:22] Sūtam Intars viņa statistiku
[29.04.2020 17:06:28] Saņēmām spēles datus no Intars: 3 punkti, 4,07 sekundes
[29.04.2020 17:06:29] Sūtam Intars viņa statistiku
[29.04.2020 17:07:17] Saņēmām spēles datus no Intars: 26 punkti, 47,19 sekundes
[29.04.2020 17:07:17] Spēlētājam Intars jauns augstākais punktu skaits vienā minūtē
[29.04.2020 17:07:53] Saņēmām spēles datus no Intars: 16 punkti, 34,08 sekundes
[29.04.2020 17:07:56] Sūtam Intars viņa statistiku
[29.04.2020 17:08:27] Intars tikko atvienojās no servera, saglabājam viņa spēles datus.
