[15.05.2020 19:44:38] Notiek servera veidošana...
[15.05.2020 19:44:38] Serveris izveidots. Startējam serveri uz porta 20782!
[15.05.2020 19:44:38] Serveris tika veiksmīgi startēts uz porta 20782!
[15.05.2020 19:44:38] Sākam klausīšanos!
[15.05.2020 19:44:51] Jauns savienojums pieņemts [192.168.8.101:55051]
[15.05.2020 19:44:56] Spēlētājs Intars tikko iegāja savā profilā
[15.05.2020 19:44:56] Sūtam Intars viņa statistiku
[15.05.2020 19:44:57] Sūtam Intars informāciju par top spēlētājiem
[15.05.2020 19:44:57] Veiksmīgi aizsūtīts!
[15.05.2020 19:45:40] Saņēmām spēles datus no Intars: 0 punkti, 1,77 sekundes
[15.05.2020 19:46:21] Sūtam Intars viņa statistiku
[15.05.2020 19:50:52] Intars tikko atvienojās no servera, saglabājam viņa spēles datus.
[15.05.2020 19:51:11] Jauns savienojums pieņemts [192.168.8.101:50783]
[15.05.2020 19:51:11] Spēlētājs Intars tikko iegāja savā profilā
[15.05.2020 19:51:11] Sūtam Intars viņa statistiku
[15.05.2020 19:51:12] Sūtam Intars informāciju par top spēlētājiem
[15.05.2020 19:51:12] Veiksmīgi aizsūtīts!
[15.05.2020 19:51:51] Intars tikko atvienojās no servera, saglabājam viņa spēles datus.
[15.05.2020 19:53:04] Jauns savienojums pieņemts [192.168.8.101:50839]
[15.05.2020 19:53:04] Spēlētājs Intars tikko iegāja savā profilā
[15.05.2020 19:53:04] Sūtam Intars viņa statistiku
[15.05.2020 19:53:05] Sūtam Intars informāciju par top spēlētājiem
[15.05.2020 19:53:05] Veiksmīgi aizsūtīts!
