[15.05.2020 16:24:09] Notiek servera veidošana...
[15.05.2020 16:24:09] Serveris izveidots. Startējam serveri uz porta 20782!
[15.05.2020 16:24:09] Serveris tika veiksmīgi startēts uz porta 20782!
[15.05.2020 16:24:10] Sākam klausīšanos!
[15.05.2020 16:24:21] Jauns savienojums pieņemts [127.0.0.1:64431]
[15.05.2020 16:24:21] Spēlētājs Intars tikko iegāja savā profilā
[15.05.2020 16:24:21] Sūtam Intars viņa statistiku
[15.05.2020 16:24:24] Saņēmām spēles datus no Intars: 0 punkti, 1,28 sekundes
[15.05.2020 16:24:25] Sūtam Intars viņa statistiku
[15.05.2020 16:24:31] Saņēmām spēles datus no Intars: 2 punkti, 5,08 sekundes
[15.05.2020 16:24:32] Sūtam Intars viņa statistiku
[15.05.2020 16:25:09] Saņēmām spēles datus no Intars: 1 punkti, 4,36 sekundes
[15.05.2020 16:26:08] Saņēmām spēles datus no Intars: 28 punkti, 55,88 sekundes
[15.05.2020 16:26:08] Spēlētājam Intars jauns augstākais punktu skaits vienā spēlē
[15.05.2020 16:26:08] Spēlētājam Intars jauns augstākais punktu skaits vienā minūtē
[15.05.2020 16:26:11] Sūtam Intars viņa statistiku
[15.05.2020 16:28:25] Intars tikko atvienojās no servera, saglabājam viņa spēles datus.
[15.05.2020 16:50:10] Jauns savienojums pieņemts [127.0.0.1:49492]
[15.05.2020 16:50:10] Spēlētājs Intars tikko iegāja savā profilā
[15.05.2020 16:50:10] Sūtam Intars viņa statistiku
[15.05.2020 16:50:22] Intars tikko atvienojās no servera, saglabājam viņa spēles datus.
[15.05.2020 16:51:28] Jauns savienojums pieņemts [127.0.0.1:49654]
[15.05.2020 16:51:29] Spēlētājs Intars tikko iegāja savā profilā
[15.05.2020 16:51:29] Sūtam Intars viņa statistiku
[15.05.2020 16:51:32] Sūtam Intars viņa statistiku
[15.05.2020 16:51:42] Intars tikko atvienojās no servera, saglabājam viņa spēles datus.
