[15.05.2020 21:12:02] Notiek servera veidošana...
[15.05.2020 21:12:02] Serveris izveidots. Startējam serveri uz porta 20782!
[15.05.2020 21:12:02] Serveris tika veiksmīgi startēts uz porta 20782!
[15.05.2020 21:12:02] Sākam klausīšanos!
[15.05.2020 21:12:06] Jauns savienojums pieņemts [192.168.8.101:49549]
[15.05.2020 21:12:06] Spēlētājs Tests tikko iegāja savā profilā
[15.05.2020 21:12:06] Sūtam Tests viņa statistiku
[15.05.2020 21:12:11] Saņēmām spēles datus no Tests: 1 punkti, 3,66 sekundes
[15.05.2020 21:12:11] Spēlētājam Tests jauns augstākais punktu skaits vienā spēlē
[15.05.2020 21:12:12] Sūtam Tests viņa statistiku
[15.05.2020 21:12:12] Sūtam Tests informāciju par top spēlētājiem
[15.05.2020 21:12:12] Veiksmīgi aizsūtīts!
[15.05.2020 21:14:38] Tests tikko atvienojās no servera, saglabājam viņa spēles datus.
[15.05.2020 21:14:47] Jauns savienojums pieņemts [192.168.8.101:49656]
[15.05.2020 21:14:47] Spēlētājs Mmeh tikko reģistrējās
[15.05.2020 21:14:47] Sūtam Mmeh viņa statistiku
[15.05.2020 21:14:52] Saņēmām spēles datus no Mmeh: 2 punkti, 4,19 sekundes
[15.05.2020 21:14:52] Spēlētājam Mmeh jauns augstākais punktu skaits vienā spēlē
[15.05.2020 21:14:53] Sūtam Mmeh viņa statistiku
[15.05.2020 21:14:53] Sūtam Mmeh informāciju par top spēlētājiem
[15.05.2020 21:14:53] Veiksmīgi aizsūtīts!
[15.05.2020 21:15:23] Mmeh tikko atvienojās no servera, saglabājam viņa spēles datus.
