[15.05.2020 14:19:16] Notiek servera veidošana...
[15.05.2020 14:19:16] Serveris izveidots. Startējam serveri uz porta 20782!
[15.05.2020 14:19:16] Serveris tika veiksmīgi startēts uz porta 20782!
[15.05.2020 14:19:16] Sākam klausīšanos!
[15.05.2020 14:19:31] Jauns savienojums pieņemts [127.0.0.1:59030]
[15.05.2020 14:19:31] Spēlētājs Intars tikko iegāja savā profilā
[15.05.2020 14:19:31] Sūtam Intars viņa statistiku
[15.05.2020 14:19:38] Saņēmām spēles datus no Intars: 2 punkti, 4,19 sekundes
[15.05.2020 14:19:53] Sūtam Intars viņa statistiku
[15.05.2020 14:20:16] Saņēmām spēles datus no Intars: 9 punkti, 18,04 sekundes
[15.05.2020 14:20:19] Sūtam Intars viņa statistiku
[15.05.2020 14:24:01] Saņēmām spēles datus no Intars: 0 punkti, 2,02 sekundes
[15.05.2020 14:24:02] Sūtam Intars viņa statistiku
[15.05.2020 14:24:06] Saņēmām spēles datus no Intars: 0 punkti, 1,2 sekundes
[15.05.2020 14:24:07] Sūtam Intars viņa statistiku
[15.05.2020 14:24:09] Intars tikko atvienojās no servera, saglabājam viņa spēles datus.
[15.05.2020 14:24:16] Jauns savienojums pieņemts [127.0.0.1:59379]
[15.05.2020 14:24:16] Spēlētājs Intars tikko iegāja savā profilā
[15.05.2020 14:24:16] Sūtam Intars viņa statistiku
[15.05.2020 14:24:26] Saņēmām spēles datus no Intars: 5 punkti, 5,77 sekundes
[15.05.2020 14:24:28] Sūtam Intars viņa statistiku
[15.05.2020 14:25:43] Saņēmām spēles datus no Intars: 1 punkti, 3,23 sekundes
[15.05.2020 14:25:44] Sūtam Intars viņa statistiku
[15.05.2020 14:27:46] Saņēmām spēles datus no Intars: 0 punkti, 2,14 sekundes
[15.05.2020 14:27:48] Sūtam Intars viņa statistiku
[15.05.2020 14:27:52] Saņēmām spēles datus no Intars: 0 punkti, 1,61 sekundes
[15.05.2020 14:27:53] Sūtam Intars viņa statistiku
[15.05.2020 14:27:58] Saņēmām spēles datus no Intars: 1 punkti, 3,09 sekundes
[15.05.2020 14:27:59] Sūtam Intars viņa statistiku
[15.05.2020 14:28:12] Saņēmām spēles datus no Intars: 0 punkti, 1,02 sekundes
[15.05.2020 14:28:13] Sūtam Intars viņa statistiku
[15.05.2020 14:30:04] Intars tikko atvienojās no servera, saglabājam viņa spēles datus.
[15.05.2020 14:30:14] Jauns savienojums pieņemts [127.0.0.1:59706]
[15.05.2020 14:30:14] Spēlētājs Intars tikko iegāja savā profilā
[15.05.2020 14:30:14] Sūtam Intars viņa statistiku
[15.05.2020 14:30:29] Saņēmām spēles datus no Intars: 2 punkti, 3,57 sekundes
[15.05.2020 14:30:33] Sūtam Intars viņa statistiku
