[02.05.2020 15:45:32] Notiek servera veidošana...
[02.05.2020 15:45:32] Serveris izveidots. Startējam serveri uz porta 20782!
[02.05.2020 15:45:32] Serveris tika veiksmīgi startēts uz porta 20782!
[02.05.2020 15:45:32] Sākam klausīšanos!
[02.05.2020 15:45:37] Jauns savienojums pieņemts [127.0.0.1:51061]
[02.05.2020 15:45:56] Kāds centās pierakstīties, bet viņam bija nepareizs nikneims vai parole.
[02.05.2020 15:46:16] Kāds centās pierakstīties, bet viņam bija nepareizs nikneims vai parole.
[02.05.2020 15:46:20] Kāds centās pierakstīties, bet viņam bija nepareizs nikneims vai parole.
[02.05.2020 15:46:21] Kāds centās pierakstīties, bet viņam bija nepareizs nikneims vai parole.
[02.05.2020 15:46:22] Kāds centās pierakstīties, bet viņam bija nepareizs nikneims vai parole.
[02.05.2020 15:46:23] Kāds centās pierakstīties, bet viņam bija nepareizs nikneims vai parole.
[02.05.2020 15:47:52] Kāds centās pierakstīties, bet viņam bija nepareizs nikneims vai parole.
[02.05.2020 15:47:59] Spēlētājs intars tikko reģistrējās
[02.05.2020 15:47:59] Sūtam intars viņa statistiku
[02.05.2020 15:48:14] Saņēmām spēles datus no intars: 10 punkti, 12,68 sekundes
[02.05.2020 15:48:14] Spēlētājam intars jauns augstākais punktu skaits vienā spēlē
[02.05.2020 15:48:39] Saņēmām spēles datus no intars: 14 punkti, 16,53 sekundes
[02.05.2020 15:48:39] Spēlētājam intars jauns augstākais punktu skaits vienā spēlē
[02.05.2020 15:48:47] Saņēmām spēles datus no intars: 3 punkti, 7,14 sekundes
[02.05.2020 15:48:56] Saņēmām spēles datus no intars: 6 punkti, 7,95 sekundes
[02.05.2020 15:50:41] Saņēmām spēles datus no intars: 69 punkti, 104,36 sekundes
[02.05.2020 15:50:41] Spēlētājam intars jauns augstākais punktu skaits vienā spēlē
[02.05.2020 15:50:41] Spēlētājam intars jauns augstākais punktu skaits vienā minūtē
[02.05.2020 15:51:01] Sūtam intars viņa statistiku
[02.05.2020 15:52:39] Saņēmām spēles datus no intars: 9 punkti, 15,68 sekundes
[02.05.2020 15:53:07] Saņēmām spēles datus no intars: 15 punkti, 26,76 sekundes
[02.05.2020 15:53:10] Saņēmām spēles datus no intars: 0 punkti, 1,91 sekundes
[02.05.2020 15:53:22] Saņēmām spēles datus no intars: 7 punkti, 11,08 sekundes
[02.05.2020 15:53:56] Sūtam intars viņa statistiku
[02.05.2020 15:54:17] intars tikko atvienojās no servera, saglabājam viņa spēles datus.
[02.05.2020 16:04:14] Jauns savienojums pieņemts [127.0.0.1:51236]
[02.05.2020 16:04:14] Kāds centās pierakstīties, bet viņam bija nepareizs nikneims vai parole.
[02.05.2020 16:04:20] Kāds centās pierakstīties, bet viņam bija nepareizs nikneims vai parole.
[02.05.2020 16:04:21] Kāds centās pierakstīties, bet viņam bija nepareizs nikneims vai parole.
[02.05.2020 16:04:22] Kāds centās pierakstīties, bet viņam bija nepareizs nikneims vai parole.
[02.05.2020 16:04:23] Kāds centās pierakstīties, bet viņam bija nepareizs nikneims vai parole.
[02.05.2020 16:04:28] Kāds centās pierakstīties, bet viņam bija nepareizs nikneims vai parole.
[02.05.2020 16:04:36] Spēlētājs intars tikko iegāja savā profilā
[02.05.2020 16:04:36] Sūtam intars viņa statistiku
[02.05.2020 16:04:45] Saņēmām spēles datus no intars: 1 punkti, 2,82 sekundes
[02.05.2020 16:04:46] Sūtam intars viņa statistiku
[02.05.2020 16:04:56] intars tikko atvienojās no servera, saglabājam viņa spēles datus.
[02.05.2020 16:08:11] Jauns savienojums pieņemts [127.0.0.1:51265]
[02.05.2020 16:08:19] Spēlētājs Intars tikko iegāja savā profilā
[02.05.2020 16:08:19] Sūtam Intars viņa statistiku
[02.05.2020 16:08:36] Saņēmām spēles datus no Intars: 10 punkti, 14,49 sekundes
[02.05.2020 16:08:38] Sūtam Intars viņa statistiku
[02.05.2020 16:08:57] Saņēmām spēles datus no Intars: 2 punkti, 9,52 sekundes
[02.05.2020 16:09:02] Saņēmām spēles datus no Intars: 0 punkti, 3,57 sekundes
[02.05.2020 16:09:06] Sūtam Intars viņa statistiku
[02.05.2020 16:09:09] Saņēmām spēles datus no Intars: 0 punkti, 0,85 sekundes
[02.05.2020 16:09:10] Sūtam Intars viņa statistiku
[02.05.2020 16:09:33] Saņēmām spēles datus no Intars: 2 punkti, 8,83 sekundes
[02.05.2020 16:09:38] Saņēmām spēles datus no Intars: 0 punkti, 2,27 sekundes
[02.05.2020 16:09:39] Sūtam Intars viņa statistiku
[02.05.2020 16:09:42] Saņēmām spēles datus no Intars: 0 punkti, 1,48 sekundes
