[15.05.2020 21:16:51] Notiek servera veidošana...
[15.05.2020 21:16:51] Serveris izveidots. Startējam serveri uz porta 20782!
[15.05.2020 21:16:51] Serveris tika veiksmīgi startēts uz porta 20782!
[15.05.2020 21:16:51] Sākam klausīšanos!
[15.05.2020 21:17:07] Jauns savienojums pieņemts [192.168.8.101:50533]
[15.05.2020 21:17:07] Spēlētājs Intars tikko reģistrējās
[15.05.2020 21:17:07] Sūtam Intars viņa statistiku
[15.05.2020 21:17:08] Sūtam Intars informāciju par top spēlētājiem
[15.05.2020 21:17:08] Veiksmīgi aizsūtīts!
[15.05.2020 21:17:32] Saņēmām spēles datus no Intars: 13 punkti, 21,56 sekundes
[15.05.2020 21:17:32] Spēlētājam Intars jauns augstākais punktu skaits vienā spēlē
[15.05.2020 21:17:34] Sūtam Intars viņa statistiku
[15.05.2020 21:17:35] Sūtam Intars informāciju par top spēlētājiem
[15.05.2020 21:17:35] Veiksmīgi aizsūtīts!
[15.05.2020 21:17:38] Intars tikko atvienojās no servera, saglabājam viņa spēles datus.
[15.05.2020 21:17:46] Jauns savienojums pieņemts [192.168.8.101:50553]
[15.05.2020 21:17:46] Spēlētājs Tests tikko reģistrējās
[15.05.2020 21:17:46] Sūtam Tests viņa statistiku
[15.05.2020 21:17:47] Sūtam Tests informāciju par top spēlētājiem
[15.05.2020 21:17:47] Veiksmīgi aizsūtīts!
[15.05.2020 21:17:56] Saņēmām spēles datus no Tests: 3 punkti, 6,78 sekundes
[15.05.2020 21:17:56] Spēlētājam Tests jauns augstākais punktu skaits vienā spēlē
[15.05.2020 21:17:57] Sūtam Tests viņa statistiku
[15.05.2020 21:17:57] Sūtam Tests informāciju par top spēlētājiem
[15.05.2020 21:17:57] Veiksmīgi aizsūtīts!
[15.05.2020 21:18:26] Saņēmām spēles datus no Tests: 15 punkti, 25,01 sekundes
[15.05.2020 21:18:26] Spēlētājam Tests jauns augstākais punktu skaits vienā spēlē
[15.05.2020 21:18:26] Sūtam Tests viņa statistiku
[15.05.2020 21:18:27] Sūtam Tests informāciju par top spēlētājiem
[15.05.2020 21:18:27] Veiksmīgi aizsūtīts!
