[26.04.2020 22:58:11] Notiek servera veidošana...
[26.04.2020 22:58:11] Serveris izveidots. Startējam serveri uz porta 20782!
[26.04.2020 22:58:11] Serveris tika veiksmīgi startēts uz porta 20782!
[26.04.2020 22:58:11] Sākam klausīšanos!
[26.04.2020 22:59:01] Jauns savienojums pieņemts [127.0.0.1:55637]
[26.04.2020 22:59:01] Kāds centās pierakstīties, bet viņam bija nepareizs nikneims vai parole.
[26.04.2020 22:59:01] Kāds centās pierakstīties, bet viņam bija nepareizs nikneims vai parole.
[26.04.2020 22:59:02] Kāds centās pierakstīties, bet viņam bija nepareizs nikneims vai parole.
[26.04.2020 22:59:05] Spēlētājs Intars tikko iegāja savā profilā
[26.04.2020 22:59:05] Sūtam Intars viņa statistiku
[26.04.2020 22:59:16] Saņēmām spēles datus no Intars: 1 punkti, 4,04 sekundes
[26.04.2020 22:59:16] Spēlētājam Intars jauns augstākais punktu skaits vienā spēlē
[26.04.2020 22:59:20] Saņēmām spēles datus no Intars: 0 punkti, 2,09 sekundes
[26.04.2020 22:59:20] Sūtam Intars viņa statistiku
[26.04.2020 22:59:37] Saņēmām spēles datus no Intars: 2 punkti, 5,29 sekundes
[26.04.2020 22:59:37] Spēlētājam Intars jauns augstākais punktu skaits vienā spēlē
[26.04.2020 22:59:41] Saņēmām spēles datus no Intars: 1 punkti, 4 sekundes
[26.04.2020 22:59:46] Saņēmām spēles datus no Intars: 2 punkti, 3,59 sekundes
[26.04.2020 22:59:49] Saņēmām spēles datus no Intars: 1 punkti, 2,31 sekundes
[26.04.2020 22:59:59] Intars tikko atvienojās no servera, saglabājam viņa spēles datus.
[26.04.2020 23:00:32] Jauns savienojums pieņemts [127.0.0.1:55658]
[26.04.2020 23:00:32] Spēlētājs Intars tikko iegāja savā profilā
[26.04.2020 23:00:32] Sūtam Intars viņa statistiku
[26.04.2020 23:00:43] Saņēmām spēles datus no Intars: 2 punkti, 8,7 sekundes
[26.04.2020 23:01:10] Saņēmām spēles datus no Intars: 17 punkti, 24 sekundes
[26.04.2020 23:01:10] Spēlētājam Intars jauns augstākais punktu skaits vienā spēlē
[26.04.2020 23:01:11] Sūtam Intars viņa statistiku
[26.04.2020 23:01:59] Saņēmām spēles datus no Intars: 25 punkti, 45,72 sekundes
[26.04.2020 23:01:59] Spēlētājam Intars jauns augstākais punktu skaits vienā spēlē
[26.04.2020 23:01:59] Spēlētājam Intars jauns augstākais punktu skaits vienā minūtē
[26.04.2020 23:02:01] Sūtam Intars viņa statistiku
[26.04.2020 23:02:13] Saņēmām spēles datus no Intars: 0 punkti, 1,12 sekundes
[26.04.2020 23:02:13] Sūtam Intars viņa statistiku
[26.04.2020 23:02:16] Saņēmām spēles datus no Intars: 0 punkti, 1,24 sekundes
[26.04.2020 23:02:17] Sūtam Intars viņa statistiku
[26.04.2020 23:02:44] Saņēmām spēles datus no Intars: 1 punkti, 2,22 sekundes
[26.04.2020 23:02:48] Saņēmām spēles datus no Intars: 2 punkti, 3,02 sekundes
[26.04.2020 23:02:58] Saņēmām spēles datus no Intars: 3 punkti, 8,24 sekundes
[26.04.2020 23:03:00] Saņēmām spēles datus no Intars: 0 punkti, 1,57 sekundes
[26.04.2020 23:04:02] Saņēmām spēles datus no Intars: 32 punkti, 61,71 sekundes
[26.04.2020 23:04:02] Spēlētājam Intars jauns augstākais punktu skaits vienā spēlē
[26.04.2020 23:04:05] Saņēmām spēles datus no Intars: 0 punkti, 2,13 sekundes
[26.04.2020 23:05:23] Saņēmām spēles datus no Intars: 34 punkti, 77,03 sekundes
[26.04.2020 23:05:23] Spēlētājam Intars jauns augstākais punktu skaits vienā spēlē
[26.04.2020 23:05:25] Sūtam Intars viņa statistiku
[26.04.2020 23:05:40] Intars tikko atvienojās no servera, saglabājam viņa spēles datus.
[26.04.2020 23:06:03] Jauns savienojums pieņemts [127.0.0.1:55716]
[26.04.2020 23:06:23] Kāds centās pierakstīties, bet viņam bija nepareizs nikneims vai parole.
[27.04.2020 13:51:19] Kāds centās pierakstīties, bet viņam bija nepareizs nikneims vai parole.
[27.04.2020 13:51:28] Spēlētājs Intars tikko iegāja savā profilā
[27.04.2020 13:51:28] Sūtam Intars viņa statistiku
[27.04.2020 13:51:51] Saņēmām spēles datus no Intars: 5 punkti, 8,57 sekundes
[27.04.2020 13:52:07] Saņēmām spēles datus no Intars: 5 punkti, 14,48 sekundes
[27.04.2020 13:52:23] Saņēmām spēles datus no Intars: 7 punkti, 15,58 sekundes
[27.04.2020 13:52:29] Saņēmām spēles datus no Intars: 2 punkti, 4,82 sekundes
[27.04.2020 13:52:55] Saņēmām spēles datus no Intars: 15 punkti, 25,49 sekundes
[27.04.2020 13:53:05] Intars tikko atvienojās no servera, saglabājam viņa spēles datus.
