[02.05.2020 18:09:27] Notiek servera veidošana...
[02.05.2020 18:09:27] Serveris izveidots. Startējam serveri uz porta 20782!
[02.05.2020 18:09:27] Serveris tika veiksmīgi startēts uz porta 20782!
[02.05.2020 18:09:27] Sākam klausīšanos!
[02.05.2020 18:09:32] Jauns savienojums pieņemts [127.0.0.1:51844]
[02.05.2020 18:09:32] Spēlētājs Intars tikko iegāja savā profilā
[02.05.2020 18:09:32] Sūtam Intars viņa statistiku
[02.05.2020 18:09:50] Saņēmām spēles datus no Intars: 8 punkti, 16,83 sekundes
[02.05.2020 18:10:11] Saņēmām spēles datus no Intars: 10 punkti, 20,14 sekundes
[02.05.2020 18:10:12] Sūtam Intars viņa statistiku
[02.05.2020 18:10:56] Saņēmām spēles datus no Intars: 18 punkti, 42,18 sekundes
[02.05.2020 18:10:58] Saņēmām spēles datus no Intars: 0 punkti, 1,45 sekundes
[02.05.2020 18:11:31] Saņēmām spēles datus no Intars: 3 punkti, 32,19 sekundes
[02.05.2020 18:11:36] Saņēmām spēles datus no Intars: 2 punkti, 3,91 sekundes
[02.05.2020 18:11:39] Saņēmām spēles datus no Intars: 0 punkti, 2,25 sekundes
[02.05.2020 18:11:44] Saņēmām spēles datus no Intars: 0 punkti, 3,93 sekundes
[02.05.2020 18:11:53] Saņēmām spēles datus no Intars: 5 punkti, 7,89 sekundes
[02.05.2020 18:11:55] Sūtam Intars viņa statistiku
[02.05.2020 18:12:08] Saņēmām spēles datus no Intars: 1 punkti, 11,56 sekundes
[02.05.2020 18:12:41] Saņēmām spēles datus no Intars: 1 punkti, 29,51 sekundes
[02.05.2020 18:13:28] Saņēmām spēles datus no Intars: 16 punkti, 46,02 sekundes
[02.05.2020 18:13:33] Saņēmām spēles datus no Intars: 3 punkti, 4,49 sekundes
[02.05.2020 18:14:51] Saņēmām spēles datus no Intars: 22 punkti, 77,15 sekundes
[02.05.2020 18:15:12] Intars tikko atvienojās no servera, saglabājam viņa spēles datus.
[02.05.2020 18:18:00] Jauns savienojums pieņemts [127.0.0.1:52004]
[02.05.2020 18:18:00] Spēlētājs Intars tikko iegāja savā profilā
[02.05.2020 18:18:01] Sūtam Intars viņa statistiku
[02.05.2020 18:18:22] Saņēmām spēles datus no Intars: 9 punkti, 17,86 sekundes
[02.05.2020 18:18:24] Sūtam Intars viņa statistiku
[02.05.2020 18:19:10] Saņēmām spēles datus no Intars: 18 punkti, 45,54 sekundes
[02.05.2020 18:19:16] Saņēmām spēles datus no Intars: 3 punkti, 4,31 sekundes
[02.05.2020 18:19:17] Sūtam Intars viņa statistiku
[02.05.2020 18:19:20] Saņēmām spēles datus no Intars: 0 punkti, 1,35 sekundes
[02.05.2020 18:19:31] Saņēmām spēles datus no Intars: 6 punkti, 11,06 sekundes
[02.05.2020 18:20:10] Saņēmām spēles datus no Intars: 20 punkti, 38,19 sekundes
[02.05.2020 18:20:15] Saņēmām spēles datus no Intars: 2 punkti, 3,52 sekundes
[02.05.2020 18:21:46] Saņēmām spēles datus no Intars: 59 punkti, 89,83 sekundes
[02.05.2020 18:21:46] Spēlētājam Intars jauns augstākais punktu skaits vienā minūtē
[02.05.2020 18:22:13] Sūtam Intars viņa statistiku
[02.05.2020 18:22:17] Saņēmām spēles datus no Intars: 0 punkti, 1 sekundes
[02.05.2020 18:22:18] Sūtam Intars viņa statistiku
[02.05.2020 18:22:21] Saņēmām spēles datus no Intars: 0 punkti, 1,01 sekundes
[02.05.2020 18:22:22] Sūtam Intars viņa statistiku
[02.05.2020 18:22:25] Saņēmām spēles datus no Intars: 0 punkti, 1,18 sekundes
[02.05.2020 18:22:26] Sūtam Intars viņa statistiku
[02.05.2020 18:22:30] Saņēmām spēles datus no Intars: 1 punkti, 2,25 sekundes
[02.05.2020 18:22:31] Sūtam Intars viņa statistiku
[02.05.2020 18:23:24] Saņēmām spēles datus no Intars: 13 punkti, 20,81 sekundes
[02.05.2020 18:23:31] Saņēmām spēles datus no Intars: 3 punkti, 5,01 sekundes
[02.05.2020 18:23:31] Sūtam Intars viņa statistiku
[02.05.2020 18:24:15] Saņēmām spēles datus no Intars: 17 punkti, 21,39 sekundes
[02.05.2020 18:24:16] Sūtam Intars viņa statistiku
[02.05.2020 18:24:50] Saņēmām spēles datus no Intars: 1 punkti, 3,2 sekundes
[02.05.2020 18:24:51] Sūtam Intars viņa statistiku
[02.05.2020 18:25:16] Saņēmām spēles datus no Intars: 17 punkti, 23,9 sekundes
[02.05.2020 18:25:21] Sūtam Intars viņa statistiku
[02.05.2020 18:25:46] Intars tikko atvienojās no servera, saglabājam viņa spēles datus.
[02.05.2020 18:26:26] Jauns savienojums pieņemts [127.0.0.1:52111]
[02.05.2020 18:26:27] Spēlētājs intars tikko iegāja savā profilā
[02.05.2020 18:26:27] Sūtam intars viņa statistiku
[02.05.2020 18:26:43] intars tikko atvienojās no servera, saglabājam viņa spēles datus.
[02.05.2020 18:26:56] Jauns savienojums pieņemts [127.0.0.1:52123]
[02.05.2020 18:27:24] Kāds centās pierakstīties, bet viņam bija nepareizs nikneims vai parole.
[02.05.2020 18:27:26] Kāds centās pierakstīties, bet viņam bija nepareizs nikneims vai parole.
[02.05.2020 18:27:27] Kāds centās pierakstīties, bet viņam bija nepareizs nikneims vai parole.
[02.05.2020 18:27:38] Spēlētājs intars tikko iegāja savā profilā
[02.05.2020 18:27:38] Sūtam intars viņa statistiku
[02.05.2020 18:27:43] Saņēmām spēles datus no intars: 2 punkti, 3,36 sekundes
[02.05.2020 18:28:08] Saņēmām spēles datus no intars: 16 punkti, 24,43 sekundes
[02.05.2020 18:28:12] Saņēmām spēles datus no intars: 2 punkti, 3,29 sekundes
[02.05.2020 18:28:39] Saņēmām spēles datus no intars: 18 punkti, 26,42 sekundes
[02.05.2020 18:28:53] Saņēmām spēles datus no intars: 14 punkti, 12,83 sekundes
[02.05.2020 18:29:11] Saņēmām spēles datus no intars: 7 punkti, 11 sekundes
[02.05.2020 18:29:14] Sūtam intars viņa statistiku
[02.05.2020 18:29:24] intars tikko atvienojās no servera, saglabājam viņa spēles datus.
[02.05.2020 18:36:14] Jauns savienojums pieņemts [127.0.0.1:52221]
[02.05.2020 18:36:14] Spēlētājs Tests tikko reģistrējās
[02.05.2020 18:36:14] Sūtam Tests viņa statistiku
[02.05.2020 18:36:54] Saņēmām spēles datus no Tests: 11 punkti, 18,75 sekundes
[02.05.2020 18:36:54] Spēlētājam Tests jauns augstākais punktu skaits vienā spēlē
[02.05.2020 18:37:31] Saņēmām spēles datus no Tests: 18 punkti, 36 sekundes
[02.05.2020 18:37:31] Spēlētājam Tests jauns augstākais punktu skaits vienā spēlē
[02.05.2020 18:37:58] Saņēmām spēles datus no Tests: 10 punkti, 16,35 sekundes
[02.05.2020 18:38:16] Saņēmām spēles datus no Tests: 10 punkti, 17,19 sekundes
[02.05.2020 18:38:34] Saņēmām spēles datus no Tests: 10 punkti, 17,61 sekundes
[02.05.2020 18:38:41] Saņēmām spēles datus no Tests: 5 punkti, 5,72 sekundes
[02.05.2020 18:38:51] Saņēmām spēles datus no Tests: 8 punkti, 9 sekundes
[02.05.2020 18:38:53] Saņēmām spēles datus no Tests: 0 punkti, 1,51 sekundes
[02.05.2020 18:39:08] Saņēmām spēles datus no Tests: 3 punkti, 14,53 sekundes
[02.05.2020 18:39:54] Saņēmām spēles datus no Tests: 10 punkti, 44,54 sekundes
[02.05.2020 18:40:20] Saņēmām spēles datus no Tests: 2 punkti, 25,79 sekundes
[02.05.2020 18:41:31] Saņēmām spēles datus no Tests: 27 punkti, 69,63 sekundes
[02.05.2020 18:41:31] Spēlētājam Tests jauns augstākais punktu skaits vienā spēlē
[02.05.2020 18:41:31] Spēlētājam Tests jauns augstākais punktu skaits vienā minūtē
[02.05.2020 18:41:37] Saņēmām spēles datus no Tests: 4 punkti, 4,41 sekundes
[02.05.2020 18:41:39] Saņēmām spēles datus no Tests: 0 punkti, 2,08 sekundes
[02.05.2020 18:41:43] Saņēmām spēles datus no Tests: 1 punkti, 2,78 sekundes
[02.05.2020 18:42:04] Saņēmām spēles datus no Tests: 8 punkti, 20,51 sekundes
[02.05.2020 18:42:24] Saņēmām spēles datus no Tests: 9 punkti, 19,31 sekundes
[02.05.2020 18:43:03] Saņēmām spēles datus no Tests: 3 punkti, 6,57 sekundes
[02.05.2020 18:43:42] Saņēmām spēles datus no Tests: 22 punkti, 39,03 sekundes
[02.05.2020 18:43:45] Saņēmām spēles datus no Tests: 0 punkti, 1,32 sekundes
[02.05.2020 18:44:18] Saņēmām spēles datus no Tests: 8 punkti, 15,77 sekundes
[02.05.2020 18:44:25] Saņēmām spēles datus no Tests: 3 punkti, 5,82 sekundes
[02.05.2020 18:44:33] Saņēmām spēles datus no Tests: 4 punkti, 7,9 sekundes
[02.05.2020 18:44:57] Saņēmām spēles datus no Tests: 14 punkti, 22,97 sekundes
[02.05.2020 18:45:04] Saņēmām spēles datus no Tests: 3 punkti, 5,96 sekundes
[02.05.2020 18:45:58] Sūtam Tests viņa statistiku
[02.05.2020 18:47:02] Saņēmām spēles datus no Tests: 30 punkti, 59,59 sekundes
[02.05.2020 18:47:02] Spēlētājam Tests jauns augstākais punktu skaits vienā spēlē
[02.05.2020 18:47:02] Spēlētājam Tests jauns augstākais punktu skaits vienā minūtē
[02.05.2020 18:47:57] Sūtam Tests viņa statistiku
[02.05.2020 18:48:04] Saņēmām spēles datus no Tests: 6 punkti, 5,8 sekundes
[02.05.2020 18:48:22] Sūtam Tests viņa statistiku
[02.05.2020 18:48:26] Saņēmām spēles datus no Tests: 1 punkti, 2,81 sekundes
[02.05.2020 18:48:29] Sūtam Tests viņa statistiku
[02.05.2020 18:48:39] Tests tikko atvienojās no servera, saglabājam viņa spēles datus.
